SLURM Environment Variables:
Job ID = 3079168
Job Name = mahout_nb_neg_service
Job Node List = d07n33s[01-02]
Number of Nodes = 2
Tasks per node = 1
CPUs per task = 
/scratch/jobid = /scratch/3079168
Submit Host = k07n14
Submit Directory = /ifs/user/biplapsa/project/mahout/neg_service


Currently Loaded Modulefiles:
  1) null                          4) hadoop/0.20.1
  2) modules                       5) myhadoop/0.2a/hadoop-0.20.1
  3) java/j2sdk/1.6.0_22           6) mahout/0.8
MY_HADOOP_HOME=/util/myhadoop/myHadoop-0.2a
HADOOP_HOME=/util/hadoop/hadoop-0.20.1
MAHOUT_HOME=/util/mahout/mahout-distribution-0.8
MyHadoop config directory=/ifs/user/biplapsa/project/mahout/neg_service/config
Set up the configurations for myHadoop
Number of nodes in nodelist=2
Number of Hadoop nodes requested: 2
Generation Hadoop configuration in directory: /ifs/user/biplapsa/project/mahout/neg_service/config
Not persisting HDFS state
Received 2 nodes from PBS
Master is: d07n33s01
Configuring node: d07n33s01
rm -rf /scratch/hadoop-biplapsa/log; mkdir -p /scratch/hadoop-biplapsa/log
rm -rf /scratch/hadoop-biplapsa/data; mkdir -p /scratch/hadoop-biplapsa/data
Configuring node: d07n33s02
rm -rf /scratch/hadoop-biplapsa/log; mkdir -p /scratch/hadoop-biplapsa/log
rm -rf /scratch/hadoop-biplapsa/data; mkdir -p /scratch/hadoop-biplapsa/data

Format HDFS
14/11/27 20:13:41 INFO namenode.NameNode: STARTUP_MSG: 
/************************************************************
STARTUP_MSG: Starting NameNode
STARTUP_MSG:   host = d07n33s01/10.104.7.33
STARTUP_MSG:   args = [-format]
STARTUP_MSG:   version = 0.20.1
STARTUP_MSG:   build = http://svn.apache.org/repos/asf/hadoop/common/tags/release-0.20.1-rc1 -r 810220; compiled by 'oom' on Tue Sep  1 20:55:56 UTC 2009
************************************************************/
14/11/27 20:13:41 INFO namenode.FSNamesystem: fsOwner=biplapsa,cse722f14,u2,cse603f14
14/11/27 20:13:41 INFO namenode.FSNamesystem: supergroup=supergroup
14/11/27 20:13:41 INFO namenode.FSNamesystem: isPermissionEnabled=true
14/11/27 20:13:41 INFO common.Storage: Image file of size 98 saved in 0 seconds.
14/11/27 20:13:41 INFO common.Storage: Storage directory /scratch/hadoop-biplapsa/data/dfs/name has been successfully formatted.
14/11/27 20:13:41 INFO namenode.NameNode: SHUTDOWN_MSG: 
/************************************************************
SHUTDOWN_MSG: Shutting down NameNode at d07n33s01/10.104.7.33
************************************************************/

start dfs
starting namenode, logging to /scratch/hadoop-biplapsa/log/hadoop-biplapsa_d07n33s01-namenode-d07n33s01.out
d07n33s01: starting datanode, logging to /scratch/hadoop-biplapsa/log/hadoop-biplapsa_d07n33s01-datanode-d07n33s01.out
d07n33s02: starting datanode, logging to /scratch/hadoop-biplapsa/log/hadoop-biplapsa_d07n33s02-datanode-d07n33s02.out
d07n33s01: starting secondarynamenode, logging to /scratch/hadoop-biplapsa/log/hadoop-biplapsa_d07n33s01-secondarynamenode-d07n33s01.out

start jobtracker (mapred)
starting jobtracker, logging to /scratch/hadoop-biplapsa/log/hadoop-biplapsa_d07n33s01-jobtracker-d07n33s01.out
d07n33s01: starting tasktracker, logging to /scratch/hadoop-biplapsa/log/hadoop-biplapsa_d07n33s01-tasktracker-d07n33s01.out
d07n33s02: starting tasktracker, logging to /scratch/hadoop-biplapsa/log/hadoop-biplapsa_d07n33s02-tasktracker-d07n33s02.out

------- make directory ----
------- copy training data to dfs---
------- list files in dfs---
Found 1 items
drwxr-xr-x   - biplapsa supergroup          0 2014-11-27 20:14 /data/sentiments-seq
-------Using mahout to transform the training data into vectors using tfidf weights ---
CLASSPATH with MAHOUT=:/util/mahout/mahout-distribution-0.8/src/conf
MAHOUT_LOCAL is not set; adding HADOOP_CONF_DIR to classpath.
CLASSPATH with HADOOP=:/util/mahout/mahout-distribution-0.8/src/conf:/ifs/user/biplapsa/project/mahout/neg_service/config
CLASSPATH with JAVA=:/util/mahout/mahout-distribution-0.8/src/conf:/ifs/user/biplapsa/project/mahout/neg_service/config:/util/java/jdk1.6.0_22//lib/tools.jar
Running on hadoop, using /util/hadoop/hadoop-0.20.1/bin/hadoop and HADOOP_CONF_DIR=/ifs/user/biplapsa/project/mahout/neg_service/config
MAHOUT-JOB: /util/mahout/mahout-distribution-0.8/examples/target/mahout-examples-0.8-job.jar
14/11/27 20:14:44 INFO vectorizer.SparseVectorsFromSequenceFiles: Maximum n-gram size is: 1
14/11/27 20:14:44 INFO vectorizer.SparseVectorsFromSequenceFiles: Minimum LLR value: 1.0
14/11/27 20:14:44 INFO vectorizer.SparseVectorsFromSequenceFiles: Number of reduce tasks: 1
14/11/27 20:14:44 INFO vectorizer.SparseVectorsFromSequenceFiles: Tokenizing documents in /data/sentiments-seq
14/11/27 20:14:45 INFO input.FileInputFormat: Total input paths to process : 1
14/11/27 20:14:46 INFO mapred.JobClient: Running job: job_201411272014_0001
14/11/27 20:14:47 INFO mapred.JobClient:  map 0% reduce 0%
14/11/27 20:15:03 INFO mapred.JobClient:  map 22% reduce 0%
14/11/27 20:15:06 INFO mapred.JobClient:  map 36% reduce 0%
14/11/27 20:15:08 INFO mapred.JobClient:  map 64% reduce 0%
14/11/27 20:15:09 INFO mapred.JobClient:  map 68% reduce 0%
14/11/27 20:15:11 INFO mapred.JobClient:  map 73% reduce 0%
14/11/27 20:15:12 INFO mapred.JobClient:  map 88% reduce 0%
14/11/27 20:15:14 INFO mapred.JobClient:  map 93% reduce 0%
14/11/27 20:15:15 INFO mapred.JobClient:  map 97% reduce 0%
14/11/27 20:15:20 INFO mapred.JobClient:  map 100% reduce 0%
14/11/27 20:15:22 INFO mapred.JobClient: Job complete: job_201411272014_0001
14/11/27 20:15:22 INFO mapred.JobClient: Counters: 7
14/11/27 20:15:22 INFO mapred.JobClient:   Job Counters 
14/11/27 20:15:22 INFO mapred.JobClient:     Rack-local map tasks=2
14/11/27 20:15:22 INFO mapred.JobClient:     Launched map tasks=5
14/11/27 20:15:22 INFO mapred.JobClient:     Data-local map tasks=3
14/11/27 20:15:22 INFO mapred.JobClient:   FileSystemCounters
14/11/27 20:15:22 INFO mapred.JobClient:     HDFS_BYTES_READ=570161586
14/11/27 20:15:22 INFO mapred.JobClient:     HDFS_BYTES_WRITTEN=446299910
14/11/27 20:15:22 INFO mapred.JobClient:   Map-Reduce Framework
14/11/27 20:15:22 INFO mapred.JobClient:     Map input records=754618
14/11/27 20:15:22 INFO mapred.JobClient:     Spilled Records=0
14/11/27 20:15:22 INFO vectorizer.SparseVectorsFromSequenceFiles: Creating Term Frequency Vectors
14/11/27 20:15:22 INFO vectorizer.DictionaryVectorizer: Creating dictionary from /data/sentiments-vectors/tokenized-documents and saving at /data/sentiments-vectors/wordcount
14/11/27 20:15:22 INFO input.FileInputFormat: Total input paths to process : 5
14/11/27 20:15:23 INFO mapred.JobClient: Running job: job_201411272014_0002
14/11/27 20:15:24 INFO mapred.JobClient:  map 0% reduce 0%
14/11/27 20:15:41 INFO mapred.JobClient:  map 27% reduce 0%
14/11/27 20:15:44 INFO mapred.JobClient:  map 32% reduce 0%
14/11/27 20:15:45 INFO mapred.JobClient:  map 40% reduce 0%
14/11/27 20:15:47 INFO mapred.JobClient:  map 45% reduce 0%
14/11/27 20:15:48 INFO mapred.JobClient:  map 50% reduce 0%
14/11/27 20:15:50 INFO mapred.JobClient:  map 55% reduce 6%
14/11/27 20:15:51 INFO mapred.JobClient:  map 60% reduce 6%
14/11/27 20:15:53 INFO mapred.JobClient:  map 65% reduce 6%
14/11/27 20:15:54 INFO mapred.JobClient:  map 70% reduce 6%
14/11/27 20:15:56 INFO mapred.JobClient:  map 75% reduce 6%
14/11/27 20:15:57 INFO mapred.JobClient:  map 80% reduce 6%
14/11/27 20:15:59 INFO mapred.JobClient:  map 85% reduce 6%
14/11/27 20:16:00 INFO mapred.JobClient:  map 90% reduce 6%
14/11/27 20:16:02 INFO mapred.JobClient:  map 92% reduce 6%
14/11/27 20:16:03 INFO mapred.JobClient:  map 97% reduce 6%
14/11/27 20:16:06 INFO mapred.JobClient:  map 100% reduce 6%
14/11/27 20:16:14 INFO mapred.JobClient:  map 100% reduce 20%
14/11/27 20:16:20 INFO mapred.JobClient:  map 100% reduce 100%
14/11/27 20:16:22 INFO mapred.JobClient: Job complete: job_201411272014_0002
14/11/27 20:16:22 INFO mapred.JobClient: Counters: 18
14/11/27 20:16:22 INFO mapred.JobClient:   Job Counters 
14/11/27 20:16:22 INFO mapred.JobClient:     Launched reduce tasks=1
14/11/27 20:16:22 INFO mapred.JobClient:     Rack-local map tasks=1
14/11/27 20:16:22 INFO mapred.JobClient:     Launched map tasks=5
14/11/27 20:16:22 INFO mapred.JobClient:     Data-local map tasks=4
14/11/27 20:16:22 INFO mapred.JobClient:   FileSystemCounters
14/11/27 20:16:22 INFO mapred.JobClient:     FILE_BYTES_READ=116420625
14/11/27 20:16:22 INFO mapred.JobClient:     HDFS_BYTES_READ=446299910
14/11/27 20:16:22 INFO mapred.JobClient:     FILE_BYTES_WRITTEN=125370986
14/11/27 20:16:22 INFO mapred.JobClient:     HDFS_BYTES_WRITTEN=2748364
14/11/27 20:16:22 INFO mapred.JobClient:   Map-Reduce Framework
14/11/27 20:16:22 INFO mapred.JobClient:     Reduce input groups=0
14/11/27 20:16:22 INFO mapred.JobClient:     Combine output records=3789005
14/11/27 20:16:22 INFO mapred.JobClient:     Map input records=754618
14/11/27 20:16:22 INFO mapred.JobClient:     Reduce shuffle bytes=6963664
14/11/27 20:16:22 INFO mapred.JobClient:     Reduce output records=0
14/11/27 20:16:22 INFO mapred.JobClient:     Spilled Records=7007876
14/11/27 20:16:22 INFO mapred.JobClient:     Map output bytes=717656138
14/11/27 20:16:22 INFO mapred.JobClient:     Combine input records=53858996
14/11/27 20:16:22 INFO mapred.JobClient:     Map output records=50551543
14/11/27 20:16:22 INFO mapred.JobClient:     Reduce input records=481552
14/11/27 20:16:23 INFO input.FileInputFormat: Total input paths to process : 5
14/11/27 20:16:24 INFO mapred.JobClient: Running job: job_201411272014_0003
14/11/27 20:16:25 INFO mapred.JobClient:  map 0% reduce 0%
14/11/27 20:16:39 INFO mapred.JobClient:  map 20% reduce 0%
14/11/27 20:16:42 INFO mapred.JobClient:  map 40% reduce 0%
14/11/27 20:16:45 INFO mapred.JobClient:  map 52% reduce 0%
14/11/27 20:16:46 INFO mapred.JobClient:  map 73% reduce 0%
14/11/27 20:16:48 INFO mapred.JobClient:  map 80% reduce 6%
14/11/27 20:16:49 INFO mapred.JobClient:  map 92% reduce 6%
14/11/27 20:16:52 INFO mapred.JobClient:  map 100% reduce 6%
14/11/27 20:16:57 INFO mapred.JobClient:  map 100% reduce 20%
14/11/27 20:17:03 INFO mapred.JobClient:  map 100% reduce 33%
14/11/27 20:17:06 INFO mapred.JobClient:  map 100% reduce 67%
14/11/27 20:17:09 INFO mapred.JobClient:  map 100% reduce 69%
14/11/27 20:17:12 INFO mapred.JobClient:  map 100% reduce 71%
14/11/27 20:17:15 INFO mapred.JobClient:  map 100% reduce 73%
14/11/27 20:17:18 INFO mapred.JobClient:  map 100% reduce 75%
14/11/27 20:17:21 INFO mapred.JobClient:  map 100% reduce 77%
14/11/27 20:17:24 INFO mapred.JobClient:  map 100% reduce 79%
14/11/27 20:17:27 INFO mapred.JobClient:  map 100% reduce 81%
14/11/27 20:17:30 INFO mapred.JobClient:  map 100% reduce 83%
14/11/27 20:17:33 INFO mapred.JobClient:  map 100% reduce 85%
14/11/27 20:17:36 INFO mapred.JobClient:  map 100% reduce 87%
14/11/27 20:17:39 INFO mapred.JobClient:  map 100% reduce 90%
14/11/27 20:17:42 INFO mapred.JobClient:  map 100% reduce 92%
14/11/27 20:17:45 INFO mapred.JobClient:  map 100% reduce 94%
14/11/27 20:17:48 INFO mapred.JobClient:  map 100% reduce 96%
14/11/27 20:17:51 INFO mapred.JobClient:  map 100% reduce 98%
14/11/27 20:17:57 INFO mapred.JobClient:  map 100% reduce 100%
14/11/27 20:17:59 INFO mapred.JobClient: Job complete: job_201411272014_0003
14/11/27 20:17:59 INFO mapred.JobClient: Counters: 19
14/11/27 20:17:59 INFO mapred.JobClient:   Job Counters 
14/11/27 20:17:59 INFO mapred.JobClient:     Launched reduce tasks=1
14/11/27 20:17:59 INFO mapred.JobClient:     Rack-local map tasks=1
14/11/27 20:17:59 INFO mapred.JobClient:     Launched map tasks=5
14/11/27 20:17:59 INFO mapred.JobClient:     Data-local map tasks=4
14/11/27 20:17:59 INFO mapred.JobClient:   TFPartialVectorReducer
14/11/27 20:17:59 INFO mapred.JobClient:     emptyVectorCount=67
14/11/27 20:17:59 INFO mapred.JobClient:   FileSystemCounters
14/11/27 20:17:59 INFO mapred.JobClient:     FILE_BYTES_READ=855319364
14/11/27 20:17:59 INFO mapred.JobClient:     HDFS_BYTES_READ=446299910
14/11/27 20:17:59 INFO mapred.JobClient:     FILE_BYTES_WRITTEN=1292328829
14/11/27 20:17:59 INFO mapred.JobClient:     HDFS_BYTES_WRITTEN=614332034
14/11/27 20:17:59 INFO mapred.JobClient:   Map-Reduce Framework
14/11/27 20:17:59 INFO mapred.JobClient:     Reduce input groups=0
14/11/27 20:17:59 INFO mapred.JobClient:     Combine output records=0
14/11/27 20:17:59 INFO mapred.JobClient:     Map input records=754618
14/11/27 20:17:59 INFO mapred.JobClient:     Reduce shuffle bytes=336009783
14/11/27 20:17:59 INFO mapred.JobClient:     Reduce output records=0
14/11/27 20:17:59 INFO mapred.JobClient:     Spilled Records=2219552
14/11/27 20:17:59 INFO mapred.JobClient:     Map output bytes=436667221
14/11/27 20:17:59 INFO mapred.JobClient:     Combine input records=0
14/11/27 20:17:59 INFO mapred.JobClient:     Map output records=754618
14/11/27 20:17:59 INFO mapred.JobClient:     Reduce input records=754618
14/11/27 20:17:59 INFO input.FileInputFormat: Total input paths to process : 1
14/11/27 20:18:00 INFO mapred.JobClient: Running job: job_201411272014_0004
14/11/27 20:18:01 INFO mapred.JobClient:  map 0% reduce 0%
14/11/27 20:18:18 INFO mapred.JobClient:  map 39% reduce 0%
14/11/27 20:18:21 INFO mapred.JobClient:  map 60% reduce 0%
14/11/27 20:18:22 INFO mapred.JobClient:  map 92% reduce 0%
14/11/27 20:18:25 INFO mapred.JobClient:  map 100% reduce 0%
14/11/27 20:18:30 INFO mapred.JobClient:  map 100% reduce 13%
14/11/27 20:18:33 INFO mapred.JobClient:  map 100% reduce 26%
14/11/27 20:18:36 INFO mapred.JobClient:  map 100% reduce 67%
14/11/27 20:18:39 INFO mapred.JobClient:  map 100% reduce 70%
14/11/27 20:18:42 INFO mapred.JobClient:  map 100% reduce 73%
14/11/27 20:18:45 INFO mapred.JobClient:  map 100% reduce 76%
14/11/27 20:18:48 INFO mapred.JobClient:  map 100% reduce 79%
14/11/27 20:18:51 INFO mapred.JobClient:  map 100% reduce 82%
14/11/27 20:18:54 INFO mapred.JobClient:  map 100% reduce 85%
14/11/27 20:18:57 INFO mapred.JobClient:  map 100% reduce 88%
14/11/27 20:19:00 INFO mapred.JobClient:  map 100% reduce 91%
14/11/27 20:19:03 INFO mapred.JobClient:  map 100% reduce 95%
14/11/27 20:19:06 INFO mapred.JobClient:  map 100% reduce 98%
14/11/27 20:19:12 INFO mapred.JobClient:  map 100% reduce 100%
14/11/27 20:19:14 INFO mapred.JobClient: Job complete: job_201411272014_0004
14/11/27 20:19:14 INFO mapred.JobClient: Counters: 18
14/11/27 20:19:14 INFO mapred.JobClient:   Job Counters 
14/11/27 20:19:14 INFO mapred.JobClient:     Launched reduce tasks=1
14/11/27 20:19:14 INFO mapred.JobClient:     Rack-local map tasks=2
14/11/27 20:19:14 INFO mapred.JobClient:     Launched map tasks=5
14/11/27 20:19:14 INFO mapred.JobClient:     Data-local map tasks=3
14/11/27 20:19:14 INFO mapred.JobClient:   FileSystemCounters
14/11/27 20:19:14 INFO mapred.JobClient:     FILE_BYTES_READ=1136434968
14/11/27 20:19:14 INFO mapred.JobClient:     HDFS_BYTES_READ=614340151
14/11/27 20:19:14 INFO mapred.JobClient:     FILE_BYTES_WRITTEN=1742882200
14/11/27 20:19:14 INFO mapred.JobClient:     HDFS_BYTES_WRITTEN=614332034
14/11/27 20:19:14 INFO mapred.JobClient:   Map-Reduce Framework
14/11/27 20:19:14 INFO mapred.JobClient:     Reduce input groups=0
14/11/27 20:19:14 INFO mapred.JobClient:     Combine output records=0
14/11/27 20:19:14 INFO mapred.JobClient:     Map input records=754551
14/11/27 20:19:14 INFO mapred.JobClient:     Reduce shuffle bytes=473981473
14/11/27 20:19:14 INFO mapred.JobClient:     Reduce output records=0
14/11/27 20:19:14 INFO mapred.JobClient:     Spilled Records=2167366
14/11/27 20:19:14 INFO mapred.JobClient:     Map output bytes=603605116
14/11/27 20:19:14 INFO mapred.JobClient:     Combine input records=0
14/11/27 20:19:14 INFO mapred.JobClient:     Map output records=754551
14/11/27 20:19:14 INFO mapred.JobClient:     Reduce input records=754551
14/11/27 20:19:14 INFO common.HadoopUtil: Deleting /data/sentiments-vectors/partial-vectors-0
14/11/27 20:19:14 INFO vectorizer.SparseVectorsFromSequenceFiles: Calculating IDF
14/11/27 20:19:14 INFO input.FileInputFormat: Total input paths to process : 1
14/11/27 20:19:15 INFO mapred.JobClient: Running job: job_201411272014_0005
14/11/27 20:19:16 INFO mapred.JobClient:  map 0% reduce 0%
14/11/27 20:19:33 INFO mapred.JobClient:  map 16% reduce 0%
14/11/27 20:19:36 INFO mapred.JobClient:  map 26% reduce 0%
14/11/27 20:19:37 INFO mapred.JobClient:  map 41% reduce 0%
14/11/27 20:19:39 INFO mapred.JobClient:  map 58% reduce 0%
14/11/27 20:19:42 INFO mapred.JobClient:  map 68% reduce 0%
14/11/27 20:19:43 INFO mapred.JobClient:  map 76% reduce 0%
14/11/27 20:19:45 INFO mapred.JobClient:  map 86% reduce 0%
14/11/27 20:19:46 INFO mapred.JobClient:  map 89% reduce 0%
14/11/27 20:19:48 INFO mapred.JobClient:  map 94% reduce 0%
14/11/27 20:19:49 INFO mapred.JobClient:  map 98% reduce 0%
14/11/27 20:19:52 INFO mapred.JobClient:  map 100% reduce 6%
14/11/27 20:20:01 INFO mapred.JobClient:  map 100% reduce 100%
14/11/27 20:20:03 INFO mapred.JobClient: Job complete: job_201411272014_0005
14/11/27 20:20:03 INFO mapred.JobClient: Counters: 18
14/11/27 20:20:03 INFO mapred.JobClient:   Job Counters 
14/11/27 20:20:03 INFO mapred.JobClient:     Launched reduce tasks=1
14/11/27 20:20:03 INFO mapred.JobClient:     Rack-local map tasks=2
14/11/27 20:20:03 INFO mapred.JobClient:     Launched map tasks=5
14/11/27 20:20:03 INFO mapred.JobClient:     Data-local map tasks=3
14/11/27 20:20:03 INFO mapred.JobClient:   FileSystemCounters
14/11/27 20:20:03 INFO mapred.JobClient:     FILE_BYTES_READ=81336794
14/11/27 20:20:03 INFO mapred.JobClient:     HDFS_BYTES_READ=614340151
14/11/27 20:20:03 INFO mapred.JobClient:     FILE_BYTES_WRITTEN=86447278
14/11/27 20:20:03 INFO mapred.JobClient:     HDFS_BYTES_WRITTEN=2247493
14/11/27 20:20:03 INFO mapred.JobClient:   Map-Reduce Framework
14/11/27 20:20:03 INFO mapred.JobClient:     Reduce input groups=0
14/11/27 20:20:03 INFO mapred.JobClient:     Combine output records=3336646
14/11/27 20:20:03 INFO mapred.JobClient:     Map input records=754551
14/11/27 20:20:03 INFO mapred.JobClient:     Reduce shuffle bytes=5110324
14/11/27 20:20:03 INFO mapred.JobClient:     Reduce output records=0
14/11/27 20:20:03 INFO mapred.JobClient:     Spilled Records=6174699
14/11/27 20:20:03 INFO mapred.JobClient:     Map output bytes=614284092
14/11/27 20:20:03 INFO mapred.JobClient:     Combine input records=54161966
14/11/27 20:20:03 INFO mapred.JobClient:     Map output records=51190341
14/11/27 20:20:03 INFO mapred.JobClient:     Reduce input records=365021
14/11/27 20:20:03 INFO vectorizer.SparseVectorsFromSequenceFiles: Pruning
14/11/27 20:20:04 INFO input.FileInputFormat: Total input paths to process : 1
14/11/27 20:20:04 INFO mapred.JobClient: Running job: job_201411272014_0006
14/11/27 20:20:05 INFO mapred.JobClient:  map 0% reduce 0%
14/11/27 20:20:21 INFO mapred.JobClient:  map 39% reduce 0%
14/11/27 20:20:24 INFO mapred.JobClient:  map 45% reduce 0%
14/11/27 20:20:26 INFO mapred.JobClient:  map 78% reduce 0%
14/11/27 20:20:27 INFO mapred.JobClient:  map 89% reduce 0%
14/11/27 20:20:29 INFO mapred.JobClient:  map 91% reduce 0%
14/11/27 20:20:30 INFO mapred.JobClient:  map 95% reduce 0%
14/11/27 20:20:32 INFO mapred.JobClient:  map 99% reduce 0%
14/11/27 20:20:38 INFO mapred.JobClient:  map 99% reduce 6%
14/11/27 20:20:44 INFO mapred.JobClient:  map 100% reduce 6%
14/11/27 20:20:47 INFO mapred.JobClient:  map 100% reduce 26%
14/11/27 20:21:15 INFO mapred.JobClient:  map 100% reduce 33%
14/11/27 20:21:24 INFO mapred.JobClient:  map 100% reduce 67%
14/11/27 20:21:27 INFO mapred.JobClient:  map 100% reduce 71%
14/11/27 20:21:30 INFO mapred.JobClient:  map 100% reduce 74%
14/11/27 20:21:33 INFO mapred.JobClient:  map 100% reduce 78%
14/11/27 20:21:36 INFO mapred.JobClient:  map 100% reduce 81%
14/11/27 20:21:39 INFO mapred.JobClient:  map 100% reduce 85%
14/11/27 20:21:42 INFO mapred.JobClient:  map 100% reduce 88%
14/11/27 20:21:45 INFO mapred.JobClient:  map 100% reduce 92%
14/11/27 20:21:48 INFO mapred.JobClient:  map 100% reduce 96%
14/11/27 20:21:54 INFO mapred.JobClient:  map 100% reduce 100%
14/11/27 20:21:56 INFO mapred.JobClient: Job complete: job_201411272014_0006
14/11/27 20:21:56 INFO mapred.JobClient: Counters: 18
14/11/27 20:21:56 INFO mapred.JobClient:   Job Counters 
14/11/27 20:21:56 INFO mapred.JobClient:     Launched reduce tasks=1
14/11/27 20:21:56 INFO mapred.JobClient:     Rack-local map tasks=3
14/11/27 20:21:56 INFO mapred.JobClient:     Launched map tasks=5
14/11/27 20:21:56 INFO mapred.JobClient:     Data-local map tasks=2
14/11/27 20:21:56 INFO mapred.JobClient:   FileSystemCounters
14/11/27 20:21:56 INFO mapred.JobClient:     FILE_BYTES_READ=306011447
14/11/27 20:21:56 INFO mapred.JobClient:     HDFS_BYTES_READ=614340151
14/11/27 20:21:56 INFO mapred.JobClient:     FILE_BYTES_WRITTEN=465796663
14/11/27 20:21:56 INFO mapred.JobClient:     HDFS_BYTES_WRITTEN=614332034
14/11/27 20:21:56 INFO mapred.JobClient:   Map-Reduce Framework
14/11/27 20:21:56 INFO mapred.JobClient:     Reduce input groups=0
14/11/27 20:21:56 INFO mapred.JobClient:     Combine output records=0
14/11/27 20:21:56 INFO mapred.JobClient:     Map input records=754551
14/11/27 20:21:56 INFO mapred.JobClient:     Reduce shuffle bytes=126732493
14/11/27 20:21:56 INFO mapred.JobClient:     Reduce output records=0
14/11/27 20:21:56 INFO mapred.JobClient:     Spilled Records=2167366
14/11/27 20:21:56 INFO mapred.JobClient:     Map output bytes=603605116
14/11/27 20:21:56 INFO mapred.JobClient:     Combine input records=0
14/11/27 20:21:56 INFO mapred.JobClient:     Map output records=754551
14/11/27 20:21:56 INFO mapred.JobClient:     Reduce input records=754551
14/11/27 20:21:56 INFO input.FileInputFormat: Total input paths to process : 1
14/11/27 20:21:57 INFO mapred.JobClient: Running job: job_201411272014_0007
14/11/27 20:21:58 INFO mapred.JobClient:  map 0% reduce 0%
14/11/27 20:22:15 INFO mapred.JobClient:  map 39% reduce 0%
14/11/27 20:22:18 INFO mapred.JobClient:  map 59% reduce 0%
14/11/27 20:22:19 INFO mapred.JobClient:  map 92% reduce 0%
14/11/27 20:22:22 INFO mapred.JobClient:  map 100% reduce 0%
14/11/27 20:22:28 INFO mapred.JobClient:  map 100% reduce 6%
14/11/27 20:22:31 INFO mapred.JobClient:  map 100% reduce 26%
14/11/27 20:22:34 INFO mapred.JobClient:  map 100% reduce 66%
14/11/27 20:22:37 INFO mapred.JobClient:  map 100% reduce 70%
14/11/27 20:22:40 INFO mapred.JobClient:  map 100% reduce 75%
14/11/27 20:22:43 INFO mapred.JobClient:  map 100% reduce 79%
14/11/27 20:22:46 INFO mapred.JobClient:  map 100% reduce 83%
14/11/27 20:22:49 INFO mapred.JobClient:  map 100% reduce 88%
14/11/27 20:22:52 INFO mapred.JobClient:  map 100% reduce 92%
14/11/27 20:22:58 INFO mapred.JobClient:  map 100% reduce 100%
14/11/27 20:23:00 INFO mapred.JobClient: Job complete: job_201411272014_0007
14/11/27 20:23:00 INFO mapred.JobClient: Counters: 18
14/11/27 20:23:00 INFO mapred.JobClient:   Job Counters 
14/11/27 20:23:00 INFO mapred.JobClient:     Launched reduce tasks=1
14/11/27 20:23:00 INFO mapred.JobClient:     Rack-local map tasks=2
14/11/27 20:23:00 INFO mapred.JobClient:     Launched map tasks=5
14/11/27 20:23:00 INFO mapred.JobClient:     Data-local map tasks=3
14/11/27 20:23:00 INFO mapred.JobClient:   FileSystemCounters
14/11/27 20:23:00 INFO mapred.JobClient:     FILE_BYTES_READ=1136434968
14/11/27 20:23:00 INFO mapred.JobClient:     HDFS_BYTES_READ=614340151
14/11/27 20:23:00 INFO mapred.JobClient:     FILE_BYTES_WRITTEN=1742882200
14/11/27 20:23:00 INFO mapred.JobClient:     HDFS_BYTES_WRITTEN=614332034
14/11/27 20:23:00 INFO mapred.JobClient:   Map-Reduce Framework
14/11/27 20:23:00 INFO mapred.JobClient:     Reduce input groups=0
14/11/27 20:23:00 INFO mapred.JobClient:     Combine output records=0
14/11/27 20:23:00 INFO mapred.JobClient:     Map input records=754551
14/11/27 20:23:00 INFO mapred.JobClient:     Reduce shuffle bytes=473977280
14/11/27 20:23:00 INFO mapred.JobClient:     Reduce output records=0
14/11/27 20:23:00 INFO mapred.JobClient:     Spilled Records=2167366
14/11/27 20:23:00 INFO mapred.JobClient:     Map output bytes=603605116
14/11/27 20:23:00 INFO mapred.JobClient:     Combine input records=0
14/11/27 20:23:00 INFO mapred.JobClient:     Map output records=754551
14/11/27 20:23:00 INFO mapred.JobClient:     Reduce input records=754551
14/11/27 20:23:00 INFO common.HadoopUtil: Deleting /data/sentiments-vectors/tf-vectors-partial
14/11/27 20:23:00 INFO common.HadoopUtil: Deleting /data/sentiments-vectors/tf-vectors-toprune
14/11/27 20:23:00 INFO input.FileInputFormat: Total input paths to process : 1
14/11/27 20:23:01 INFO mapred.JobClient: Running job: job_201411272014_0008
14/11/27 20:23:02 INFO mapred.JobClient:  map 0% reduce 0%
14/11/27 20:23:19 INFO mapred.JobClient:  map 39% reduce 0%
14/11/27 20:23:22 INFO mapred.JobClient:  map 92% reduce 0%
14/11/27 20:23:25 INFO mapred.JobClient:  map 99% reduce 0%
14/11/27 20:23:28 INFO mapred.JobClient:  map 100% reduce 0%
14/11/27 20:23:31 INFO mapred.JobClient:  map 100% reduce 13%
14/11/27 20:23:34 INFO mapred.JobClient:  map 100% reduce 26%
14/11/27 20:23:37 INFO mapred.JobClient:  map 100% reduce 67%
14/11/27 20:23:40 INFO mapred.JobClient:  map 100% reduce 69%
14/11/27 20:23:43 INFO mapred.JobClient:  map 100% reduce 73%
14/11/27 20:23:46 INFO mapred.JobClient:  map 100% reduce 76%
14/11/27 20:23:49 INFO mapred.JobClient:  map 100% reduce 79%
14/11/27 20:23:52 INFO mapred.JobClient:  map 100% reduce 82%
14/11/27 20:23:55 INFO mapred.JobClient:  map 100% reduce 84%
14/11/27 20:23:58 INFO mapred.JobClient:  map 100% reduce 87%
14/11/27 20:24:01 INFO mapred.JobClient:  map 100% reduce 90%
14/11/27 20:24:04 INFO mapred.JobClient:  map 100% reduce 93%
14/11/27 20:24:07 INFO mapred.JobClient:  map 100% reduce 96%
14/11/27 20:24:13 INFO mapred.JobClient:  map 100% reduce 100%
14/11/27 20:24:15 INFO mapred.JobClient: Job complete: job_201411272014_0008
14/11/27 20:24:15 INFO mapred.JobClient: Counters: 18
14/11/27 20:24:15 INFO mapred.JobClient:   Job Counters 
14/11/27 20:24:15 INFO mapred.JobClient:     Launched reduce tasks=1
14/11/27 20:24:15 INFO mapred.JobClient:     Rack-local map tasks=3
14/11/27 20:24:15 INFO mapred.JobClient:     Launched map tasks=5
14/11/27 20:24:15 INFO mapred.JobClient:     Data-local map tasks=2
14/11/27 20:24:15 INFO mapred.JobClient:   FileSystemCounters
14/11/27 20:24:15 INFO mapred.JobClient:     FILE_BYTES_READ=1138700009
14/11/27 20:24:15 INFO mapred.JobClient:     HDFS_BYTES_READ=614340151
14/11/27 20:24:15 INFO mapred.JobClient:     FILE_BYTES_WRITTEN=1742882200
14/11/27 20:24:15 INFO mapred.JobClient:     HDFS_BYTES_WRITTEN=614332034
14/11/27 20:24:15 INFO mapred.JobClient:   Map-Reduce Framework
14/11/27 20:24:15 INFO mapred.JobClient:     Reduce input groups=0
14/11/27 20:24:15 INFO mapred.JobClient:     Combine output records=0
14/11/27 20:24:15 INFO mapred.JobClient:     Map input records=754551
14/11/27 20:24:15 INFO mapred.JobClient:     Reduce shuffle bytes=473981473
14/11/27 20:24:15 INFO mapred.JobClient:     Reduce output records=0
14/11/27 20:24:15 INFO mapred.JobClient:     Spilled Records=2167366
14/11/27 20:24:15 INFO mapred.JobClient:     Map output bytes=603605116
14/11/27 20:24:15 INFO mapred.JobClient:     Combine input records=0
14/11/27 20:24:15 INFO mapred.JobClient:     Map output records=754551
14/11/27 20:24:15 INFO mapred.JobClient:     Reduce input records=754551
14/11/27 20:24:15 INFO input.FileInputFormat: Total input paths to process : 1
14/11/27 20:24:16 INFO mapred.JobClient: Running job: job_201411272014_0009
14/11/27 20:24:17 INFO mapred.JobClient:  map 0% reduce 0%
14/11/27 20:24:34 INFO mapred.JobClient:  map 39% reduce 0%
14/11/27 20:24:37 INFO mapred.JobClient:  map 92% reduce 0%
14/11/27 20:24:40 INFO mapred.JobClient:  map 99% reduce 0%
14/11/27 20:24:43 INFO mapred.JobClient:  map 100% reduce 0%
14/11/27 20:24:46 INFO mapred.JobClient:  map 100% reduce 13%
14/11/27 20:24:49 INFO mapred.JobClient:  map 100% reduce 26%
14/11/27 20:24:52 INFO mapred.JobClient:  map 100% reduce 66%
14/11/27 20:24:55 INFO mapred.JobClient:  map 100% reduce 69%
14/11/27 20:24:58 INFO mapred.JobClient:  map 100% reduce 72%
14/11/27 20:25:01 INFO mapred.JobClient:  map 100% reduce 75%
14/11/27 20:25:04 INFO mapred.JobClient:  map 100% reduce 78%
14/11/27 20:25:07 INFO mapred.JobClient:  map 100% reduce 81%
14/11/27 20:25:10 INFO mapred.JobClient:  map 100% reduce 84%
14/11/27 20:25:13 INFO mapred.JobClient:  map 100% reduce 88%
14/11/27 20:25:16 INFO mapred.JobClient:  map 100% reduce 91%
14/11/27 20:25:19 INFO mapred.JobClient:  map 100% reduce 94%
14/11/27 20:25:22 INFO mapred.JobClient:  map 100% reduce 98%
14/11/27 20:25:28 INFO mapred.JobClient:  map 100% reduce 100%
14/11/27 20:25:30 INFO mapred.JobClient: Job complete: job_201411272014_0009
14/11/27 20:25:30 INFO mapred.JobClient: Counters: 18
14/11/27 20:25:30 INFO mapred.JobClient:   Job Counters 
14/11/27 20:25:30 INFO mapred.JobClient:     Launched reduce tasks=1
14/11/27 20:25:30 INFO mapred.JobClient:     Rack-local map tasks=2
14/11/27 20:25:30 INFO mapred.JobClient:     Launched map tasks=5
14/11/27 20:25:30 INFO mapred.JobClient:     Data-local map tasks=3
14/11/27 20:25:30 INFO mapred.JobClient:   FileSystemCounters
14/11/27 20:25:30 INFO mapred.JobClient:     FILE_BYTES_READ=1136434968
14/11/27 20:25:30 INFO mapred.JobClient:     HDFS_BYTES_READ=614340151
14/11/27 20:25:30 INFO mapred.JobClient:     FILE_BYTES_WRITTEN=1742882200
14/11/27 20:25:30 INFO mapred.JobClient:     HDFS_BYTES_WRITTEN=614332034
14/11/27 20:25:30 INFO mapred.JobClient:   Map-Reduce Framework
14/11/27 20:25:30 INFO mapred.JobClient:     Reduce input groups=0
14/11/27 20:25:30 INFO mapred.JobClient:     Combine output records=0
14/11/27 20:25:30 INFO mapred.JobClient:     Map input records=754551
14/11/27 20:25:30 INFO mapred.JobClient:     Reduce shuffle bytes=473981473
14/11/27 20:25:30 INFO mapred.JobClient:     Reduce output records=0
14/11/27 20:25:30 INFO mapred.JobClient:     Spilled Records=2167366
14/11/27 20:25:30 INFO mapred.JobClient:     Map output bytes=603605116
14/11/27 20:25:30 INFO mapred.JobClient:     Combine input records=0
14/11/27 20:25:30 INFO mapred.JobClient:     Map output records=754551
14/11/27 20:25:30 INFO mapred.JobClient:     Reduce input records=754551
14/11/27 20:25:30 INFO common.HadoopUtil: Deleting /data/sentiments-vectors/partial-vectors-0
14/11/27 20:25:30 INFO driver.MahoutDriver: Program took 646018 ms (Minutes: 10.766966666666667)
-------list directory sentiment-vectors ---
Found 7 items
drwxr-xr-x   - biplapsa supergroup          0 2014-11-27 20:20 /data/sentiments-vectors/df-count
-rw-r--r--   1 biplapsa supergroup    2298935 2014-11-27 20:16 /data/sentiments-vectors/dictionary.file-0
-rw-r--r--   1 biplapsa supergroup    2247473 2014-11-27 20:20 /data/sentiments-vectors/frequency.file-0
drwxr-xr-x   - biplapsa supergroup          0 2014-11-27 20:22 /data/sentiments-vectors/tf-vectors
drwxr-xr-x   - biplapsa supergroup          0 2014-11-27 20:25 /data/sentiments-vectors/tfidf-vectors
drwxr-xr-x   - biplapsa supergroup          0 2014-11-27 20:15 /data/sentiments-vectors/tokenized-documents
drwxr-xr-x   - biplapsa supergroup          0 2014-11-27 20:16 /data/sentiments-vectors/wordcount
 ------Using mahout to splits the sets into two sets: traing and testing sets ---
CLASSPATH with MAHOUT=:/util/mahout/mahout-distribution-0.8/src/conf
MAHOUT_LOCAL is not set; adding HADOOP_CONF_DIR to classpath.
CLASSPATH with HADOOP=:/util/mahout/mahout-distribution-0.8/src/conf:/ifs/user/biplapsa/project/mahout/neg_service/config
CLASSPATH with JAVA=:/util/mahout/mahout-distribution-0.8/src/conf:/ifs/user/biplapsa/project/mahout/neg_service/config:/util/java/jdk1.6.0_22//lib/tools.jar
Running on hadoop, using /util/hadoop/hadoop-0.20.1/bin/hadoop and HADOOP_CONF_DIR=/ifs/user/biplapsa/project/mahout/neg_service/config
MAHOUT-JOB: /util/mahout/mahout-distribution-0.8/examples/target/mahout-examples-0.8-job.jar
14/11/27 20:25:36 WARN driver.MahoutDriver: No split.props found on classpath, will use command-line arguments only
14/11/27 20:25:36 INFO common.AbstractJob: Command line arguments: {--endPhase=[2147483647], --input=[/data/sentiments-vectors/tfidf-vectors], --method=[sequential], --overwrite=null, --randomSelectionPct=[20], --sequenceFiles=null, --startPhase=[0], --tempDir=[temp], --testOutput=[/data/test-vectors], --trainingOutput=[/data/train-vectors]}
14/11/27 20:26:01 INFO utils.SplitInput: part-r-00000 has 3706734 lines
14/11/27 20:26:01 INFO utils.SplitInput: part-r-00000 test split size is 741347 based on random selection percentage 20
14/11/27 20:26:01 INFO util.NativeCodeLoader: Loaded the native-hadoop library
14/11/27 20:26:01 INFO zlib.ZlibFactory: Successfully loaded & initialized native-zlib library
14/11/27 20:26:01 INFO compress.CodecPool: Got brand-new compressor
14/11/27 20:26:01 INFO compress.CodecPool: Got brand-new compressor
14/11/27 20:27:57 INFO utils.SplitInput: file: part-r-00000, input: 3706734 train: 603838, test: 150713 starting at 0
14/11/27 20:27:57 INFO driver.MahoutDriver: Program took 140658 ms (Minutes: 2.3443)
-------Train the classifier on training set---
CLASSPATH with MAHOUT=:/util/mahout/mahout-distribution-0.8/src/conf
MAHOUT_LOCAL is not set; adding HADOOP_CONF_DIR to classpath.
CLASSPATH with HADOOP=:/util/mahout/mahout-distribution-0.8/src/conf:/ifs/user/biplapsa/project/mahout/neg_service/config
CLASSPATH with JAVA=:/util/mahout/mahout-distribution-0.8/src/conf:/ifs/user/biplapsa/project/mahout/neg_service/config:/util/java/jdk1.6.0_22//lib/tools.jar
Running on hadoop, using /util/hadoop/hadoop-0.20.1/bin/hadoop and HADOOP_CONF_DIR=/ifs/user/biplapsa/project/mahout/neg_service/config
MAHOUT-JOB: /util/mahout/mahout-distribution-0.8/examples/target/mahout-examples-0.8-job.jar
14/11/27 20:28:02 WARN driver.MahoutDriver: No trainnb.props found on classpath, will use command-line arguments only
14/11/27 20:28:02 INFO common.AbstractJob: Command line arguments: {--alphaI=[1.0], --endPhase=[2147483647], --extractLabels=null, --input=[/data/train-vectors], --labelIndex=[labelindex], --output=[model], --overwrite=null, --startPhase=[0], --tempDir=[temp], --trainComplementary=null}
14/11/27 20:28:02 INFO util.NativeCodeLoader: Loaded the native-hadoop library
14/11/27 20:28:02 INFO zlib.ZlibFactory: Successfully loaded & initialized native-zlib library
14/11/27 20:28:02 INFO compress.CodecPool: Got brand-new decompressor
14/11/27 20:28:30 INFO input.FileInputFormat: Total input paths to process : 1
14/11/27 20:28:31 INFO mapred.JobClient: Running job: job_201411272014_0010
14/11/27 20:28:32 INFO mapred.JobClient:  map 0% reduce 0%
14/11/27 20:28:49 INFO mapred.JobClient:  map 22% reduce 0%
14/11/27 20:28:52 INFO mapred.JobClient:  map 35% reduce 0%
14/11/27 20:28:53 INFO mapred.JobClient:  map 47% reduce 0%
14/11/27 20:28:55 INFO mapred.JobClient:  map 59% reduce 0%
14/11/27 20:28:56 INFO mapred.JobClient:  map 66% reduce 0%
14/11/27 20:28:58 INFO mapred.JobClient:  map 79% reduce 0%
14/11/27 20:28:59 INFO mapred.JobClient:  map 86% reduce 0%
14/11/27 20:29:01 INFO mapred.JobClient:  map 91% reduce 0%
14/11/27 20:29:02 INFO mapred.JobClient:  map 98% reduce 0%
14/11/27 20:29:05 INFO mapred.JobClient:  map 100% reduce 0%
14/11/27 20:29:13 INFO mapred.JobClient:  map 100% reduce 100%
14/11/27 20:29:15 INFO mapred.JobClient: Job complete: job_201411272014_0010
14/11/27 20:29:15 INFO mapred.JobClient: Counters: 18
14/11/27 20:29:15 INFO mapred.JobClient:   Job Counters 
14/11/27 20:29:15 INFO mapred.JobClient:     Launched reduce tasks=1
14/11/27 20:29:15 INFO mapred.JobClient:     Rack-local map tasks=2
14/11/27 20:29:15 INFO mapred.JobClient:     Launched map tasks=3
14/11/27 20:29:15 INFO mapred.JobClient:     Data-local map tasks=1
14/11/27 20:29:15 INFO mapred.JobClient:   FileSystemCounters
14/11/27 20:29:15 INFO mapred.JobClient:     FILE_BYTES_READ=4299737
14/11/27 20:29:15 INFO mapred.JobClient:     HDFS_BYTES_READ=399737294
14/11/27 20:29:15 INFO mapred.JobClient:     FILE_BYTES_WRITTEN=6449109
14/11/27 20:29:15 INFO mapred.JobClient:     HDFS_BYTES_WRITTEN=1727556
14/11/27 20:29:15 INFO mapred.JobClient:   Map-Reduce Framework
14/11/27 20:29:15 INFO mapred.JobClient:     Reduce input groups=0
14/11/27 20:29:15 INFO mapred.JobClient:     Combine output records=7
14/11/27 20:29:15 INFO mapred.JobClient:     Map input records=603838
14/11/27 20:29:15 INFO mapred.JobClient:     Reduce shuffle bytes=1494212
14/11/27 20:29:15 INFO mapred.JobClient:     Reduce output records=0
14/11/27 20:29:15 INFO mapred.JobClient:     Spilled Records=21
14/11/27 20:29:15 INFO mapred.JobClient:     Map output bytes=444333634
14/11/27 20:29:15 INFO mapred.JobClient:     Combine input records=603838
14/11/27 20:29:15 INFO mapred.JobClient:     Map output records=603838
14/11/27 20:29:15 INFO mapred.JobClient:     Reduce input records=7
14/11/27 20:29:15 INFO input.FileInputFormat: Total input paths to process : 1
14/11/27 20:29:16 INFO mapred.JobClient: Running job: job_201411272014_0011
14/11/27 20:29:17 INFO mapred.JobClient:  map 0% reduce 0%
14/11/27 20:29:28 INFO mapred.JobClient:  map 100% reduce 0%
14/11/27 20:29:40 INFO mapred.JobClient:  map 100% reduce 100%
14/11/27 20:29:42 INFO mapred.JobClient: Job complete: job_201411272014_0011
14/11/27 20:29:42 INFO mapred.JobClient: Counters: 17
14/11/27 20:29:42 INFO mapred.JobClient:   Job Counters 
14/11/27 20:29:42 INFO mapred.JobClient:     Launched reduce tasks=1
14/11/27 20:29:42 INFO mapred.JobClient:     Launched map tasks=1
14/11/27 20:29:42 INFO mapred.JobClient:     Data-local map tasks=1
14/11/27 20:29:42 INFO mapred.JobClient:   FileSystemCounters
14/11/27 20:29:42 INFO mapred.JobClient:     FILE_BYTES_READ=513429
14/11/27 20:29:42 INFO mapred.JobClient:     HDFS_BYTES_READ=1727556
14/11/27 20:29:42 INFO mapred.JobClient:     FILE_BYTES_WRITTEN=1026882
14/11/27 20:29:42 INFO mapred.JobClient:     HDFS_BYTES_WRITTEN=1183410
14/11/27 20:29:42 INFO mapred.JobClient:   Map-Reduce Framework
14/11/27 20:29:42 INFO mapred.JobClient:     Reduce input groups=0
14/11/27 20:29:42 INFO mapred.JobClient:     Combine output records=2
14/11/27 20:29:42 INFO mapred.JobClient:     Map input records=2
14/11/27 20:29:42 INFO mapred.JobClient:     Reduce shuffle bytes=0
14/11/27 20:29:42 INFO mapred.JobClient:     Reduce output records=0
14/11/27 20:29:42 INFO mapred.JobClient:     Spilled Records=4
14/11/27 20:29:42 INFO mapred.JobClient:     Map output bytes=1183284
14/11/27 20:29:42 INFO mapred.JobClient:     Combine input records=2
14/11/27 20:29:42 INFO mapred.JobClient:     Map output records=2
14/11/27 20:29:42 INFO mapred.JobClient:     Reduce input records=2
14/11/27 20:29:42 INFO driver.MahoutDriver: Program took 100399 ms (Minutes: 1.6733166666666666)
---------See what's in HDFS ------
Found 3 items
drwxr-xr-x   - biplapsa supergroup          0 2014-11-27 20:25 /data
drwxr-xr-x   - biplapsa supergroup          0 2014-11-27 20:14 /scratch
drwxr-xr-x   - biplapsa supergroup          0 2014-11-27 20:28 /user
-------To test the classifier is working properly on training set ---
CLASSPATH with MAHOUT=:/util/mahout/mahout-distribution-0.8/src/conf
MAHOUT_LOCAL is not set; adding HADOOP_CONF_DIR to classpath.
CLASSPATH with HADOOP=:/util/mahout/mahout-distribution-0.8/src/conf:/ifs/user/biplapsa/project/mahout/neg_service/config
CLASSPATH with JAVA=:/util/mahout/mahout-distribution-0.8/src/conf:/ifs/user/biplapsa/project/mahout/neg_service/config:/util/java/jdk1.6.0_22//lib/tools.jar
Running on hadoop, using /util/hadoop/hadoop-0.20.1/bin/hadoop and HADOOP_CONF_DIR=/ifs/user/biplapsa/project/mahout/neg_service/config
MAHOUT-JOB: /util/mahout/mahout-distribution-0.8/examples/target/mahout-examples-0.8-job.jar
14/11/27 20:29:48 WARN driver.MahoutDriver: No testnb.props found on classpath, will use command-line arguments only
14/11/27 20:29:48 INFO common.AbstractJob: Command line arguments: {--endPhase=[2147483647], --input=[/data/train-vectors], --labelIndex=[labelindex], --model=[model], --output=[/data/sentiments-testing], --overwrite=null, --startPhase=[0], --tempDir=[temp], --testComplementary=null}
14/11/27 20:29:49 INFO input.FileInputFormat: Total input paths to process : 1
14/11/27 20:29:50 INFO mapred.JobClient: Running job: job_201411272014_0012
14/11/27 20:29:51 INFO mapred.JobClient:  map 0% reduce 0%
14/11/27 20:30:07 INFO mapred.JobClient:  map 24% reduce 0%
14/11/27 20:30:10 INFO mapred.JobClient:  map 39% reduce 0%
14/11/27 20:30:11 INFO mapred.JobClient:  map 52% reduce 0%
14/11/27 20:30:13 INFO mapred.JobClient:  map 60% reduce 0%
14/11/27 20:30:14 INFO mapred.JobClient:  map 68% reduce 0%
14/11/27 20:30:16 INFO mapred.JobClient:  map 81% reduce 0%
14/11/27 20:30:19 INFO mapred.JobClient:  map 87% reduce 0%
14/11/27 20:30:20 INFO mapred.JobClient:  map 100% reduce 0%
14/11/27 20:30:22 INFO mapred.JobClient: Job complete: job_201411272014_0012
14/11/27 20:30:22 INFO mapred.JobClient: Counters: 8
14/11/27 20:30:22 INFO mapred.JobClient:   Job Counters 
14/11/27 20:30:22 INFO mapred.JobClient:     Rack-local map tasks=2
14/11/27 20:30:22 INFO mapred.JobClient:     Launched map tasks=3
14/11/27 20:30:22 INFO mapred.JobClient:     Data-local map tasks=1
14/11/27 20:30:22 INFO mapred.JobClient:   FileSystemCounters
14/11/27 20:30:22 INFO mapred.JobClient:     FILE_BYTES_READ=8800371
14/11/27 20:30:22 INFO mapred.JobClient:     HDFS_BYTES_READ=399737294
14/11/27 20:30:22 INFO mapred.JobClient:     HDFS_BYTES_WRITTEN=28464800
14/11/27 20:30:22 INFO mapred.JobClient:   Map-Reduce Framework
14/11/27 20:30:22 INFO mapred.JobClient:     Map input records=603838
14/11/27 20:30:22 INFO mapred.JobClient:     Spilled Records=0
14/11/27 20:30:27 INFO test.TestNaiveBayesDriver: Complementary Results: 
=======================================================
Summary
-------------------------------------------------------
Correctly Classified Instances          :     507669	   84.0737%
Incorrectly Classified Instances        :      96169	   15.9263%
Total Classified Instances              :     603838

=======================================================
Confusion Matrix
-------------------------------------------------------
a    	b    	<--Classified as
40245	8439 	 |  48684 	a     = Negative_Service
87730	467424	 |  555154	b     = Not_Negative_Service

=======================================================
Statistics
-------------------------------------------------------
Kappa                                      -0.1334
Accuracy                                   84.0737%
Reliability                                 55.621%
Reliability (standard deviation)            0.4818

14/11/27 20:30:27 INFO driver.MahoutDriver: Program took 39180 ms (Minutes: 0.653)
------- To test the classifier is working properly on testing set ---
CLASSPATH with MAHOUT=:/util/mahout/mahout-distribution-0.8/src/conf
MAHOUT_LOCAL is not set; adding HADOOP_CONF_DIR to classpath.
CLASSPATH with HADOOP=:/util/mahout/mahout-distribution-0.8/src/conf:/ifs/user/biplapsa/project/mahout/neg_service/config
CLASSPATH with JAVA=:/util/mahout/mahout-distribution-0.8/src/conf:/ifs/user/biplapsa/project/mahout/neg_service/config:/util/java/jdk1.6.0_22//lib/tools.jar
Running on hadoop, using /util/hadoop/hadoop-0.20.1/bin/hadoop and HADOOP_CONF_DIR=/ifs/user/biplapsa/project/mahout/neg_service/config
MAHOUT-JOB: /util/mahout/mahout-distribution-0.8/examples/target/mahout-examples-0.8-job.jar
14/11/27 20:30:32 WARN driver.MahoutDriver: No testnb.props found on classpath, will use command-line arguments only
14/11/27 20:30:32 INFO common.AbstractJob: Command line arguments: {--endPhase=[2147483647], --input=[/data/test-vectors], --labelIndex=[labelindex], --model=[model], --output=[sentiments-testing], --overwrite=null, --startPhase=[0], --tempDir=[temp], --testComplementary=null}
14/11/27 20:30:33 INFO input.FileInputFormat: Total input paths to process : 1
14/11/27 20:30:34 INFO mapred.JobClient: Running job: job_201411272014_0013
14/11/27 20:30:35 INFO mapred.JobClient:  map 0% reduce 0%
14/11/27 20:30:53 INFO mapred.JobClient:  map 50% reduce 0%
14/11/27 20:30:59 INFO mapred.JobClient:  map 100% reduce 0%
14/11/27 20:31:00 INFO mapred.JobClient: Job complete: job_201411272014_0013
14/11/27 20:31:00 INFO mapred.JobClient: Counters: 7
14/11/27 20:31:00 INFO mapred.JobClient:   Job Counters 
14/11/27 20:31:00 INFO mapred.JobClient:     Rack-local map tasks=1
14/11/27 20:31:00 INFO mapred.JobClient:     Launched map tasks=1
14/11/27 20:31:00 INFO mapred.JobClient:   FileSystemCounters
14/11/27 20:31:00 INFO mapred.JobClient:     FILE_BYTES_READ=2933457
14/11/27 20:31:00 INFO mapred.JobClient:     HDFS_BYTES_READ=100000834
14/11/27 20:31:00 INFO mapred.JobClient:     HDFS_BYTES_WRITTEN=7104417
14/11/27 20:31:00 INFO mapred.JobClient:   Map-Reduce Framework
14/11/27 20:31:00 INFO mapred.JobClient:     Map input records=150713
14/11/27 20:31:00 INFO mapred.JobClient:     Spilled Records=0
14/11/27 20:31:02 INFO test.TestNaiveBayesDriver: Complementary Results: 
=======================================================
Summary
-------------------------------------------------------
Correctly Classified Instances          :     124388	    82.533%
Incorrectly Classified Instances        :      26325	    17.467%
Total Classified Instances              :     150713

=======================================================
Confusion Matrix
-------------------------------------------------------
a    	b    	<--Classified as
9063 	3133 	 |  12196 	a     = Negative_Service
23192	115325	 |  138517	b     = Not_Negative_Service

=======================================================
Statistics
-------------------------------------------------------
Kappa                                       -0.125
Accuracy                                    82.533%
Reliability                                52.5227%
Reliability (standard deviation)            0.4571

14/11/27 20:31:02 INFO driver.MahoutDriver: Program took 29433 ms (Minutes: 0.49055)
stop jobtracker (mapred)
stopping jobtracker
d07n33s02: stopping tasktracker
d07n33s01: stopping tasktracker
stop dfs
stopping namenode
d07n33s02: stopping datanode
d07n33s01: stopping datanode
d07n33s01: stopping secondarynamenode
Clean up
Number of Hadoop nodes specified by user: 2
Received 2 nodes from PBS
Clean up node: d07n33s01
rm -rf /scratch/hadoop-biplapsa/data /scratch/hadoop-biplapsa/log
Clean up node: d07n33s02
rm -rf /scratch/hadoop-biplapsa/data /scratch/hadoop-biplapsa/log

