SLURM Environment Variables:
Job ID = 3079147
Job Name = mahout_nb_neg_food
Job Node List = k08n41s[01-02]
Number of Nodes = 2
Tasks per node = 1
CPUs per task = 
/scratch/jobid = /scratch/3079147
Submit Host = k07n14
Submit Directory = /ifs/user/biplapsa/project/mahout/neg_food


Currently Loaded Modulefiles:
  1) null                          4) hadoop/0.20.1
  2) modules                       5) myhadoop/0.2a/hadoop-0.20.1
  3) java/j2sdk/1.6.0_22           6) mahout/0.8
MY_HADOOP_HOME=/util/myhadoop/myHadoop-0.2a
HADOOP_HOME=/util/hadoop/hadoop-0.20.1
MAHOUT_HOME=/util/mahout/mahout-distribution-0.8
MyHadoop config directory=/ifs/user/biplapsa/project/mahout/neg_food/config
Set up the configurations for myHadoop
Number of nodes in nodelist=2
Number of Hadoop nodes requested: 2
Generation Hadoop configuration in directory: /ifs/user/biplapsa/project/mahout/neg_food/config
Not persisting HDFS state
Received 2 nodes from PBS
Master is: k08n41s01
Configuring node: k08n41s01
rm -rf /scratch/hadoop-biplapsa/log; mkdir -p /scratch/hadoop-biplapsa/log
rm -rf /scratch/hadoop-biplapsa/data; mkdir -p /scratch/hadoop-biplapsa/data
Configuring node: k08n41s02
rm -rf /scratch/hadoop-biplapsa/log; mkdir -p /scratch/hadoop-biplapsa/log
rm -rf /scratch/hadoop-biplapsa/data; mkdir -p /scratch/hadoop-biplapsa/data

Format HDFS
14/11/27 19:19:53 INFO namenode.NameNode: STARTUP_MSG: 
/************************************************************
STARTUP_MSG: Starting NameNode
STARTUP_MSG:   host = k08n41s01/10.111.8.41
STARTUP_MSG:   args = [-format]
STARTUP_MSG:   version = 0.20.1
STARTUP_MSG:   build = http://svn.apache.org/repos/asf/hadoop/common/tags/release-0.20.1-rc1 -r 810220; compiled by 'oom' on Tue Sep  1 20:55:56 UTC 2009
************************************************************/
14/11/27 19:19:53 INFO namenode.FSNamesystem: fsOwner=biplapsa,cse722f14,u2,cse603f14
14/11/27 19:19:53 INFO namenode.FSNamesystem: supergroup=supergroup
14/11/27 19:19:53 INFO namenode.FSNamesystem: isPermissionEnabled=true
14/11/27 19:19:53 INFO common.Storage: Image file of size 98 saved in 0 seconds.
14/11/27 19:19:53 INFO common.Storage: Storage directory /scratch/hadoop-biplapsa/data/dfs/name has been successfully formatted.
14/11/27 19:19:53 INFO namenode.NameNode: SHUTDOWN_MSG: 
/************************************************************
SHUTDOWN_MSG: Shutting down NameNode at k08n41s01/10.111.8.41
************************************************************/

start dfs
starting namenode, logging to /scratch/hadoop-biplapsa/log/hadoop-biplapsa_k08n41s01-namenode-k08n41s01.out
k08n41s01: starting datanode, logging to /scratch/hadoop-biplapsa/log/hadoop-biplapsa_k08n41s01-datanode-k08n41s01.out
k08n41s02: starting datanode, logging to /scratch/hadoop-biplapsa/log/hadoop-biplapsa_k08n41s02-datanode-k08n41s02.out
k08n41s01: starting secondarynamenode, logging to /scratch/hadoop-biplapsa/log/hadoop-biplapsa_k08n41s01-secondarynamenode-k08n41s01.out

start jobtracker (mapred)
starting jobtracker, logging to /scratch/hadoop-biplapsa/log/hadoop-biplapsa_k08n41s01-jobtracker-k08n41s01.out
k08n41s01: starting tasktracker, logging to /scratch/hadoop-biplapsa/log/hadoop-biplapsa_k08n41s01-tasktracker-k08n41s01.out
k08n41s02: starting tasktracker, logging to /scratch/hadoop-biplapsa/log/hadoop-biplapsa_k08n41s02-tasktracker-k08n41s02.out

------- make directory ----
------- copy training data to dfs---
------- list files in dfs---
Found 1 items
drwxr-xr-x   - biplapsa supergroup          0 2014-11-27 19:20 /data/sentiments-seq
-------Using mahout to transform the training data into vectors using tfidf weights ---
CLASSPATH with MAHOUT=:/util/mahout/mahout-distribution-0.8/src/conf
MAHOUT_LOCAL is not set; adding HADOOP_CONF_DIR to classpath.
CLASSPATH with HADOOP=:/util/mahout/mahout-distribution-0.8/src/conf:/ifs/user/biplapsa/project/mahout/neg_food/config
CLASSPATH with JAVA=:/util/mahout/mahout-distribution-0.8/src/conf:/ifs/user/biplapsa/project/mahout/neg_food/config:/util/java/jdk1.6.0_22//lib/tools.jar
Running on hadoop, using /util/hadoop/hadoop-0.20.1/bin/hadoop and HADOOP_CONF_DIR=/ifs/user/biplapsa/project/mahout/neg_food/config
MAHOUT-JOB: /util/mahout/mahout-distribution-0.8/examples/target/mahout-examples-0.8-job.jar
14/11/27 19:20:58 INFO vectorizer.SparseVectorsFromSequenceFiles: Maximum n-gram size is: 1
14/11/27 19:20:58 INFO vectorizer.SparseVectorsFromSequenceFiles: Minimum LLR value: 1.0
14/11/27 19:20:58 INFO vectorizer.SparseVectorsFromSequenceFiles: Number of reduce tasks: 1
14/11/27 19:20:58 INFO vectorizer.SparseVectorsFromSequenceFiles: Tokenizing documents in /data/sentiments-seq
14/11/27 19:21:00 INFO input.FileInputFormat: Total input paths to process : 1
14/11/27 19:21:01 INFO mapred.JobClient: Running job: job_201411271920_0001
14/11/27 19:21:02 INFO mapred.JobClient:  map 0% reduce 0%
14/11/27 19:21:19 INFO mapred.JobClient:  map 24% reduce 0%
14/11/27 19:21:22 INFO mapred.JobClient:  map 39% reduce 0%
14/11/27 19:21:25 INFO mapred.JobClient:  map 68% reduce 0%
14/11/27 19:21:28 INFO mapred.JobClient:  map 94% reduce 0%
14/11/27 19:21:34 INFO mapred.JobClient:  map 100% reduce 0%
14/11/27 19:21:36 INFO mapred.JobClient: Job complete: job_201411271920_0001
14/11/27 19:21:36 INFO mapred.JobClient: Counters: 7
14/11/27 19:21:36 INFO mapred.JobClient:   Job Counters 
14/11/27 19:21:36 INFO mapred.JobClient:     Rack-local map tasks=2
14/11/27 19:21:36 INFO mapred.JobClient:     Launched map tasks=5
14/11/27 19:21:36 INFO mapred.JobClient:     Data-local map tasks=3
14/11/27 19:21:36 INFO mapred.JobClient:   FileSystemCounters
14/11/27 19:21:36 INFO mapred.JobClient:     HDFS_BYTES_READ=567565747
14/11/27 19:21:36 INFO mapred.JobClient:     HDFS_BYTES_WRITTEN=443700704
14/11/27 19:21:36 INFO mapred.JobClient:   Map-Reduce Framework
14/11/27 19:21:36 INFO mapred.JobClient:     Map input records=754618
14/11/27 19:21:36 INFO mapred.JobClient:     Spilled Records=0
14/11/27 19:21:36 INFO vectorizer.SparseVectorsFromSequenceFiles: Creating Term Frequency Vectors
14/11/27 19:21:36 INFO vectorizer.DictionaryVectorizer: Creating dictionary from /data/sentiments-vectors/tokenized-documents and saving at /data/sentiments-vectors/wordcount
14/11/27 19:21:37 INFO input.FileInputFormat: Total input paths to process : 5
14/11/27 19:21:38 INFO mapred.JobClient: Running job: job_201411271920_0002
14/11/27 19:21:39 INFO mapred.JobClient:  map 0% reduce 0%
14/11/27 19:21:56 INFO mapred.JobClient:  map 29% reduce 0%
14/11/27 19:21:59 INFO mapred.JobClient:  map 34% reduce 0%
14/11/27 19:22:02 INFO mapred.JobClient:  map 49% reduce 0%
14/11/27 19:22:05 INFO mapred.JobClient:  map 60% reduce 6%
14/11/27 19:22:08 INFO mapred.JobClient:  map 70% reduce 6%
14/11/27 19:22:11 INFO mapred.JobClient:  map 81% reduce 6%
14/11/27 19:22:14 INFO mapred.JobClient:  map 91% reduce 6%
14/11/27 19:22:17 INFO mapred.JobClient:  map 96% reduce 6%
14/11/27 19:22:20 INFO mapred.JobClient:  map 100% reduce 20%
14/11/27 19:22:29 INFO mapred.JobClient:  map 100% reduce 100%
14/11/27 19:22:31 INFO mapred.JobClient: Job complete: job_201411271920_0002
14/11/27 19:22:31 INFO mapred.JobClient: Counters: 18
14/11/27 19:22:31 INFO mapred.JobClient:   Job Counters 
14/11/27 19:22:31 INFO mapred.JobClient:     Launched reduce tasks=1
14/11/27 19:22:31 INFO mapred.JobClient:     Rack-local map tasks=1
14/11/27 19:22:31 INFO mapred.JobClient:     Launched map tasks=5
14/11/27 19:22:31 INFO mapred.JobClient:     Data-local map tasks=4
14/11/27 19:22:31 INFO mapred.JobClient:   FileSystemCounters
14/11/27 19:22:31 INFO mapred.JobClient:     FILE_BYTES_READ=116182457
14/11/27 19:22:31 INFO mapred.JobClient:     HDFS_BYTES_READ=443700704
14/11/27 19:22:31 INFO mapred.JobClient:     FILE_BYTES_WRITTEN=125114958
14/11/27 19:22:31 INFO mapred.JobClient:     HDFS_BYTES_WRITTEN=2748364
14/11/27 19:22:31 INFO mapred.JobClient:   Map-Reduce Framework
14/11/27 19:22:31 INFO mapred.JobClient:     Reduce input groups=0
14/11/27 19:22:31 INFO mapred.JobClient:     Combine output records=3782870
14/11/27 19:22:31 INFO mapred.JobClient:     Map input records=754618
14/11/27 19:22:31 INFO mapred.JobClient:     Reduce shuffle bytes=6943792
14/11/27 19:22:31 INFO mapred.JobClient:     Reduce output records=0
14/11/27 19:22:31 INFO mapred.JobClient:     Spilled Records=6993186
14/11/27 19:22:31 INFO mapred.JobClient:     Map output bytes=717656138
14/11/27 19:22:31 INFO mapred.JobClient:     Combine input records=53853844
14/11/27 19:22:31 INFO mapred.JobClient:     Map output records=50551543
14/11/27 19:22:31 INFO mapred.JobClient:     Reduce input records=480569
14/11/27 19:22:32 INFO input.FileInputFormat: Total input paths to process : 5
14/11/27 19:22:32 INFO mapred.JobClient: Running job: job_201411271920_0003
14/11/27 19:22:33 INFO mapred.JobClient:  map 0% reduce 0%
14/11/27 19:22:50 INFO mapred.JobClient:  map 55% reduce 0%
14/11/27 19:22:53 INFO mapred.JobClient:  map 90% reduce 0%
14/11/27 19:22:56 INFO mapred.JobClient:  map 100% reduce 0%
14/11/27 19:22:59 INFO mapred.JobClient:  map 100% reduce 13%
14/11/27 19:23:02 INFO mapred.JobClient:  map 100% reduce 20%
14/11/27 19:23:08 INFO mapred.JobClient:  map 100% reduce 33%
14/11/27 19:23:11 INFO mapred.JobClient:  map 100% reduce 67%
14/11/27 19:23:14 INFO mapred.JobClient:  map 100% reduce 70%
14/11/27 19:23:17 INFO mapred.JobClient:  map 100% reduce 72%
14/11/27 19:23:20 INFO mapred.JobClient:  map 100% reduce 74%
14/11/27 19:23:23 INFO mapred.JobClient:  map 100% reduce 77%
14/11/27 19:23:26 INFO mapred.JobClient:  map 100% reduce 79%
14/11/27 19:23:29 INFO mapred.JobClient:  map 100% reduce 81%
14/11/27 19:23:32 INFO mapred.JobClient:  map 100% reduce 84%
14/11/27 19:23:35 INFO mapred.JobClient:  map 100% reduce 86%
14/11/27 19:23:38 INFO mapred.JobClient:  map 100% reduce 88%
14/11/27 19:23:41 INFO mapred.JobClient:  map 100% reduce 91%
14/11/27 19:23:44 INFO mapred.JobClient:  map 100% reduce 93%
14/11/27 19:23:47 INFO mapred.JobClient:  map 100% reduce 95%
14/11/27 19:23:50 INFO mapred.JobClient:  map 100% reduce 98%
14/11/27 19:23:57 INFO mapred.JobClient:  map 100% reduce 100%
14/11/27 19:23:59 INFO mapred.JobClient: Job complete: job_201411271920_0003
14/11/27 19:23:59 INFO mapred.JobClient: Counters: 18
14/11/27 19:23:59 INFO mapred.JobClient:   Job Counters 
14/11/27 19:23:59 INFO mapred.JobClient:     Launched reduce tasks=1
14/11/27 19:23:59 INFO mapred.JobClient:     Launched map tasks=5
14/11/27 19:23:59 INFO mapred.JobClient:     Data-local map tasks=5
14/11/27 19:23:59 INFO mapred.JobClient:   TFPartialVectorReducer
14/11/27 19:23:59 INFO mapred.JobClient:     emptyVectorCount=67
14/11/27 19:23:59 INFO mapred.JobClient:   FileSystemCounters
14/11/27 19:23:59 INFO mapred.JobClient:     FILE_BYTES_READ=852201272
14/11/27 19:23:59 INFO mapred.JobClient:     HDFS_BYTES_READ=443700704
14/11/27 19:23:59 INFO mapred.JobClient:     FILE_BYTES_WRITTEN=1286631551
14/11/27 19:23:59 INFO mapred.JobClient:     HDFS_BYTES_WRITTEN=611734729
14/11/27 19:23:59 INFO mapred.JobClient:   Map-Reduce Framework
14/11/27 19:23:59 INFO mapred.JobClient:     Reduce input groups=0
14/11/27 19:23:59 INFO mapred.JobClient:     Combine output records=0
14/11/27 19:23:59 INFO mapred.JobClient:     Map input records=754618
14/11/27 19:23:59 INFO mapred.JobClient:     Reduce shuffle bytes=333395577
14/11/27 19:23:59 INFO mapred.JobClient:     Reduce output records=0
14/11/27 19:23:59 INFO mapred.JobClient:     Spilled Records=2222860
14/11/27 19:23:59 INFO mapred.JobClient:     Map output bytes=434088035
14/11/27 19:23:59 INFO mapred.JobClient:     Combine input records=0
14/11/27 19:23:59 INFO mapred.JobClient:     Map output records=754618
14/11/27 19:23:59 INFO mapred.JobClient:     Reduce input records=754618
14/11/27 19:23:59 INFO input.FileInputFormat: Total input paths to process : 1
14/11/27 19:23:59 INFO mapred.JobClient: Running job: job_201411271920_0004
14/11/27 19:24:00 INFO mapred.JobClient:  map 0% reduce 0%
14/11/27 19:24:17 INFO mapred.JobClient:  map 64% reduce 0%
14/11/27 19:24:20 INFO mapred.JobClient:  map 94% reduce 0%
14/11/27 19:24:23 INFO mapred.JobClient:  map 100% reduce 0%
14/11/27 19:24:26 INFO mapred.JobClient:  map 100% reduce 6%
14/11/27 19:24:29 INFO mapred.JobClient:  map 100% reduce 26%
14/11/27 19:24:32 INFO mapred.JobClient:  map 100% reduce 66%
14/11/27 19:24:35 INFO mapred.JobClient:  map 100% reduce 70%
14/11/27 19:24:38 INFO mapred.JobClient:  map 100% reduce 73%
14/11/27 19:24:41 INFO mapred.JobClient:  map 100% reduce 77%
14/11/27 19:24:44 INFO mapred.JobClient:  map 100% reduce 81%
14/11/27 19:24:47 INFO mapred.JobClient:  map 100% reduce 84%
14/11/27 19:24:50 INFO mapred.JobClient:  map 100% reduce 88%
14/11/27 19:24:53 INFO mapred.JobClient:  map 100% reduce 91%
14/11/27 19:24:56 INFO mapred.JobClient:  map 100% reduce 95%
14/11/27 19:25:03 INFO mapred.JobClient:  map 100% reduce 100%
14/11/27 19:25:05 INFO mapred.JobClient: Job complete: job_201411271920_0004
14/11/27 19:25:05 INFO mapred.JobClient: Counters: 18
14/11/27 19:25:05 INFO mapred.JobClient:   Job Counters 
14/11/27 19:25:05 INFO mapred.JobClient:     Launched reduce tasks=1
14/11/27 19:25:05 INFO mapred.JobClient:     Rack-local map tasks=3
14/11/27 19:25:05 INFO mapred.JobClient:     Launched map tasks=5
14/11/27 19:25:05 INFO mapred.JobClient:     Data-local map tasks=2
14/11/27 19:25:05 INFO mapred.JobClient:   FileSystemCounters
14/11/27 19:25:05 INFO mapred.JobClient:     FILE_BYTES_READ=1133848037
14/11/27 19:25:05 INFO mapred.JobClient:     HDFS_BYTES_READ=611743929
14/11/27 19:25:05 INFO mapred.JobClient:     FILE_BYTES_WRITTEN=1737716284
14/11/27 19:25:05 INFO mapred.JobClient:     HDFS_BYTES_WRITTEN=611734729
14/11/27 19:25:05 INFO mapred.JobClient:   Map-Reduce Framework
14/11/27 19:25:05 INFO mapred.JobClient:     Reduce input groups=0
14/11/27 19:25:05 INFO mapred.JobClient:     Combine output records=0
14/11/27 19:25:05 INFO mapred.JobClient:     Map input records=754551
14/11/27 19:25:05 INFO mapred.JobClient:     Reduce shuffle bytes=471417222
14/11/27 19:25:05 INFO mapred.JobClient:     Reduce output records=0
14/11/27 19:25:05 INFO mapred.JobClient:     Spilled Records=2169149
14/11/27 19:25:05 INFO mapred.JobClient:     Map output bytes=601026131
14/11/27 19:25:05 INFO mapred.JobClient:     Combine input records=0
14/11/27 19:25:05 INFO mapred.JobClient:     Map output records=754551
14/11/27 19:25:05 INFO mapred.JobClient:     Reduce input records=754551
14/11/27 19:25:05 INFO common.HadoopUtil: Deleting /data/sentiments-vectors/partial-vectors-0
14/11/27 19:25:05 INFO vectorizer.SparseVectorsFromSequenceFiles: Calculating IDF
14/11/27 19:25:05 INFO input.FileInputFormat: Total input paths to process : 1
14/11/27 19:25:05 INFO mapred.JobClient: Running job: job_201411271920_0005
14/11/27 19:25:06 INFO mapred.JobClient:  map 0% reduce 0%
14/11/27 19:25:23 INFO mapred.JobClient:  map 18% reduce 0%
14/11/27 19:25:26 INFO mapred.JobClient:  map 45% reduce 0%
14/11/27 19:25:29 INFO mapred.JobClient:  map 65% reduce 0%
14/11/27 19:25:32 INFO mapred.JobClient:  map 84% reduce 0%
14/11/27 19:25:35 INFO mapred.JobClient:  map 96% reduce 0%
14/11/27 19:25:38 INFO mapred.JobClient:  map 100% reduce 0%
14/11/27 19:25:41 INFO mapred.JobClient:  map 100% reduce 26%
14/11/27 19:25:50 INFO mapred.JobClient:  map 100% reduce 100%
14/11/27 19:25:52 INFO mapred.JobClient: Job complete: job_201411271920_0005
14/11/27 19:25:53 INFO mapred.JobClient: Counters: 18
14/11/27 19:25:53 INFO mapred.JobClient:   Job Counters 
14/11/27 19:25:53 INFO mapred.JobClient:     Launched reduce tasks=1
14/11/27 19:25:53 INFO mapred.JobClient:     Rack-local map tasks=3
14/11/27 19:25:53 INFO mapred.JobClient:     Launched map tasks=5
14/11/27 19:25:53 INFO mapred.JobClient:     Data-local map tasks=2
14/11/27 19:25:53 INFO mapred.JobClient:   FileSystemCounters
14/11/27 19:25:53 INFO mapred.JobClient:     FILE_BYTES_READ=81460128
14/11/27 19:25:53 INFO mapred.JobClient:     HDFS_BYTES_READ=611743929
14/11/27 19:25:53 INFO mapred.JobClient:     FILE_BYTES_WRITTEN=86566090
14/11/27 19:25:53 INFO mapred.JobClient:     HDFS_BYTES_WRITTEN=2247493
14/11/27 19:25:53 INFO mapred.JobClient:   Map-Reduce Framework
14/11/27 19:25:53 INFO mapred.JobClient:     Reduce input groups=0
14/11/27 19:25:53 INFO mapred.JobClient:     Combine output records=3341895
14/11/27 19:25:53 INFO mapred.JobClient:     Map input records=754551
14/11/27 19:25:53 INFO mapred.JobClient:     Reduce shuffle bytes=4036630
14/11/27 19:25:53 INFO mapred.JobClient:     Reduce output records=0
14/11/27 19:25:53 INFO mapred.JobClient:     Spilled Records=6183186
14/11/27 19:25:53 INFO mapred.JobClient:     Map output bytes=614284092
14/11/27 19:25:53 INFO mapred.JobClient:     Combine input records=54167538
14/11/27 19:25:53 INFO mapred.JobClient:     Map output records=51190341
14/11/27 19:25:53 INFO mapred.JobClient:     Reduce input records=364698
14/11/27 19:25:53 INFO vectorizer.SparseVectorsFromSequenceFiles: Pruning
14/11/27 19:25:53 INFO input.FileInputFormat: Total input paths to process : 1
14/11/27 19:25:54 INFO mapred.JobClient: Running job: job_201411271920_0006
14/11/27 19:25:55 INFO mapred.JobClient:  map 0% reduce 0%
14/11/27 19:26:12 INFO mapred.JobClient:  map 43% reduce 0%
14/11/27 19:26:15 INFO mapred.JobClient:  map 80% reduce 0%
14/11/27 19:26:18 INFO mapred.JobClient:  map 95% reduce 0%
14/11/27 19:26:21 INFO mapred.JobClient:  map 100% reduce 0%
14/11/27 19:26:27 INFO mapred.JobClient:  map 100% reduce 6%
14/11/27 19:26:36 INFO mapred.JobClient:  map 100% reduce 26%
14/11/27 19:27:00 INFO mapred.JobClient:  map 100% reduce 33%
14/11/27 19:27:09 INFO mapred.JobClient:  map 100% reduce 69%
14/11/27 19:27:12 INFO mapred.JobClient:  map 100% reduce 72%
14/11/27 19:27:15 INFO mapred.JobClient:  map 100% reduce 76%
14/11/27 19:27:18 INFO mapred.JobClient:  map 100% reduce 80%
14/11/27 19:27:21 INFO mapred.JobClient:  map 100% reduce 84%
14/11/27 19:27:24 INFO mapred.JobClient:  map 100% reduce 88%
14/11/27 19:27:27 INFO mapred.JobClient:  map 100% reduce 92%
14/11/27 19:27:30 INFO mapred.JobClient:  map 100% reduce 96%
14/11/27 19:27:36 INFO mapred.JobClient:  map 100% reduce 100%
14/11/27 19:27:38 INFO mapred.JobClient: Job complete: job_201411271920_0006
14/11/27 19:27:38 INFO mapred.JobClient: Counters: 18
14/11/27 19:27:38 INFO mapred.JobClient:   Job Counters 
14/11/27 19:27:38 INFO mapred.JobClient:     Launched reduce tasks=1
14/11/27 19:27:38 INFO mapred.JobClient:     Rack-local map tasks=3
14/11/27 19:27:38 INFO mapred.JobClient:     Launched map tasks=5
14/11/27 19:27:38 INFO mapred.JobClient:     Data-local map tasks=2
14/11/27 19:27:38 INFO mapred.JobClient:   FileSystemCounters
14/11/27 19:27:38 INFO mapred.JobClient:     FILE_BYTES_READ=306889617
14/11/27 19:27:38 INFO mapred.JobClient:     HDFS_BYTES_READ=611743929
14/11/27 19:27:38 INFO mapred.JobClient:     FILE_BYTES_WRITTEN=466802852
14/11/27 19:27:38 INFO mapred.JobClient:     HDFS_BYTES_WRITTEN=611734729
14/11/27 19:27:38 INFO mapred.JobClient:   Map-Reduce Framework
14/11/27 19:27:38 INFO mapred.JobClient:     Reduce input groups=0
14/11/27 19:27:38 INFO mapred.JobClient:     Combine output records=0
14/11/27 19:27:38 INFO mapred.JobClient:     Map input records=754551
14/11/27 19:27:38 INFO mapred.JobClient:     Reduce shuffle bytes=126743863
14/11/27 19:27:38 INFO mapred.JobClient:     Reduce output records=0
14/11/27 19:27:38 INFO mapred.JobClient:     Spilled Records=2169149
14/11/27 19:27:38 INFO mapred.JobClient:     Map output bytes=601026131
14/11/27 19:27:38 INFO mapred.JobClient:     Combine input records=0
14/11/27 19:27:38 INFO mapred.JobClient:     Map output records=754551
14/11/27 19:27:38 INFO mapred.JobClient:     Reduce input records=754551
14/11/27 19:27:38 INFO input.FileInputFormat: Total input paths to process : 1
14/11/27 19:27:39 INFO mapred.JobClient: Running job: job_201411271920_0007
14/11/27 19:27:40 INFO mapred.JobClient:  map 0% reduce 0%
14/11/27 19:27:57 INFO mapred.JobClient:  map 43% reduce 0%
14/11/27 19:28:00 INFO mapred.JobClient:  map 93% reduce 0%
14/11/27 19:28:03 INFO mapred.JobClient:  map 100% reduce 0%
14/11/27 19:28:09 INFO mapred.JobClient:  map 100% reduce 13%
14/11/27 19:28:12 INFO mapred.JobClient:  map 100% reduce 26%
14/11/27 19:28:15 INFO mapred.JobClient:  map 100% reduce 68%
14/11/27 19:28:18 INFO mapred.JobClient:  map 100% reduce 73%
14/11/27 19:28:21 INFO mapred.JobClient:  map 100% reduce 78%
14/11/27 19:28:24 INFO mapred.JobClient:  map 100% reduce 83%
14/11/27 19:28:27 INFO mapred.JobClient:  map 100% reduce 88%
14/11/27 19:28:30 INFO mapred.JobClient:  map 100% reduce 93%
14/11/27 19:28:36 INFO mapred.JobClient:  map 100% reduce 100%
14/11/27 19:28:38 INFO mapred.JobClient: Job complete: job_201411271920_0007
14/11/27 19:28:38 INFO mapred.JobClient: Counters: 18
14/11/27 19:28:38 INFO mapred.JobClient:   Job Counters 
14/11/27 19:28:38 INFO mapred.JobClient:     Launched reduce tasks=1
14/11/27 19:28:38 INFO mapred.JobClient:     Rack-local map tasks=3
14/11/27 19:28:38 INFO mapred.JobClient:     Launched map tasks=5
14/11/27 19:28:38 INFO mapred.JobClient:     Data-local map tasks=2
14/11/27 19:28:38 INFO mapred.JobClient:   FileSystemCounters
14/11/27 19:28:38 INFO mapred.JobClient:     FILE_BYTES_READ=1133848037
14/11/27 19:28:38 INFO mapred.JobClient:     HDFS_BYTES_READ=611743929
14/11/27 19:28:38 INFO mapred.JobClient:     FILE_BYTES_WRITTEN=1737716284
14/11/27 19:28:38 INFO mapred.JobClient:     HDFS_BYTES_WRITTEN=611734729
14/11/27 19:28:38 INFO mapred.JobClient:   Map-Reduce Framework
14/11/27 19:28:38 INFO mapred.JobClient:     Reduce input groups=0
14/11/27 19:28:38 INFO mapred.JobClient:     Combine output records=0
14/11/27 19:28:38 INFO mapred.JobClient:     Map input records=754551
14/11/27 19:28:38 INFO mapred.JobClient:     Reduce shuffle bytes=471417222
14/11/27 19:28:38 INFO mapred.JobClient:     Reduce output records=0
14/11/27 19:28:38 INFO mapred.JobClient:     Spilled Records=2169149
14/11/27 19:28:38 INFO mapred.JobClient:     Map output bytes=601026131
14/11/27 19:28:38 INFO mapred.JobClient:     Combine input records=0
14/11/27 19:28:38 INFO mapred.JobClient:     Map output records=754551
14/11/27 19:28:38 INFO mapred.JobClient:     Reduce input records=754551
14/11/27 19:28:38 INFO common.HadoopUtil: Deleting /data/sentiments-vectors/tf-vectors-partial
14/11/27 19:28:38 INFO common.HadoopUtil: Deleting /data/sentiments-vectors/tf-vectors-toprune
14/11/27 19:28:38 INFO input.FileInputFormat: Total input paths to process : 1
14/11/27 19:28:39 INFO mapred.JobClient: Running job: job_201411271920_0008
14/11/27 19:28:40 INFO mapred.JobClient:  map 0% reduce 0%
14/11/27 19:28:57 INFO mapred.JobClient:  map 63% reduce 0%
14/11/27 19:29:00 INFO mapred.JobClient:  map 94% reduce 0%
14/11/27 19:29:03 INFO mapred.JobClient:  map 100% reduce 0%
14/11/27 19:29:06 INFO mapred.JobClient:  map 100% reduce 6%
14/11/27 19:29:09 INFO mapred.JobClient:  map 100% reduce 26%
14/11/27 19:29:12 INFO mapred.JobClient:  map 100% reduce 66%
14/11/27 19:29:15 INFO mapred.JobClient:  map 100% reduce 70%
14/11/27 19:29:18 INFO mapred.JobClient:  map 100% reduce 73%
14/11/27 19:29:21 INFO mapred.JobClient:  map 100% reduce 76%
14/11/27 19:29:24 INFO mapred.JobClient:  map 100% reduce 80%
14/11/27 19:29:27 INFO mapred.JobClient:  map 100% reduce 83%
14/11/27 19:29:30 INFO mapred.JobClient:  map 100% reduce 86%
14/11/27 19:29:33 INFO mapred.JobClient:  map 100% reduce 89%
14/11/27 19:29:36 INFO mapred.JobClient:  map 100% reduce 93%
14/11/27 19:29:39 INFO mapred.JobClient:  map 100% reduce 96%
14/11/27 19:29:45 INFO mapred.JobClient:  map 100% reduce 100%
14/11/27 19:29:47 INFO mapred.JobClient: Job complete: job_201411271920_0008
14/11/27 19:29:47 INFO mapred.JobClient: Counters: 18
14/11/27 19:29:47 INFO mapred.JobClient:   Job Counters 
14/11/27 19:29:47 INFO mapred.JobClient:     Launched reduce tasks=1
14/11/27 19:29:47 INFO mapred.JobClient:     Rack-local map tasks=2
14/11/27 19:29:47 INFO mapred.JobClient:     Launched map tasks=5
14/11/27 19:29:47 INFO mapred.JobClient:     Data-local map tasks=3
14/11/27 19:29:47 INFO mapred.JobClient:   FileSystemCounters
14/11/27 19:29:47 INFO mapred.JobClient:     FILE_BYTES_READ=1136113078
14/11/27 19:29:47 INFO mapred.JobClient:     HDFS_BYTES_READ=611743929
14/11/27 19:29:47 INFO mapred.JobClient:     FILE_BYTES_WRITTEN=1737716284
14/11/27 19:29:47 INFO mapred.JobClient:     HDFS_BYTES_WRITTEN=611734729
14/11/27 19:29:47 INFO mapred.JobClient:   Map-Reduce Framework
14/11/27 19:29:47 INFO mapred.JobClient:     Reduce input groups=0
14/11/27 19:29:47 INFO mapred.JobClient:     Combine output records=0
14/11/27 19:29:47 INFO mapred.JobClient:     Map input records=754551
14/11/27 19:29:47 INFO mapred.JobClient:     Reduce shuffle bytes=471417222
14/11/27 19:29:47 INFO mapred.JobClient:     Reduce output records=0
14/11/27 19:29:47 INFO mapred.JobClient:     Spilled Records=2169149
14/11/27 19:29:47 INFO mapred.JobClient:     Map output bytes=601026131
14/11/27 19:29:47 INFO mapred.JobClient:     Combine input records=0
14/11/27 19:29:47 INFO mapred.JobClient:     Map output records=754551
14/11/27 19:29:47 INFO mapred.JobClient:     Reduce input records=754551
14/11/27 19:29:47 INFO input.FileInputFormat: Total input paths to process : 1
14/11/27 19:29:48 INFO mapred.JobClient: Running job: job_201411271920_0009
14/11/27 19:29:49 INFO mapred.JobClient:  map 0% reduce 0%
14/11/27 19:30:06 INFO mapred.JobClient:  map 63% reduce 0%
14/11/27 19:30:09 INFO mapred.JobClient:  map 95% reduce 0%
14/11/27 19:30:12 INFO mapred.JobClient:  map 100% reduce 0%
14/11/27 19:30:15 INFO mapred.JobClient:  map 100% reduce 6%
14/11/27 19:30:18 INFO mapred.JobClient:  map 100% reduce 26%
14/11/27 19:30:21 INFO mapred.JobClient:  map 100% reduce 67%
14/11/27 19:30:24 INFO mapred.JobClient:  map 100% reduce 70%
14/11/27 19:30:27 INFO mapred.JobClient:  map 100% reduce 74%
14/11/27 19:30:30 INFO mapred.JobClient:  map 100% reduce 78%
14/11/27 19:30:33 INFO mapred.JobClient:  map 100% reduce 81%
14/11/27 19:30:36 INFO mapred.JobClient:  map 100% reduce 85%
14/11/27 19:30:39 INFO mapred.JobClient:  map 100% reduce 88%
14/11/27 19:30:42 INFO mapred.JobClient:  map 100% reduce 92%
14/11/27 19:30:45 INFO mapred.JobClient:  map 100% reduce 96%
14/11/27 19:30:51 INFO mapred.JobClient:  map 100% reduce 100%
14/11/27 19:30:53 INFO mapred.JobClient: Job complete: job_201411271920_0009
14/11/27 19:30:53 INFO mapred.JobClient: Counters: 18
14/11/27 19:30:53 INFO mapred.JobClient:   Job Counters 
14/11/27 19:30:53 INFO mapred.JobClient:     Launched reduce tasks=1
14/11/27 19:30:53 INFO mapred.JobClient:     Rack-local map tasks=3
14/11/27 19:30:53 INFO mapred.JobClient:     Launched map tasks=5
14/11/27 19:30:53 INFO mapred.JobClient:     Data-local map tasks=2
14/11/27 19:30:53 INFO mapred.JobClient:   FileSystemCounters
14/11/27 19:30:53 INFO mapred.JobClient:     FILE_BYTES_READ=1133848037
14/11/27 19:30:53 INFO mapred.JobClient:     HDFS_BYTES_READ=611743929
14/11/27 19:30:53 INFO mapred.JobClient:     FILE_BYTES_WRITTEN=1737716284
14/11/27 19:30:53 INFO mapred.JobClient:     HDFS_BYTES_WRITTEN=611734729
14/11/27 19:30:53 INFO mapred.JobClient:   Map-Reduce Framework
14/11/27 19:30:53 INFO mapred.JobClient:     Reduce input groups=0
14/11/27 19:30:53 INFO mapred.JobClient:     Combine output records=0
14/11/27 19:30:53 INFO mapred.JobClient:     Map input records=754551
14/11/27 19:30:53 INFO mapred.JobClient:     Reduce shuffle bytes=471417222
14/11/27 19:30:53 INFO mapred.JobClient:     Reduce output records=0
14/11/27 19:30:53 INFO mapred.JobClient:     Spilled Records=2169149
14/11/27 19:30:53 INFO mapred.JobClient:     Map output bytes=601026131
14/11/27 19:30:53 INFO mapred.JobClient:     Combine input records=0
14/11/27 19:30:53 INFO mapred.JobClient:     Map output records=754551
14/11/27 19:30:53 INFO mapred.JobClient:     Reduce input records=754551
14/11/27 19:30:53 INFO common.HadoopUtil: Deleting /data/sentiments-vectors/partial-vectors-0
14/11/27 19:30:53 INFO driver.MahoutDriver: Program took 595362 ms (Minutes: 9.9227)
-------list directory sentiment-vectors ---
Found 7 items
drwxr-xr-x   - biplapsa supergroup          0 2014-11-27 19:25 /data/sentiments-vectors/df-count
-rw-r--r--   1 biplapsa supergroup    2298935 2014-11-27 19:22 /data/sentiments-vectors/dictionary.file-0
-rw-r--r--   1 biplapsa supergroup    2247473 2014-11-27 19:25 /data/sentiments-vectors/frequency.file-0
drwxr-xr-x   - biplapsa supergroup          0 2014-11-27 19:28 /data/sentiments-vectors/tf-vectors
drwxr-xr-x   - biplapsa supergroup          0 2014-11-27 19:30 /data/sentiments-vectors/tfidf-vectors
drwxr-xr-x   - biplapsa supergroup          0 2014-11-27 19:21 /data/sentiments-vectors/tokenized-documents
drwxr-xr-x   - biplapsa supergroup          0 2014-11-27 19:22 /data/sentiments-vectors/wordcount
 ------Using mahout to splits the sets into two sets: traing and testing sets ---
CLASSPATH with MAHOUT=:/util/mahout/mahout-distribution-0.8/src/conf
MAHOUT_LOCAL is not set; adding HADOOP_CONF_DIR to classpath.
CLASSPATH with HADOOP=:/util/mahout/mahout-distribution-0.8/src/conf:/ifs/user/biplapsa/project/mahout/neg_food/config
CLASSPATH with JAVA=:/util/mahout/mahout-distribution-0.8/src/conf:/ifs/user/biplapsa/project/mahout/neg_food/config:/util/java/jdk1.6.0_22//lib/tools.jar
Running on hadoop, using /util/hadoop/hadoop-0.20.1/bin/hadoop and HADOOP_CONF_DIR=/ifs/user/biplapsa/project/mahout/neg_food/config
MAHOUT-JOB: /util/mahout/mahout-distribution-0.8/examples/target/mahout-examples-0.8-job.jar
14/11/27 19:30:58 WARN driver.MahoutDriver: No split.props found on classpath, will use command-line arguments only
14/11/27 19:30:58 INFO common.AbstractJob: Command line arguments: {--endPhase=[2147483647], --input=[/data/sentiments-vectors/tfidf-vectors], --method=[sequential], --overwrite=null, --randomSelectionPct=[20], --sequenceFiles=null, --startPhase=[0], --tempDir=[temp], --testOutput=[/data/test-vectors], --trainingOutput=[/data/train-vectors]}
14/11/27 19:31:20 INFO utils.SplitInput: part-r-00000 has 3706418 lines
14/11/27 19:31:20 INFO utils.SplitInput: part-r-00000 test split size is 741284 based on random selection percentage 20
14/11/27 19:31:20 INFO util.NativeCodeLoader: Loaded the native-hadoop library
14/11/27 19:31:20 INFO zlib.ZlibFactory: Successfully loaded & initialized native-zlib library
14/11/27 19:31:20 INFO compress.CodecPool: Got brand-new compressor
14/11/27 19:31:20 INFO compress.CodecPool: Got brand-new compressor
14/11/27 19:33:02 INFO utils.SplitInput: file: part-r-00000, input: 3706418 train: 603743, test: 150808 starting at 0
14/11/27 19:33:02 INFO driver.MahoutDriver: Program took 124267 ms (Minutes: 2.0711166666666667)
-------Train the classifier on training set---
CLASSPATH with MAHOUT=:/util/mahout/mahout-distribution-0.8/src/conf
MAHOUT_LOCAL is not set; adding HADOOP_CONF_DIR to classpath.
CLASSPATH with HADOOP=:/util/mahout/mahout-distribution-0.8/src/conf:/ifs/user/biplapsa/project/mahout/neg_food/config
CLASSPATH with JAVA=:/util/mahout/mahout-distribution-0.8/src/conf:/ifs/user/biplapsa/project/mahout/neg_food/config:/util/java/jdk1.6.0_22//lib/tools.jar
Running on hadoop, using /util/hadoop/hadoop-0.20.1/bin/hadoop and HADOOP_CONF_DIR=/ifs/user/biplapsa/project/mahout/neg_food/config
MAHOUT-JOB: /util/mahout/mahout-distribution-0.8/examples/target/mahout-examples-0.8-job.jar
14/11/27 19:33:07 WARN driver.MahoutDriver: No trainnb.props found on classpath, will use command-line arguments only
14/11/27 19:33:07 INFO common.AbstractJob: Command line arguments: {--alphaI=[1.0], --endPhase=[2147483647], --extractLabels=null, --input=[/data/train-vectors], --labelIndex=[labelindex], --output=[model], --overwrite=null, --startPhase=[0], --tempDir=[temp], --trainComplementary=null}
14/11/27 19:33:07 INFO util.NativeCodeLoader: Loaded the native-hadoop library
14/11/27 19:33:07 INFO zlib.ZlibFactory: Successfully loaded & initialized native-zlib library
14/11/27 19:33:07 INFO compress.CodecPool: Got brand-new decompressor
14/11/27 19:33:33 INFO input.FileInputFormat: Total input paths to process : 1
14/11/27 19:33:34 INFO mapred.JobClient: Running job: job_201411271920_0010
14/11/27 19:33:35 INFO mapred.JobClient:  map 0% reduce 0%
14/11/27 19:33:51 INFO mapred.JobClient:  map 26% reduce 0%
14/11/27 19:33:54 INFO mapred.JobClient:  map 54% reduce 0%
14/11/27 19:33:57 INFO mapred.JobClient:  map 76% reduce 0%
14/11/27 19:34:00 INFO mapred.JobClient:  map 95% reduce 0%
14/11/27 19:34:03 INFO mapred.JobClient:  map 100% reduce 0%
14/11/27 19:34:12 INFO mapred.JobClient:  map 100% reduce 100%
14/11/27 19:34:14 INFO mapred.JobClient: Job complete: job_201411271920_0010
14/11/27 19:34:14 INFO mapred.JobClient: Counters: 18
14/11/27 19:34:14 INFO mapred.JobClient:   Job Counters 
14/11/27 19:34:14 INFO mapred.JobClient:     Launched reduce tasks=1
14/11/27 19:34:14 INFO mapred.JobClient:     Rack-local map tasks=1
14/11/27 19:34:14 INFO mapred.JobClient:     Launched map tasks=3
14/11/27 19:34:14 INFO mapred.JobClient:     Data-local map tasks=2
14/11/27 19:34:14 INFO mapred.JobClient:   FileSystemCounters
14/11/27 19:34:14 INFO mapred.JobClient:     FILE_BYTES_READ=4267446
14/11/27 19:34:14 INFO mapred.JobClient:     HDFS_BYTES_READ=397595033
14/11/27 19:34:14 INFO mapred.JobClient:     FILE_BYTES_WRITTEN=6401061
14/11/27 19:34:14 INFO mapred.JobClient:     HDFS_BYTES_WRITTEN=1885914
14/11/27 19:34:14 INFO mapred.JobClient:   Map-Reduce Framework
14/11/27 19:34:14 INFO mapred.JobClient:     Reduce input groups=0
14/11/27 19:34:14 INFO mapred.JobClient:     Combine output records=7
14/11/27 19:34:14 INFO mapred.JobClient:     Map input records=603743
14/11/27 19:34:14 INFO mapred.JobClient:     Reduce shuffle bytes=1478013
14/11/27 19:34:14 INFO mapred.JobClient:     Reduce output records=0
14/11/27 19:34:14 INFO mapred.JobClient:     Spilled Records=21
14/11/27 19:34:14 INFO mapred.JobClient:     Map output bytes=444262004
14/11/27 19:34:14 INFO mapred.JobClient:     Combine input records=603743
14/11/27 19:34:14 INFO mapred.JobClient:     Map output records=603743
14/11/27 19:34:14 INFO mapred.JobClient:     Reduce input records=7
14/11/27 19:34:15 INFO input.FileInputFormat: Total input paths to process : 1
14/11/27 19:34:15 INFO mapred.JobClient: Running job: job_201411271920_0011
14/11/27 19:34:16 INFO mapred.JobClient:  map 0% reduce 0%
14/11/27 19:34:27 INFO mapred.JobClient:  map 100% reduce 0%
14/11/27 19:34:39 INFO mapred.JobClient:  map 100% reduce 100%
14/11/27 19:34:41 INFO mapred.JobClient: Job complete: job_201411271920_0011
14/11/27 19:34:41 INFO mapred.JobClient: Counters: 17
14/11/27 19:34:41 INFO mapred.JobClient:   Job Counters 
14/11/27 19:34:41 INFO mapred.JobClient:     Launched reduce tasks=1
14/11/27 19:34:41 INFO mapred.JobClient:     Launched map tasks=1
14/11/27 19:34:41 INFO mapred.JobClient:     Data-local map tasks=1
14/11/27 19:34:41 INFO mapred.JobClient:   FileSystemCounters
14/11/27 19:34:41 INFO mapred.JobClient:     FILE_BYTES_READ=513093
14/11/27 19:34:41 INFO mapred.JobClient:     HDFS_BYTES_READ=1885914
14/11/27 19:34:41 INFO mapred.JobClient:     FILE_BYTES_WRITTEN=1026210
14/11/27 19:34:41 INFO mapred.JobClient:     HDFS_BYTES_WRITTEN=1182348
14/11/27 19:34:41 INFO mapred.JobClient:   Map-Reduce Framework
14/11/27 19:34:41 INFO mapred.JobClient:     Reduce input groups=0
14/11/27 19:34:41 INFO mapred.JobClient:     Combine output records=2
14/11/27 19:34:41 INFO mapred.JobClient:     Map input records=2
14/11/27 19:34:41 INFO mapred.JobClient:     Reduce shuffle bytes=0
14/11/27 19:34:41 INFO mapred.JobClient:     Reduce output records=0
14/11/27 19:34:41 INFO mapred.JobClient:     Spilled Records=4
14/11/27 19:34:41 INFO mapred.JobClient:     Map output bytes=1182222
14/11/27 19:34:41 INFO mapred.JobClient:     Combine input records=2
14/11/27 19:34:41 INFO mapred.JobClient:     Map output records=2
14/11/27 19:34:41 INFO mapred.JobClient:     Reduce input records=2
14/11/27 19:34:42 INFO driver.MahoutDriver: Program took 94933 ms (Minutes: 1.5822166666666666)
---------See what's in HDFS ------
Found 3 items
drwxr-xr-x   - biplapsa supergroup          0 2014-11-27 19:30 /data
drwxr-xr-x   - biplapsa supergroup          0 2014-11-27 19:21 /scratch
drwxr-xr-x   - biplapsa supergroup          0 2014-11-27 19:33 /user
-------To test the classifier is working properly on training set ---
CLASSPATH with MAHOUT=:/util/mahout/mahout-distribution-0.8/src/conf
MAHOUT_LOCAL is not set; adding HADOOP_CONF_DIR to classpath.
CLASSPATH with HADOOP=:/util/mahout/mahout-distribution-0.8/src/conf:/ifs/user/biplapsa/project/mahout/neg_food/config
CLASSPATH with JAVA=:/util/mahout/mahout-distribution-0.8/src/conf:/ifs/user/biplapsa/project/mahout/neg_food/config:/util/java/jdk1.6.0_22//lib/tools.jar
Running on hadoop, using /util/hadoop/hadoop-0.20.1/bin/hadoop and HADOOP_CONF_DIR=/ifs/user/biplapsa/project/mahout/neg_food/config
MAHOUT-JOB: /util/mahout/mahout-distribution-0.8/examples/target/mahout-examples-0.8-job.jar
14/11/27 19:34:47 WARN driver.MahoutDriver: No testnb.props found on classpath, will use command-line arguments only
14/11/27 19:34:47 INFO common.AbstractJob: Command line arguments: {--endPhase=[2147483647], --input=[/data/train-vectors], --labelIndex=[labelindex], --model=[model], --output=[/data/sentiments-testing], --overwrite=null, --startPhase=[0], --tempDir=[temp], --testComplementary=null}
14/11/27 19:34:47 INFO input.FileInputFormat: Total input paths to process : 1
14/11/27 19:34:48 INFO mapred.JobClient: Running job: job_201411271920_0012
14/11/27 19:34:49 INFO mapred.JobClient:  map 0% reduce 0%
14/11/27 19:35:06 INFO mapred.JobClient:  map 28% reduce 0%
14/11/27 19:35:09 INFO mapred.JobClient:  map 61% reduce 0%
14/11/27 19:35:12 INFO mapred.JobClient:  map 71% reduce 0%
14/11/27 19:35:15 INFO mapred.JobClient:  map 91% reduce 0%
14/11/27 19:35:18 INFO mapred.JobClient:  map 100% reduce 0%
14/11/27 19:35:20 INFO mapred.JobClient: Job complete: job_201411271920_0012
14/11/27 19:35:20 INFO mapred.JobClient: Counters: 8
14/11/27 19:35:20 INFO mapred.JobClient:   Job Counters 
14/11/27 19:35:20 INFO mapred.JobClient:     Rack-local map tasks=1
14/11/27 19:35:20 INFO mapred.JobClient:     Launched map tasks=3
14/11/27 19:35:20 INFO mapred.JobClient:     Data-local map tasks=2
14/11/27 19:35:20 INFO mapred.JobClient:   FileSystemCounters
14/11/27 19:35:20 INFO mapred.JobClient:     FILE_BYTES_READ=9275955
14/11/27 19:35:20 INFO mapred.JobClient:     HDFS_BYTES_READ=397595033
14/11/27 19:35:20 INFO mapred.JobClient:     HDFS_BYTES_WRITTEN=26376098
14/11/27 19:35:20 INFO mapred.JobClient:   Map-Reduce Framework
14/11/27 19:35:20 INFO mapred.JobClient:     Map input records=603743
14/11/27 19:35:20 INFO mapred.JobClient:     Spilled Records=0
14/11/27 19:35:25 INFO test.TestNaiveBayesDriver: Complementary Results: 
=======================================================
Summary
-------------------------------------------------------
Correctly Classified Instances          :     502316	   83.2003%
Incorrectly Classified Instances        :     101427	   16.7997%
Total Classified Instances              :     603743

=======================================================
Confusion Matrix
-------------------------------------------------------
a    	b    	<--Classified as
88656	23205	 |  111861	a     = Negative_Food
78222	413660	 |  491882	b     = Not_Negative_Food

=======================================================
Statistics
-------------------------------------------------------
Kappa                                      -0.2978
Accuracy                                   83.2003%
Reliability                                 54.451%
Reliability (standard deviation)            0.4722

14/11/27 19:35:25 INFO driver.MahoutDriver: Program took 38409 ms (Minutes: 0.64015)
------- To test the classifier is working properly on testing set ---
CLASSPATH with MAHOUT=:/util/mahout/mahout-distribution-0.8/src/conf
MAHOUT_LOCAL is not set; adding HADOOP_CONF_DIR to classpath.
CLASSPATH with HADOOP=:/util/mahout/mahout-distribution-0.8/src/conf:/ifs/user/biplapsa/project/mahout/neg_food/config
CLASSPATH with JAVA=:/util/mahout/mahout-distribution-0.8/src/conf:/ifs/user/biplapsa/project/mahout/neg_food/config:/util/java/jdk1.6.0_22//lib/tools.jar
Running on hadoop, using /util/hadoop/hadoop-0.20.1/bin/hadoop and HADOOP_CONF_DIR=/ifs/user/biplapsa/project/mahout/neg_food/config
MAHOUT-JOB: /util/mahout/mahout-distribution-0.8/examples/target/mahout-examples-0.8-job.jar
14/11/27 19:35:29 WARN driver.MahoutDriver: No testnb.props found on classpath, will use command-line arguments only
14/11/27 19:35:29 INFO common.AbstractJob: Command line arguments: {--endPhase=[2147483647], --input=[/data/test-vectors], --labelIndex=[labelindex], --model=[model], --output=[sentiments-testing], --overwrite=null, --startPhase=[0], --tempDir=[temp], --testComplementary=null}
14/11/27 19:35:30 INFO input.FileInputFormat: Total input paths to process : 1
14/11/27 19:35:31 INFO mapred.JobClient: Running job: job_201411271920_0013
14/11/27 19:35:32 INFO mapred.JobClient:  map 0% reduce 0%
14/11/27 19:35:48 INFO mapred.JobClient:  map 56% reduce 0%
14/11/27 19:35:54 INFO mapred.JobClient:  map 100% reduce 0%
14/11/27 19:35:56 INFO mapred.JobClient: Job complete: job_201411271920_0013
14/11/27 19:35:56 INFO mapred.JobClient: Counters: 7
14/11/27 19:35:56 INFO mapred.JobClient:   Job Counters 
14/11/27 19:35:56 INFO mapred.JobClient:     Launched map tasks=1
14/11/27 19:35:56 INFO mapred.JobClient:     Data-local map tasks=1
14/11/27 19:35:56 INFO mapred.JobClient:   FileSystemCounters
14/11/27 19:35:56 INFO mapred.JobClient:     FILE_BYTES_READ=3091985
14/11/27 19:35:56 INFO mapred.JobClient:     HDFS_BYTES_READ=99543423
14/11/27 19:35:56 INFO mapred.JobClient:     HDFS_BYTES_WRITTEN=6588834
14/11/27 19:35:56 INFO mapred.JobClient:   Map-Reduce Framework
14/11/27 19:35:56 INFO mapred.JobClient:     Map input records=150808
14/11/27 19:35:56 INFO mapred.JobClient:     Spilled Records=0
14/11/27 19:35:57 INFO test.TestNaiveBayesDriver: Complementary Results: 
=======================================================
Summary
-------------------------------------------------------
Correctly Classified Instances          :     122212	   81.0381%
Incorrectly Classified Instances        :      28596	   18.9619%
Total Classified Instances              :     150808

=======================================================
Confusion Matrix
-------------------------------------------------------
a    	b    	<--Classified as
20678	7174 	 |  27852 	a     = Negative_Food
21422	101534	 |  122956	b     = Not_Negative_Food

=======================================================
Statistics
-------------------------------------------------------
Kappa                                      -0.2933
Accuracy                                   81.0381%
Reliability                                52.2733%
Reliability (standard deviation)            0.4546

14/11/27 19:35:57 INFO driver.MahoutDriver: Program took 28083 ms (Minutes: 0.46805)
stop jobtracker (mapred)
stopping jobtracker
k08n41s01: stopping tasktracker
k08n41s02: stopping tasktracker
stop dfs
stopping namenode
k08n41s01: stopping datanode
k08n41s02: stopping datanode
k08n41s01: stopping secondarynamenode
Clean up
Number of Hadoop nodes specified by user: 2
Received 2 nodes from PBS
Clean up node: k08n41s01
rm -rf /scratch/hadoop-biplapsa/data /scratch/hadoop-biplapsa/log
Clean up node: k08n41s02
rm -rf /scratch/hadoop-biplapsa/data /scratch/hadoop-biplapsa/log

