SLURM Environment Variables:
Job ID = 3079192
Job Name = mahout_nb_neg_ambience
Job Node List = k08n41s[01-02]
Number of Nodes = 2
Tasks per node = 1
CPUs per task = 
/scratch/jobid = /scratch/3079192
Submit Host = k07n14
Submit Directory = /ifs/user/biplapsa/project/mahout/neg_ambience


Currently Loaded Modulefiles:
  1) null                          4) hadoop/0.20.1
  2) modules                       5) myhadoop/0.2a/hadoop-0.20.1
  3) java/j2sdk/1.6.0_22           6) mahout/0.8
MY_HADOOP_HOME=/util/myhadoop/myHadoop-0.2a
HADOOP_HOME=/util/hadoop/hadoop-0.20.1
MAHOUT_HOME=/util/mahout/mahout-distribution-0.8
MyHadoop config directory=/ifs/user/biplapsa/project/mahout/neg_ambience/config
Set up the configurations for myHadoop
Number of nodes in nodelist=2
Number of Hadoop nodes requested: 2
Generation Hadoop configuration in directory: /ifs/user/biplapsa/project/mahout/neg_ambience/config
Not persisting HDFS state
Received 2 nodes from PBS
Master is: k08n41s01
Configuring node: k08n41s01
rm -rf /scratch/hadoop-biplapsa/log; mkdir -p /scratch/hadoop-biplapsa/log
rm -rf /scratch/hadoop-biplapsa/data; mkdir -p /scratch/hadoop-biplapsa/data
Configuring node: k08n41s02
rm -rf /scratch/hadoop-biplapsa/log; mkdir -p /scratch/hadoop-biplapsa/log
rm -rf /scratch/hadoop-biplapsa/data; mkdir -p /scratch/hadoop-biplapsa/data

Format HDFS
14/11/27 20:55:18 INFO namenode.NameNode: STARTUP_MSG: 
/************************************************************
STARTUP_MSG: Starting NameNode
STARTUP_MSG:   host = k08n41s01/10.111.8.41
STARTUP_MSG:   args = [-format]
STARTUP_MSG:   version = 0.20.1
STARTUP_MSG:   build = http://svn.apache.org/repos/asf/hadoop/common/tags/release-0.20.1-rc1 -r 810220; compiled by 'oom' on Tue Sep  1 20:55:56 UTC 2009
************************************************************/
14/11/27 20:55:18 INFO namenode.FSNamesystem: fsOwner=biplapsa,cse722f14,u2,cse603f14
14/11/27 20:55:18 INFO namenode.FSNamesystem: supergroup=supergroup
14/11/27 20:55:18 INFO namenode.FSNamesystem: isPermissionEnabled=true
14/11/27 20:55:18 INFO common.Storage: Image file of size 98 saved in 0 seconds.
14/11/27 20:55:18 INFO common.Storage: Storage directory /scratch/hadoop-biplapsa/data/dfs/name has been successfully formatted.
14/11/27 20:55:18 INFO namenode.NameNode: SHUTDOWN_MSG: 
/************************************************************
SHUTDOWN_MSG: Shutting down NameNode at k08n41s01/10.111.8.41
************************************************************/

start dfs
starting namenode, logging to /scratch/hadoop-biplapsa/log/hadoop-biplapsa_k08n41s01-namenode-k08n41s01.out
k08n41s01: starting datanode, logging to /scratch/hadoop-biplapsa/log/hadoop-biplapsa_k08n41s01-datanode-k08n41s01.out
k08n41s02: starting datanode, logging to /scratch/hadoop-biplapsa/log/hadoop-biplapsa_k08n41s02-datanode-k08n41s02.out
k08n41s01: starting secondarynamenode, logging to /scratch/hadoop-biplapsa/log/hadoop-biplapsa_k08n41s01-secondarynamenode-k08n41s01.out

start jobtracker (mapred)
starting jobtracker, logging to /scratch/hadoop-biplapsa/log/hadoop-biplapsa_k08n41s01-jobtracker-k08n41s01.out
k08n41s02: starting tasktracker, logging to /scratch/hadoop-biplapsa/log/hadoop-biplapsa_k08n41s02-tasktracker-k08n41s02.out
k08n41s01: starting tasktracker, logging to /scratch/hadoop-biplapsa/log/hadoop-biplapsa_k08n41s01-tasktracker-k08n41s01.out

------- make directory ----
------- copy training data to dfs---
------- list files in dfs---
Found 1 items
drwxr-xr-x   - biplapsa supergroup          0 2014-11-27 20:55 /data/sentiments-seq
-------Using mahout to transform the training data into vectors using tfidf weights ---
CLASSPATH with MAHOUT=:/util/mahout/mahout-distribution-0.8/src/conf
MAHOUT_LOCAL is not set; adding HADOOP_CONF_DIR to classpath.
CLASSPATH with HADOOP=:/util/mahout/mahout-distribution-0.8/src/conf:/ifs/user/biplapsa/project/mahout/neg_ambience/config
CLASSPATH with JAVA=:/util/mahout/mahout-distribution-0.8/src/conf:/ifs/user/biplapsa/project/mahout/neg_ambience/config:/util/java/jdk1.6.0_22//lib/tools.jar
Running on hadoop, using /util/hadoop/hadoop-0.20.1/bin/hadoop and HADOOP_CONF_DIR=/ifs/user/biplapsa/project/mahout/neg_ambience/config
MAHOUT-JOB: /util/mahout/mahout-distribution-0.8/examples/target/mahout-examples-0.8-job.jar
14/11/27 20:56:22 INFO vectorizer.SparseVectorsFromSequenceFiles: Maximum n-gram size is: 1
14/11/27 20:56:22 INFO vectorizer.SparseVectorsFromSequenceFiles: Minimum LLR value: 1.0
14/11/27 20:56:22 INFO vectorizer.SparseVectorsFromSequenceFiles: Number of reduce tasks: 1
14/11/27 20:56:22 INFO vectorizer.SparseVectorsFromSequenceFiles: Tokenizing documents in /data/sentiments-seq
14/11/27 20:56:23 INFO input.FileInputFormat: Total input paths to process : 1
14/11/27 20:56:24 INFO mapred.JobClient: Running job: job_201411272055_0001
14/11/27 20:56:25 INFO mapred.JobClient:  map 0% reduce 0%
14/11/27 20:56:43 INFO mapred.JobClient:  map 37% reduce 0%
14/11/27 20:56:46 INFO mapred.JobClient:  map 48% reduce 0%
14/11/27 20:56:49 INFO mapred.JobClient:  map 65% reduce 0%
14/11/27 20:56:52 INFO mapred.JobClient:  map 87% reduce 0%
14/11/27 20:56:58 INFO mapred.JobClient:  map 100% reduce 0%
14/11/27 20:57:00 INFO mapred.JobClient: Job complete: job_201411272055_0001
14/11/27 20:57:00 INFO mapred.JobClient: Counters: 7
14/11/27 20:57:00 INFO mapred.JobClient:   Job Counters 
14/11/27 20:57:00 INFO mapred.JobClient:     Rack-local map tasks=1
14/11/27 20:57:00 INFO mapred.JobClient:     Launched map tasks=5
14/11/27 20:57:00 INFO mapred.JobClient:     Data-local map tasks=4
14/11/27 20:57:00 INFO mapred.JobClient:   FileSystemCounters
14/11/27 20:57:00 INFO mapred.JobClient:     HDFS_BYTES_READ=570861785
14/11/27 20:57:00 INFO mapred.JobClient:     HDFS_BYTES_WRITTEN=446996468
14/11/27 20:57:00 INFO mapred.JobClient:   Map-Reduce Framework
14/11/27 20:57:00 INFO mapred.JobClient:     Map input records=754618
14/11/27 20:57:00 INFO mapred.JobClient:     Spilled Records=0
14/11/27 20:57:00 INFO vectorizer.SparseVectorsFromSequenceFiles: Creating Term Frequency Vectors
14/11/27 20:57:00 INFO vectorizer.DictionaryVectorizer: Creating dictionary from /data/sentiments-vectors/tokenized-documents and saving at /data/sentiments-vectors/wordcount
14/11/27 20:57:00 INFO input.FileInputFormat: Total input paths to process : 5
14/11/27 20:57:01 INFO mapred.JobClient: Running job: job_201411272055_0002
14/11/27 20:57:02 INFO mapred.JobClient:  map 0% reduce 0%
14/11/27 20:57:19 INFO mapred.JobClient:  map 12% reduce 0%
14/11/27 20:57:22 INFO mapred.JobClient:  map 19% reduce 0%
14/11/27 20:57:25 INFO mapred.JobClient:  map 52% reduce 0%
14/11/27 20:57:28 INFO mapred.JobClient:  map 62% reduce 0%
14/11/27 20:57:31 INFO mapred.JobClient:  map 73% reduce 0%
14/11/27 20:57:34 INFO mapred.JobClient:  map 83% reduce 6%
14/11/27 20:57:37 INFO mapred.JobClient:  map 94% reduce 6%
14/11/27 20:57:40 INFO mapred.JobClient:  map 98% reduce 6%
14/11/27 20:57:43 INFO mapred.JobClient:  map 100% reduce 6%
14/11/27 20:57:52 INFO mapred.JobClient:  map 100% reduce 100%
14/11/27 20:57:54 INFO mapred.JobClient: Job complete: job_201411272055_0002
14/11/27 20:57:54 INFO mapred.JobClient: Counters: 18
14/11/27 20:57:54 INFO mapred.JobClient:   Job Counters 
14/11/27 20:57:54 INFO mapred.JobClient:     Launched reduce tasks=1
14/11/27 20:57:54 INFO mapred.JobClient:     Rack-local map tasks=1
14/11/27 20:57:54 INFO mapred.JobClient:     Launched map tasks=5
14/11/27 20:57:54 INFO mapred.JobClient:     Data-local map tasks=4
14/11/27 20:57:54 INFO mapred.JobClient:   FileSystemCounters
14/11/27 20:57:54 INFO mapred.JobClient:     FILE_BYTES_READ=116360951
14/11/27 20:57:54 INFO mapred.JobClient:     HDFS_BYTES_READ=446996468
14/11/27 20:57:54 INFO mapred.JobClient:     FILE_BYTES_WRITTEN=125315857
14/11/27 20:57:54 INFO mapred.JobClient:     HDFS_BYTES_WRITTEN=2748364
14/11/27 20:57:54 INFO mapred.JobClient:   Map-Reduce Framework
14/11/27 20:57:54 INFO mapred.JobClient:     Reduce input groups=0
14/11/27 20:57:54 INFO mapred.JobClient:     Combine output records=3789102
14/11/27 20:57:54 INFO mapred.JobClient:     Map input records=754618
14/11/27 20:57:54 INFO mapred.JobClient:     Reduce shuffle bytes=6968970
14/11/27 20:57:54 INFO mapred.JobClient:     Reduce output records=0
14/11/27 20:57:54 INFO mapred.JobClient:     Spilled Records=7004867
14/11/27 20:57:54 INFO mapred.JobClient:     Map output bytes=717656138
14/11/27 20:57:54 INFO mapred.JobClient:     Combine input records=53858843
14/11/27 20:57:54 INFO mapred.JobClient:     Map output records=50551543
14/11/27 20:57:54 INFO mapred.JobClient:     Reduce input records=481802
14/11/27 20:57:55 INFO input.FileInputFormat: Total input paths to process : 5
14/11/27 20:57:55 INFO mapred.JobClient: Running job: job_201411272055_0003
14/11/27 20:57:56 INFO mapred.JobClient:  map 0% reduce 0%
14/11/27 20:58:12 INFO mapred.JobClient:  map 56% reduce 0%
14/11/27 20:58:15 INFO mapred.JobClient:  map 91% reduce 0%
14/11/27 20:58:18 INFO mapred.JobClient:  map 100% reduce 0%
14/11/27 20:58:21 INFO mapred.JobClient:  map 100% reduce 13%
14/11/27 20:58:24 INFO mapred.JobClient:  map 100% reduce 33%
14/11/27 20:58:27 INFO mapred.JobClient:  map 100% reduce 67%
14/11/27 20:58:30 INFO mapred.JobClient:  map 100% reduce 69%
14/11/27 20:58:33 INFO mapred.JobClient:  map 100% reduce 71%
14/11/27 20:58:36 INFO mapred.JobClient:  map 100% reduce 73%
14/11/27 20:58:39 INFO mapred.JobClient:  map 100% reduce 76%
14/11/27 20:58:42 INFO mapred.JobClient:  map 100% reduce 78%
14/11/27 20:58:45 INFO mapred.JobClient:  map 100% reduce 80%
14/11/27 20:58:48 INFO mapred.JobClient:  map 100% reduce 82%
14/11/27 20:58:51 INFO mapred.JobClient:  map 100% reduce 85%
14/11/27 20:58:54 INFO mapred.JobClient:  map 100% reduce 87%
14/11/27 20:58:57 INFO mapred.JobClient:  map 100% reduce 89%
14/11/27 20:59:00 INFO mapred.JobClient:  map 100% reduce 92%
14/11/27 20:59:03 INFO mapred.JobClient:  map 100% reduce 94%
14/11/27 20:59:06 INFO mapred.JobClient:  map 100% reduce 96%
14/11/27 20:59:12 INFO mapred.JobClient:  map 100% reduce 100%
14/11/27 20:59:14 INFO mapred.JobClient: Job complete: job_201411272055_0003
14/11/27 20:59:14 INFO mapred.JobClient: Counters: 19
14/11/27 20:59:14 INFO mapred.JobClient:   Job Counters 
14/11/27 20:59:14 INFO mapred.JobClient:     Launched reduce tasks=1
14/11/27 20:59:14 INFO mapred.JobClient:     Rack-local map tasks=1
14/11/27 20:59:14 INFO mapred.JobClient:     Launched map tasks=5
14/11/27 20:59:14 INFO mapred.JobClient:     Data-local map tasks=4
14/11/27 20:59:14 INFO mapred.JobClient:   TFPartialVectorReducer
14/11/27 20:59:14 INFO mapred.JobClient:     emptyVectorCount=67
14/11/27 20:59:14 INFO mapred.JobClient:   FileSystemCounters
14/11/27 20:59:14 INFO mapred.JobClient:     FILE_BYTES_READ=856153131
14/11/27 20:59:14 INFO mapred.JobClient:     HDFS_BYTES_READ=446996468
14/11/27 20:59:14 INFO mapred.JobClient:     FILE_BYTES_WRITTEN=1293853514
14/11/27 20:59:14 INFO mapred.JobClient:     HDFS_BYTES_WRITTEN=615027545
14/11/27 20:59:14 INFO mapred.JobClient:   Map-Reduce Framework
14/11/27 20:59:14 INFO mapred.JobClient:     Reduce input groups=0
14/11/27 20:59:14 INFO mapred.JobClient:     Combine output records=0
14/11/27 20:59:14 INFO mapred.JobClient:     Map input records=754618
14/11/27 20:59:14 INFO mapred.JobClient:     Reduce shuffle bytes=336486487
14/11/27 20:59:14 INFO mapred.JobClient:     Reduce output records=0
14/11/27 20:59:14 INFO mapred.JobClient:     Spilled Records=2218604
14/11/27 20:59:14 INFO mapred.JobClient:     Map output bytes=437358139
14/11/27 20:59:14 INFO mapred.JobClient:     Combine input records=0
14/11/27 20:59:14 INFO mapred.JobClient:     Map output records=754618
14/11/27 20:59:14 INFO mapred.JobClient:     Reduce input records=754618
14/11/27 20:59:15 INFO input.FileInputFormat: Total input paths to process : 1
14/11/27 20:59:16 INFO mapred.JobClient: Running job: job_201411272055_0004
14/11/27 20:59:17 INFO mapred.JobClient:  map 0% reduce 0%
14/11/27 20:59:34 INFO mapred.JobClient:  map 64% reduce 0%
14/11/27 20:59:37 INFO mapred.JobClient:  map 94% reduce 0%
14/11/27 20:59:40 INFO mapred.JobClient:  map 100% reduce 0%
14/11/27 20:59:43 INFO mapred.JobClient:  map 100% reduce 6%
14/11/27 20:59:46 INFO mapred.JobClient:  map 100% reduce 26%
14/11/27 20:59:49 INFO mapred.JobClient:  map 100% reduce 66%
14/11/27 20:59:52 INFO mapred.JobClient:  map 100% reduce 70%
14/11/27 20:59:55 INFO mapred.JobClient:  map 100% reduce 73%
14/11/27 20:59:58 INFO mapred.JobClient:  map 100% reduce 77%
14/11/27 21:00:01 INFO mapred.JobClient:  map 100% reduce 80%
14/11/27 21:00:04 INFO mapred.JobClient:  map 100% reduce 84%
14/11/27 21:00:07 INFO mapred.JobClient:  map 100% reduce 87%
14/11/27 21:00:10 INFO mapred.JobClient:  map 100% reduce 91%
14/11/27 21:00:13 INFO mapred.JobClient:  map 100% reduce 94%
14/11/27 21:00:19 INFO mapred.JobClient:  map 100% reduce 100%
14/11/27 21:00:21 INFO mapred.JobClient: Job complete: job_201411272055_0004
14/11/27 21:00:21 INFO mapred.JobClient: Counters: 18
14/11/27 21:00:21 INFO mapred.JobClient:   Job Counters 
14/11/27 21:00:21 INFO mapred.JobClient:     Launched reduce tasks=1
14/11/27 21:00:21 INFO mapred.JobClient:     Rack-local map tasks=3
14/11/27 21:00:21 INFO mapred.JobClient:     Launched map tasks=5
14/11/27 21:00:21 INFO mapred.JobClient:     Data-local map tasks=2
14/11/27 21:00:21 INFO mapred.JobClient:   FileSystemCounters
14/11/27 21:00:21 INFO mapred.JobClient:     FILE_BYTES_READ=1137133129
14/11/27 21:00:21 INFO mapred.JobClient:     HDFS_BYTES_READ=615035810
14/11/27 21:00:21 INFO mapred.JobClient:     FILE_BYTES_WRITTEN=1744271212
14/11/27 21:00:21 INFO mapred.JobClient:     HDFS_BYTES_WRITTEN=615027545
14/11/27 21:00:21 INFO mapred.JobClient:   Map-Reduce Framework
14/11/27 21:00:21 INFO mapred.JobClient:     Reduce input groups=0
14/11/27 21:00:21 INFO mapred.JobClient:     Combine output records=0
14/11/27 21:00:21 INFO mapred.JobClient:     Map input records=754551
14/11/27 21:00:21 INFO mapred.JobClient:     Reduce shuffle bytes=474676022
14/11/27 21:00:21 INFO mapred.JobClient:     Reduce output records=0
14/11/27 21:00:21 INFO mapred.JobClient:     Spilled Records=2165953
14/11/27 21:00:21 INFO mapred.JobClient:     Map output bytes=604295967
14/11/27 21:00:21 INFO mapred.JobClient:     Combine input records=0
14/11/27 21:00:21 INFO mapred.JobClient:     Map output records=754551
14/11/27 21:00:21 INFO mapred.JobClient:     Reduce input records=754551
14/11/27 21:00:21 INFO common.HadoopUtil: Deleting /data/sentiments-vectors/partial-vectors-0
14/11/27 21:00:21 INFO vectorizer.SparseVectorsFromSequenceFiles: Calculating IDF
14/11/27 21:00:22 INFO input.FileInputFormat: Total input paths to process : 1
14/11/27 21:00:22 INFO mapred.JobClient: Running job: job_201411272055_0005
14/11/27 21:00:23 INFO mapred.JobClient:  map 0% reduce 0%
14/11/27 21:00:40 INFO mapred.JobClient:  map 18% reduce 0%
14/11/27 21:00:43 INFO mapred.JobClient:  map 47% reduce 0%
14/11/27 21:00:46 INFO mapred.JobClient:  map 70% reduce 0%
14/11/27 21:00:49 INFO mapred.JobClient:  map 85% reduce 0%
14/11/27 21:00:52 INFO mapred.JobClient:  map 98% reduce 0%
14/11/27 21:00:55 INFO mapred.JobClient:  map 100% reduce 6%
14/11/27 21:01:04 INFO mapred.JobClient:  map 100% reduce 100%
14/11/27 21:01:06 INFO mapred.JobClient: Job complete: job_201411272055_0005
14/11/27 21:01:06 INFO mapred.JobClient: Counters: 18
14/11/27 21:01:06 INFO mapred.JobClient:   Job Counters 
14/11/27 21:01:06 INFO mapred.JobClient:     Launched reduce tasks=1
14/11/27 21:01:06 INFO mapred.JobClient:     Rack-local map tasks=3
14/11/27 21:01:06 INFO mapred.JobClient:     Launched map tasks=5
14/11/27 21:01:06 INFO mapred.JobClient:     Data-local map tasks=2
14/11/27 21:01:06 INFO mapred.JobClient:   FileSystemCounters
14/11/27 21:01:06 INFO mapred.JobClient:     FILE_BYTES_READ=81575144
14/11/27 21:01:06 INFO mapred.JobClient:     HDFS_BYTES_READ=615035810
14/11/27 21:01:06 INFO mapred.JobClient:     FILE_BYTES_WRITTEN=86691914
14/11/27 21:01:06 INFO mapred.JobClient:     HDFS_BYTES_WRITTEN=2247493
14/11/27 21:01:06 INFO mapred.JobClient:   Map-Reduce Framework
14/11/27 21:01:06 INFO mapred.JobClient:     Reduce input groups=0
14/11/27 21:01:06 INFO mapred.JobClient:     Combine output records=3346821
14/11/27 21:01:06 INFO mapred.JobClient:     Map input records=754551
14/11/27 21:01:06 INFO mapred.JobClient:     Reduce shuffle bytes=4057000
14/11/27 21:01:06 INFO mapred.JobClient:     Reduce output records=0
14/11/27 21:01:06 INFO mapred.JobClient:     Spilled Records=6192173
14/11/27 21:01:06 INFO mapred.JobClient:     Map output bytes=614284092
14/11/27 21:01:06 INFO mapred.JobClient:     Combine input records=54171692
14/11/27 21:01:06 INFO mapred.JobClient:     Map output records=51190341
14/11/27 21:01:06 INFO mapred.JobClient:     Reduce input records=365470
14/11/27 21:01:06 INFO vectorizer.SparseVectorsFromSequenceFiles: Pruning
14/11/27 21:01:07 INFO input.FileInputFormat: Total input paths to process : 1
14/11/27 21:01:07 INFO mapred.JobClient: Running job: job_201411272055_0006
14/11/27 21:01:08 INFO mapred.JobClient:  map 0% reduce 0%
14/11/27 21:01:25 INFO mapred.JobClient:  map 44% reduce 0%
14/11/27 21:01:28 INFO mapred.JobClient:  map 80% reduce 0%
14/11/27 21:01:31 INFO mapred.JobClient:  map 95% reduce 0%
14/11/27 21:01:34 INFO mapred.JobClient:  map 100% reduce 0%
14/11/27 21:01:40 INFO mapred.JobClient:  map 100% reduce 6%
14/11/27 21:01:49 INFO mapred.JobClient:  map 100% reduce 26%
14/11/27 21:02:13 INFO mapred.JobClient:  map 100% reduce 33%
14/11/27 21:02:22 INFO mapred.JobClient:  map 100% reduce 69%
14/11/27 21:02:25 INFO mapred.JobClient:  map 100% reduce 73%
14/11/27 21:02:28 INFO mapred.JobClient:  map 100% reduce 77%
14/11/27 21:02:31 INFO mapred.JobClient:  map 100% reduce 81%
14/11/27 21:02:34 INFO mapred.JobClient:  map 100% reduce 85%
14/11/27 21:02:37 INFO mapred.JobClient:  map 100% reduce 89%
14/11/27 21:02:40 INFO mapred.JobClient:  map 100% reduce 93%
14/11/27 21:02:46 INFO mapred.JobClient:  map 100% reduce 100%
14/11/27 21:02:48 INFO mapred.JobClient: Job complete: job_201411272055_0006
14/11/27 21:02:48 INFO mapred.JobClient: Counters: 18
14/11/27 21:02:48 INFO mapred.JobClient:   Job Counters 
14/11/27 21:02:48 INFO mapred.JobClient:     Launched reduce tasks=1
14/11/27 21:02:48 INFO mapred.JobClient:     Rack-local map tasks=3
14/11/27 21:02:48 INFO mapred.JobClient:     Launched map tasks=5
14/11/27 21:02:48 INFO mapred.JobClient:     Data-local map tasks=2
14/11/27 21:02:48 INFO mapred.JobClient:   FileSystemCounters
14/11/27 21:02:48 INFO mapred.JobClient:     FILE_BYTES_READ=306136948
14/11/27 21:02:48 INFO mapred.JobClient:     HDFS_BYTES_READ=615035810
14/11/27 21:02:48 INFO mapred.JobClient:     FILE_BYTES_WRITTEN=466068041
14/11/27 21:02:48 INFO mapred.JobClient:     HDFS_BYTES_WRITTEN=615027545
14/11/27 21:02:48 INFO mapred.JobClient:   Map-Reduce Framework
14/11/27 21:02:48 INFO mapred.JobClient:     Reduce input groups=0
14/11/27 21:02:48 INFO mapred.JobClient:     Combine output records=0
14/11/27 21:02:48 INFO mapred.JobClient:     Map input records=754551
14/11/27 21:02:48 INFO mapred.JobClient:     Reduce shuffle bytes=126911420
14/11/27 21:02:48 INFO mapred.JobClient:     Reduce output records=0
14/11/27 21:02:48 INFO mapred.JobClient:     Spilled Records=2165953
14/11/27 21:02:48 INFO mapred.JobClient:     Map output bytes=604295967
14/11/27 21:02:48 INFO mapred.JobClient:     Combine input records=0
14/11/27 21:02:48 INFO mapred.JobClient:     Map output records=754551
14/11/27 21:02:48 INFO mapred.JobClient:     Reduce input records=754551
14/11/27 21:02:49 INFO input.FileInputFormat: Total input paths to process : 1
14/11/27 21:02:50 INFO mapred.JobClient: Running job: job_201411272055_0007
14/11/27 21:02:51 INFO mapred.JobClient:  map 0% reduce 0%
14/11/27 21:03:07 INFO mapred.JobClient:  map 64% reduce 0%
14/11/27 21:03:10 INFO mapred.JobClient:  map 95% reduce 0%
14/11/27 21:03:13 INFO mapred.JobClient:  map 100% reduce 0%
14/11/27 21:03:16 INFO mapred.JobClient:  map 100% reduce 6%
14/11/27 21:03:19 INFO mapred.JobClient:  map 100% reduce 26%
14/11/27 21:03:22 INFO mapred.JobClient:  map 100% reduce 67%
14/11/27 21:03:25 INFO mapred.JobClient:  map 100% reduce 71%
14/11/27 21:03:28 INFO mapred.JobClient:  map 100% reduce 76%
14/11/27 21:03:31 INFO mapred.JobClient:  map 100% reduce 81%
14/11/27 21:03:34 INFO mapred.JobClient:  map 100% reduce 86%
14/11/27 21:03:37 INFO mapred.JobClient:  map 100% reduce 91%
14/11/27 21:03:43 INFO mapred.JobClient:  map 100% reduce 100%
14/11/27 21:03:45 INFO mapred.JobClient: Job complete: job_201411272055_0007
14/11/27 21:03:45 INFO mapred.JobClient: Counters: 18
14/11/27 21:03:45 INFO mapred.JobClient:   Job Counters 
14/11/27 21:03:45 INFO mapred.JobClient:     Launched reduce tasks=1
14/11/27 21:03:45 INFO mapred.JobClient:     Rack-local map tasks=3
14/11/27 21:03:45 INFO mapred.JobClient:     Launched map tasks=5
14/11/27 21:03:45 INFO mapred.JobClient:     Data-local map tasks=2
14/11/27 21:03:45 INFO mapred.JobClient:   FileSystemCounters
14/11/27 21:03:45 INFO mapred.JobClient:     FILE_BYTES_READ=1137133129
14/11/27 21:03:45 INFO mapred.JobClient:     HDFS_BYTES_READ=615035810
14/11/27 21:03:45 INFO mapred.JobClient:     FILE_BYTES_WRITTEN=1744271212
14/11/27 21:03:45 INFO mapred.JobClient:     HDFS_BYTES_WRITTEN=615027545
14/11/27 21:03:45 INFO mapred.JobClient:   Map-Reduce Framework
14/11/27 21:03:45 INFO mapred.JobClient:     Reduce input groups=0
14/11/27 21:03:45 INFO mapred.JobClient:     Combine output records=0
14/11/27 21:03:45 INFO mapred.JobClient:     Map input records=754551
14/11/27 21:03:45 INFO mapred.JobClient:     Reduce shuffle bytes=474676022
14/11/27 21:03:45 INFO mapred.JobClient:     Reduce output records=0
14/11/27 21:03:45 INFO mapred.JobClient:     Spilled Records=2165953
14/11/27 21:03:45 INFO mapred.JobClient:     Map output bytes=604295967
14/11/27 21:03:45 INFO mapred.JobClient:     Combine input records=0
14/11/27 21:03:45 INFO mapred.JobClient:     Map output records=754551
14/11/27 21:03:45 INFO mapred.JobClient:     Reduce input records=754551
14/11/27 21:03:45 INFO common.HadoopUtil: Deleting /data/sentiments-vectors/tf-vectors-partial
14/11/27 21:03:45 INFO common.HadoopUtil: Deleting /data/sentiments-vectors/tf-vectors-toprune
14/11/27 21:03:46 INFO input.FileInputFormat: Total input paths to process : 1
14/11/27 21:03:46 INFO mapred.JobClient: Running job: job_201411272055_0008
14/11/27 21:03:47 INFO mapred.JobClient:  map 0% reduce 0%
14/11/27 21:04:04 INFO mapred.JobClient:  map 64% reduce 0%
14/11/27 21:04:07 INFO mapred.JobClient:  map 94% reduce 0%
14/11/27 21:04:10 INFO mapred.JobClient:  map 100% reduce 0%
14/11/27 21:04:13 INFO mapred.JobClient:  map 100% reduce 6%
14/11/27 21:04:16 INFO mapred.JobClient:  map 100% reduce 26%
14/11/27 21:04:19 INFO mapred.JobClient:  map 100% reduce 66%
14/11/27 21:04:22 INFO mapred.JobClient:  map 100% reduce 70%
14/11/27 21:04:25 INFO mapred.JobClient:  map 100% reduce 73%
14/11/27 21:04:28 INFO mapred.JobClient:  map 100% reduce 76%
14/11/27 21:04:31 INFO mapred.JobClient:  map 100% reduce 80%
14/11/27 21:04:34 INFO mapred.JobClient:  map 100% reduce 83%
14/11/27 21:04:37 INFO mapred.JobClient:  map 100% reduce 86%
14/11/27 21:04:40 INFO mapred.JobClient:  map 100% reduce 90%
14/11/27 21:04:43 INFO mapred.JobClient:  map 100% reduce 93%
14/11/27 21:04:46 INFO mapred.JobClient:  map 100% reduce 96%
14/11/27 21:04:52 INFO mapred.JobClient:  map 100% reduce 100%
14/11/27 21:04:54 INFO mapred.JobClient: Job complete: job_201411272055_0008
14/11/27 21:04:54 INFO mapred.JobClient: Counters: 18
14/11/27 21:04:54 INFO mapred.JobClient:   Job Counters 
14/11/27 21:04:54 INFO mapred.JobClient:     Launched reduce tasks=1
14/11/27 21:04:54 INFO mapred.JobClient:     Rack-local map tasks=3
14/11/27 21:04:54 INFO mapred.JobClient:     Launched map tasks=5
14/11/27 21:04:54 INFO mapred.JobClient:     Data-local map tasks=2
14/11/27 21:04:54 INFO mapred.JobClient:   FileSystemCounters
14/11/27 21:04:54 INFO mapred.JobClient:     FILE_BYTES_READ=1139398170
14/11/27 21:04:54 INFO mapred.JobClient:     HDFS_BYTES_READ=615035810
14/11/27 21:04:54 INFO mapred.JobClient:     FILE_BYTES_WRITTEN=1744271212
14/11/27 21:04:54 INFO mapred.JobClient:     HDFS_BYTES_WRITTEN=615027545
14/11/27 21:04:54 INFO mapred.JobClient:   Map-Reduce Framework
14/11/27 21:04:54 INFO mapred.JobClient:     Reduce input groups=0
14/11/27 21:04:54 INFO mapred.JobClient:     Combine output records=0
14/11/27 21:04:54 INFO mapred.JobClient:     Map input records=754551
14/11/27 21:04:54 INFO mapred.JobClient:     Reduce shuffle bytes=474676022
14/11/27 21:04:54 INFO mapred.JobClient:     Reduce output records=0
14/11/27 21:04:54 INFO mapred.JobClient:     Spilled Records=2165953
14/11/27 21:04:54 INFO mapred.JobClient:     Map output bytes=604295967
14/11/27 21:04:54 INFO mapred.JobClient:     Combine input records=0
14/11/27 21:04:54 INFO mapred.JobClient:     Map output records=754551
14/11/27 21:04:54 INFO mapred.JobClient:     Reduce input records=754551
14/11/27 21:04:55 INFO input.FileInputFormat: Total input paths to process : 1
14/11/27 21:04:56 INFO mapred.JobClient: Running job: job_201411272055_0009
14/11/27 21:04:57 INFO mapred.JobClient:  map 0% reduce 0%
14/11/27 21:05:14 INFO mapred.JobClient:  map 63% reduce 0%
14/11/27 21:05:17 INFO mapred.JobClient:  map 95% reduce 0%
14/11/27 21:05:20 INFO mapred.JobClient:  map 100% reduce 0%
14/11/27 21:05:23 INFO mapred.JobClient:  map 100% reduce 6%
14/11/27 21:05:26 INFO mapred.JobClient:  map 100% reduce 26%
14/11/27 21:05:29 INFO mapred.JobClient:  map 100% reduce 66%
14/11/27 21:05:32 INFO mapred.JobClient:  map 100% reduce 70%
14/11/27 21:05:35 INFO mapred.JobClient:  map 100% reduce 73%
14/11/27 21:05:38 INFO mapred.JobClient:  map 100% reduce 77%
14/11/27 21:05:41 INFO mapred.JobClient:  map 100% reduce 80%
14/11/27 21:05:44 INFO mapred.JobClient:  map 100% reduce 84%
14/11/27 21:05:47 INFO mapred.JobClient:  map 100% reduce 88%
14/11/27 21:05:50 INFO mapred.JobClient:  map 100% reduce 91%
14/11/27 21:05:53 INFO mapred.JobClient:  map 100% reduce 95%
14/11/27 21:05:59 INFO mapred.JobClient:  map 100% reduce 100%
14/11/27 21:06:01 INFO mapred.JobClient: Job complete: job_201411272055_0009
14/11/27 21:06:01 INFO mapred.JobClient: Counters: 18
14/11/27 21:06:01 INFO mapred.JobClient:   Job Counters 
14/11/27 21:06:01 INFO mapred.JobClient:     Launched reduce tasks=1
14/11/27 21:06:01 INFO mapred.JobClient:     Rack-local map tasks=3
14/11/27 21:06:01 INFO mapred.JobClient:     Launched map tasks=5
14/11/27 21:06:01 INFO mapred.JobClient:     Data-local map tasks=2
14/11/27 21:06:01 INFO mapred.JobClient:   FileSystemCounters
14/11/27 21:06:01 INFO mapred.JobClient:     FILE_BYTES_READ=1137133129
14/11/27 21:06:01 INFO mapred.JobClient:     HDFS_BYTES_READ=615035810
14/11/27 21:06:01 INFO mapred.JobClient:     FILE_BYTES_WRITTEN=1744271212
14/11/27 21:06:01 INFO mapred.JobClient:     HDFS_BYTES_WRITTEN=615027545
14/11/27 21:06:01 INFO mapred.JobClient:   Map-Reduce Framework
14/11/27 21:06:01 INFO mapred.JobClient:     Reduce input groups=0
14/11/27 21:06:01 INFO mapred.JobClient:     Combine output records=0
14/11/27 21:06:01 INFO mapred.JobClient:     Map input records=754551
14/11/27 21:06:01 INFO mapred.JobClient:     Reduce shuffle bytes=474676022
14/11/27 21:06:01 INFO mapred.JobClient:     Reduce output records=0
14/11/27 21:06:01 INFO mapred.JobClient:     Spilled Records=2165953
14/11/27 21:06:01 INFO mapred.JobClient:     Map output bytes=604295967
14/11/27 21:06:01 INFO mapred.JobClient:     Combine input records=0
14/11/27 21:06:01 INFO mapred.JobClient:     Map output records=754551
14/11/27 21:06:01 INFO mapred.JobClient:     Reduce input records=754551
14/11/27 21:06:01 INFO common.HadoopUtil: Deleting /data/sentiments-vectors/partial-vectors-0
14/11/27 21:06:01 INFO driver.MahoutDriver: Program took 578726 ms (Minutes: 9.645433333333333)
-------list directory sentiment-vectors ---
Found 7 items
drwxr-xr-x   - biplapsa supergroup          0 2014-11-27 21:01 /data/sentiments-vectors/df-count
-rw-r--r--   1 biplapsa supergroup    2298935 2014-11-27 20:57 /data/sentiments-vectors/dictionary.file-0
-rw-r--r--   1 biplapsa supergroup    2247473 2014-11-27 21:01 /data/sentiments-vectors/frequency.file-0
drwxr-xr-x   - biplapsa supergroup          0 2014-11-27 21:03 /data/sentiments-vectors/tf-vectors
drwxr-xr-x   - biplapsa supergroup          0 2014-11-27 21:05 /data/sentiments-vectors/tfidf-vectors
drwxr-xr-x   - biplapsa supergroup          0 2014-11-27 20:56 /data/sentiments-vectors/tokenized-documents
drwxr-xr-x   - biplapsa supergroup          0 2014-11-27 20:57 /data/sentiments-vectors/wordcount
 ------Using mahout to splits the sets into two sets: traing and testing sets ---
CLASSPATH with MAHOUT=:/util/mahout/mahout-distribution-0.8/src/conf
MAHOUT_LOCAL is not set; adding HADOOP_CONF_DIR to classpath.
CLASSPATH with HADOOP=:/util/mahout/mahout-distribution-0.8/src/conf:/ifs/user/biplapsa/project/mahout/neg_ambience/config
CLASSPATH with JAVA=:/util/mahout/mahout-distribution-0.8/src/conf:/ifs/user/biplapsa/project/mahout/neg_ambience/config:/util/java/jdk1.6.0_22//lib/tools.jar
Running on hadoop, using /util/hadoop/hadoop-0.20.1/bin/hadoop and HADOOP_CONF_DIR=/ifs/user/biplapsa/project/mahout/neg_ambience/config
MAHOUT-JOB: /util/mahout/mahout-distribution-0.8/examples/target/mahout-examples-0.8-job.jar
14/11/27 21:06:06 WARN driver.MahoutDriver: No split.props found on classpath, will use command-line arguments only
14/11/27 21:06:06 INFO common.AbstractJob: Command line arguments: {--endPhase=[2147483647], --input=[/data/sentiments-vectors/tfidf-vectors], --method=[sequential], --overwrite=null, --randomSelectionPct=[20], --sequenceFiles=null, --startPhase=[0], --tempDir=[temp], --testOutput=[/data/test-vectors], --trainingOutput=[/data/train-vectors]}
14/11/27 21:06:28 INFO utils.SplitInput: part-r-00000 has 3706135 lines
14/11/27 21:06:28 INFO utils.SplitInput: part-r-00000 test split size is 741227 based on random selection percentage 20
14/11/27 21:06:28 INFO util.NativeCodeLoader: Loaded the native-hadoop library
14/11/27 21:06:28 INFO zlib.ZlibFactory: Successfully loaded & initialized native-zlib library
14/11/27 21:06:28 INFO compress.CodecPool: Got brand-new compressor
14/11/27 21:06:28 INFO compress.CodecPool: Got brand-new compressor
14/11/27 21:08:11 INFO utils.SplitInput: file: part-r-00000, input: 3706135 train: 603972, test: 150579 starting at 0
14/11/27 21:08:11 INFO driver.MahoutDriver: Program took 124995 ms (Minutes: 2.08325)
-------Train the classifier on training set---
CLASSPATH with MAHOUT=:/util/mahout/mahout-distribution-0.8/src/conf
MAHOUT_LOCAL is not set; adding HADOOP_CONF_DIR to classpath.
CLASSPATH with HADOOP=:/util/mahout/mahout-distribution-0.8/src/conf:/ifs/user/biplapsa/project/mahout/neg_ambience/config
CLASSPATH with JAVA=:/util/mahout/mahout-distribution-0.8/src/conf:/ifs/user/biplapsa/project/mahout/neg_ambience/config:/util/java/jdk1.6.0_22//lib/tools.jar
Running on hadoop, using /util/hadoop/hadoop-0.20.1/bin/hadoop and HADOOP_CONF_DIR=/ifs/user/biplapsa/project/mahout/neg_ambience/config
MAHOUT-JOB: /util/mahout/mahout-distribution-0.8/examples/target/mahout-examples-0.8-job.jar
14/11/27 21:08:16 WARN driver.MahoutDriver: No trainnb.props found on classpath, will use command-line arguments only
14/11/27 21:08:16 INFO common.AbstractJob: Command line arguments: {--alphaI=[1.0], --endPhase=[2147483647], --extractLabels=null, --input=[/data/train-vectors], --labelIndex=[labelindex], --output=[model], --overwrite=null, --startPhase=[0], --tempDir=[temp], --trainComplementary=null}
14/11/27 21:08:16 INFO util.NativeCodeLoader: Loaded the native-hadoop library
14/11/27 21:08:16 INFO zlib.ZlibFactory: Successfully loaded & initialized native-zlib library
14/11/27 21:08:16 INFO compress.CodecPool: Got brand-new decompressor
14/11/27 21:08:43 INFO input.FileInputFormat: Total input paths to process : 1
14/11/27 21:08:43 INFO mapred.JobClient: Running job: job_201411272055_0010
14/11/27 21:08:44 INFO mapred.JobClient:  map 0% reduce 0%
14/11/27 21:09:02 INFO mapred.JobClient:  map 25% reduce 0%
14/11/27 21:09:05 INFO mapred.JobClient:  map 53% reduce 0%
14/11/27 21:09:08 INFO mapred.JobClient:  map 75% reduce 0%
14/11/27 21:09:11 INFO mapred.JobClient:  map 94% reduce 0%
14/11/27 21:09:14 INFO mapred.JobClient:  map 100% reduce 0%
14/11/27 21:09:23 INFO mapred.JobClient:  map 100% reduce 100%
14/11/27 21:09:25 INFO mapred.JobClient: Job complete: job_201411272055_0010
14/11/27 21:09:25 INFO mapred.JobClient: Counters: 18
14/11/27 21:09:25 INFO mapred.JobClient:   Job Counters 
14/11/27 21:09:25 INFO mapred.JobClient:     Launched reduce tasks=1
14/11/27 21:09:25 INFO mapred.JobClient:     Rack-local map tasks=2
14/11/27 21:09:25 INFO mapred.JobClient:     Launched map tasks=3
14/11/27 21:09:25 INFO mapred.JobClient:     Data-local map tasks=1
14/11/27 21:09:25 INFO mapred.JobClient:   FileSystemCounters
14/11/27 21:09:25 INFO mapred.JobClient:     FILE_BYTES_READ=4275424
14/11/27 21:09:25 INFO mapred.JobClient:     HDFS_BYTES_READ=400388548
14/11/27 21:09:25 INFO mapred.JobClient:     FILE_BYTES_WRITTEN=6413064
14/11/27 21:09:25 INFO mapred.JobClient:     HDFS_BYTES_WRITTEN=1796271
14/11/27 21:09:25 INFO mapred.JobClient:   Map-Reduce Framework
14/11/27 21:09:25 INFO mapred.JobClient:     Reduce input groups=0
14/11/27 21:09:25 INFO mapred.JobClient:     Combine output records=7
14/11/27 21:09:25 INFO mapred.JobClient:     Map input records=603972
14/11/27 21:09:25 INFO mapred.JobClient:     Reduce shuffle bytes=2138027
14/11/27 21:09:25 INFO mapred.JobClient:     Reduce output records=0
14/11/27 21:09:25 INFO mapred.JobClient:     Spilled Records=21
14/11/27 21:09:25 INFO mapred.JobClient:     Map output bytes=444440002
14/11/27 21:09:25 INFO mapred.JobClient:     Combine input records=603972
14/11/27 21:09:25 INFO mapred.JobClient:     Map output records=603972
14/11/27 21:09:25 INFO mapred.JobClient:     Reduce input records=7
14/11/27 21:09:26 INFO input.FileInputFormat: Total input paths to process : 1
14/11/27 21:09:27 INFO mapred.JobClient: Running job: job_201411272055_0011
14/11/27 21:09:28 INFO mapred.JobClient:  map 0% reduce 0%
14/11/27 21:09:38 INFO mapred.JobClient:  map 100% reduce 0%
14/11/27 21:09:50 INFO mapred.JobClient:  map 100% reduce 100%
14/11/27 21:09:52 INFO mapred.JobClient: Job complete: job_201411272055_0011
14/11/27 21:09:52 INFO mapred.JobClient: Counters: 17
14/11/27 21:09:52 INFO mapred.JobClient:   Job Counters 
14/11/27 21:09:52 INFO mapred.JobClient:     Launched reduce tasks=1
14/11/27 21:09:52 INFO mapred.JobClient:     Launched map tasks=1
14/11/27 21:09:52 INFO mapred.JobClient:     Data-local map tasks=1
14/11/27 21:09:52 INFO mapred.JobClient:   FileSystemCounters
14/11/27 21:09:52 INFO mapred.JobClient:     FILE_BYTES_READ=512907
14/11/27 21:09:52 INFO mapred.JobClient:     HDFS_BYTES_READ=1796271
14/11/27 21:09:52 INFO mapred.JobClient:     FILE_BYTES_WRITTEN=1025838
14/11/27 21:09:52 INFO mapred.JobClient:     HDFS_BYTES_WRITTEN=1182512
14/11/27 21:09:52 INFO mapred.JobClient:   Map-Reduce Framework
14/11/27 21:09:52 INFO mapred.JobClient:     Reduce input groups=0
14/11/27 21:09:52 INFO mapred.JobClient:     Combine output records=2
14/11/27 21:09:52 INFO mapred.JobClient:     Map input records=2
14/11/27 21:09:52 INFO mapred.JobClient:     Reduce shuffle bytes=0
14/11/27 21:09:52 INFO mapred.JobClient:     Reduce output records=0
14/11/27 21:09:52 INFO mapred.JobClient:     Spilled Records=4
14/11/27 21:09:52 INFO mapred.JobClient:     Map output bytes=1182386
14/11/27 21:09:52 INFO mapred.JobClient:     Combine input records=2
14/11/27 21:09:52 INFO mapred.JobClient:     Map output records=2
14/11/27 21:09:52 INFO mapred.JobClient:     Reduce input records=2
14/11/27 21:09:52 INFO driver.MahoutDriver: Program took 96376 ms (Minutes: 1.6062666666666667)
---------See what's in HDFS ------
Found 3 items
drwxr-xr-x   - biplapsa supergroup          0 2014-11-27 21:06 /data
drwxr-xr-x   - biplapsa supergroup          0 2014-11-27 20:56 /scratch
drwxr-xr-x   - biplapsa supergroup          0 2014-11-27 21:08 /user
-------To test the classifier is working properly on training set ---
CLASSPATH with MAHOUT=:/util/mahout/mahout-distribution-0.8/src/conf
MAHOUT_LOCAL is not set; adding HADOOP_CONF_DIR to classpath.
CLASSPATH with HADOOP=:/util/mahout/mahout-distribution-0.8/src/conf:/ifs/user/biplapsa/project/mahout/neg_ambience/config
CLASSPATH with JAVA=:/util/mahout/mahout-distribution-0.8/src/conf:/ifs/user/biplapsa/project/mahout/neg_ambience/config:/util/java/jdk1.6.0_22//lib/tools.jar
Running on hadoop, using /util/hadoop/hadoop-0.20.1/bin/hadoop and HADOOP_CONF_DIR=/ifs/user/biplapsa/project/mahout/neg_ambience/config
MAHOUT-JOB: /util/mahout/mahout-distribution-0.8/examples/target/mahout-examples-0.8-job.jar
14/11/27 21:09:57 WARN driver.MahoutDriver: No testnb.props found on classpath, will use command-line arguments only
14/11/27 21:09:57 INFO common.AbstractJob: Command line arguments: {--endPhase=[2147483647], --input=[/data/train-vectors], --labelIndex=[labelindex], --model=[model], --output=[/data/sentiments-testing], --overwrite=null, --startPhase=[0], --tempDir=[temp], --testComplementary=null}
14/11/27 21:09:58 INFO input.FileInputFormat: Total input paths to process : 1
14/11/27 21:09:58 INFO mapred.JobClient: Running job: job_201411272055_0012
14/11/27 21:09:59 INFO mapred.JobClient:  map 0% reduce 0%
14/11/27 21:10:17 INFO mapred.JobClient:  map 28% reduce 0%
14/11/27 21:10:20 INFO mapred.JobClient:  map 60% reduce 0%
14/11/27 21:10:23 INFO mapred.JobClient:  map 69% reduce 0%
14/11/27 21:10:26 INFO mapred.JobClient:  map 90% reduce 0%
14/11/27 21:10:29 INFO mapred.JobClient:  map 100% reduce 0%
14/11/27 21:10:31 INFO mapred.JobClient: Job complete: job_201411272055_0012
14/11/27 21:10:31 INFO mapred.JobClient: Counters: 8
14/11/27 21:10:31 INFO mapred.JobClient:   Job Counters 
14/11/27 21:10:31 INFO mapred.JobClient:     Rack-local map tasks=1
14/11/27 21:10:31 INFO mapred.JobClient:     Launched map tasks=3
14/11/27 21:10:31 INFO mapred.JobClient:     Data-local map tasks=2
14/11/27 21:10:31 INFO mapred.JobClient:   FileSystemCounters
14/11/27 21:10:31 INFO mapred.JobClient:     FILE_BYTES_READ=9005418
14/11/27 21:10:31 INFO mapred.JobClient:     HDFS_BYTES_READ=400388548
14/11/27 21:10:31 INFO mapred.JobClient:     HDFS_BYTES_WRITTEN=29030102
14/11/27 21:10:31 INFO mapred.JobClient:   Map-Reduce Framework
14/11/27 21:10:31 INFO mapred.JobClient:     Map input records=603972
14/11/27 21:10:31 INFO mapred.JobClient:     Spilled Records=0
14/11/27 21:10:36 INFO test.TestNaiveBayesDriver: Complementary Results: 
=======================================================
Summary
-------------------------------------------------------
Correctly Classified Instances          :     490819	   81.2652%
Incorrectly Classified Instances        :     113153	   18.7348%
Total Classified Instances              :     603972

=======================================================
Confusion Matrix
-------------------------------------------------------
a    	b    	<--Classified as
49143	12318	 |  61461 	a     = Negative_Ambience
100835	441676	 |  542511	b     = Not_Negative_Ambience

=======================================================
Statistics
-------------------------------------------------------
Kappa                                        -0.16
Accuracy                                   81.2652%
Reliability                                53.7904%
Reliability (standard deviation)            0.4659

14/11/27 21:10:36 INFO driver.MahoutDriver: Program took 39416 ms (Minutes: 0.6569333333333334)
------- To test the classifier is working properly on testing set ---
CLASSPATH with MAHOUT=:/util/mahout/mahout-distribution-0.8/src/conf
MAHOUT_LOCAL is not set; adding HADOOP_CONF_DIR to classpath.
CLASSPATH with HADOOP=:/util/mahout/mahout-distribution-0.8/src/conf:/ifs/user/biplapsa/project/mahout/neg_ambience/config
CLASSPATH with JAVA=:/util/mahout/mahout-distribution-0.8/src/conf:/ifs/user/biplapsa/project/mahout/neg_ambience/config:/util/java/jdk1.6.0_22//lib/tools.jar
Running on hadoop, using /util/hadoop/hadoop-0.20.1/bin/hadoop and HADOOP_CONF_DIR=/ifs/user/biplapsa/project/mahout/neg_ambience/config
MAHOUT-JOB: /util/mahout/mahout-distribution-0.8/examples/target/mahout-examples-0.8-job.jar
14/11/27 21:10:41 WARN driver.MahoutDriver: No testnb.props found on classpath, will use command-line arguments only
14/11/27 21:10:41 INFO common.AbstractJob: Command line arguments: {--endPhase=[2147483647], --input=[/data/test-vectors], --labelIndex=[labelindex], --model=[model], --output=[sentiments-testing], --overwrite=null, --startPhase=[0], --tempDir=[temp], --testComplementary=null}
14/11/27 21:10:42 INFO input.FileInputFormat: Total input paths to process : 1
14/11/27 21:10:42 INFO mapred.JobClient: Running job: job_201411272055_0013
14/11/27 21:10:43 INFO mapred.JobClient:  map 0% reduce 0%
14/11/27 21:10:59 INFO mapred.JobClient:  map 57% reduce 0%
14/11/27 21:11:05 INFO mapred.JobClient:  map 100% reduce 0%
14/11/27 21:11:07 INFO mapred.JobClient: Job complete: job_201411272055_0013
14/11/27 21:11:07 INFO mapred.JobClient: Counters: 7
14/11/27 21:11:07 INFO mapred.JobClient:   Job Counters 
14/11/27 21:11:07 INFO mapred.JobClient:     Launched map tasks=1
14/11/27 21:11:07 INFO mapred.JobClient:     Data-local map tasks=1
14/11/27 21:11:07 INFO mapred.JobClient:   FileSystemCounters
14/11/27 21:11:07 INFO mapred.JobClient:     FILE_BYTES_READ=3001806
14/11/27 21:11:07 INFO mapred.JobClient:     HDFS_BYTES_READ=100045553
14/11/27 21:11:07 INFO mapred.JobClient:     HDFS_BYTES_WRITTEN=7237566
14/11/27 21:11:07 INFO mapred.JobClient:   Map-Reduce Framework
14/11/27 21:11:07 INFO mapred.JobClient:     Map input records=150579
14/11/27 21:11:07 INFO mapred.JobClient:     Spilled Records=0
14/11/27 21:11:09 INFO test.TestNaiveBayesDriver: Complementary Results: 
=======================================================
Summary
-------------------------------------------------------
Correctly Classified Instances          :     118874	   78.9446%
Incorrectly Classified Instances        :      31705	   21.0554%
Total Classified Instances              :     150579

=======================================================
Confusion Matrix
-------------------------------------------------------
a    	b    	<--Classified as
10875	4469 	 |  15344 	a     = Negative_Ambience
27236	107999	 |  135235	b     = Not_Negative_Ambience

=======================================================
Statistics
-------------------------------------------------------
Kappa                                      -0.1443
Accuracy                                   78.9446%
Reliability                                 50.245%
Reliability (standard deviation)            0.4374

14/11/27 21:11:09 INFO driver.MahoutDriver: Program took 28117 ms (Minutes: 0.4686166666666667)
stop jobtracker (mapred)
stopping jobtracker
k08n41s02: stopping tasktracker
k08n41s01: stopping tasktracker
stop dfs
stopping namenode
k08n41s01: stopping datanode
k08n41s02: stopping datanode
k08n41s01: stopping secondarynamenode
Clean up
Number of Hadoop nodes specified by user: 2
Received 2 nodes from PBS
Clean up node: k08n41s01
rm -rf /scratch/hadoop-biplapsa/data /scratch/hadoop-biplapsa/log
Clean up node: k08n41s02
rm -rf /scratch/hadoop-biplapsa/data /scratch/hadoop-biplapsa/log

