SLURM Environment Variables:
Job ID = 3079234
Job Name = mahout_nb_pos_service
Job Node List = d07n33s[01-02]
Number of Nodes = 2
Tasks per node = 1
CPUs per task = 
/scratch/jobid = /scratch/3079234
Submit Host = k07n14
Submit Directory = /ifs/user/biplapsa/project/mahout/pos_service


Currently Loaded Modulefiles:
  1) null                          4) hadoop/0.20.1
  2) modules                       5) myhadoop/0.2a/hadoop-0.20.1
  3) java/j2sdk/1.6.0_22           6) mahout/0.8
MY_HADOOP_HOME=/util/myhadoop/myHadoop-0.2a
HADOOP_HOME=/util/hadoop/hadoop-0.20.1
MAHOUT_HOME=/util/mahout/mahout-distribution-0.8
MyHadoop config directory=/ifs/user/biplapsa/project/mahout/pos_service/config
Set up the configurations for myHadoop
Number of nodes in nodelist=2
Number of Hadoop nodes requested: 2
Generation Hadoop configuration in directory: /ifs/user/biplapsa/project/mahout/pos_service/config
Not persisting HDFS state
Received 2 nodes from PBS
Master is: d07n33s01
Configuring node: d07n33s01
rm -rf /scratch/hadoop-biplapsa/log; mkdir -p /scratch/hadoop-biplapsa/log
rm -rf /scratch/hadoop-biplapsa/data; mkdir -p /scratch/hadoop-biplapsa/data
Configuring node: d07n33s02
rm -rf /scratch/hadoop-biplapsa/log; mkdir -p /scratch/hadoop-biplapsa/log
rm -rf /scratch/hadoop-biplapsa/data; mkdir -p /scratch/hadoop-biplapsa/data

Format HDFS
14/11/27 22:47:57 INFO namenode.NameNode: STARTUP_MSG: 
/************************************************************
STARTUP_MSG: Starting NameNode
STARTUP_MSG:   host = d07n33s01/10.104.7.33
STARTUP_MSG:   args = [-format]
STARTUP_MSG:   version = 0.20.1
STARTUP_MSG:   build = http://svn.apache.org/repos/asf/hadoop/common/tags/release-0.20.1-rc1 -r 810220; compiled by 'oom' on Tue Sep  1 20:55:56 UTC 2009
************************************************************/
14/11/27 22:47:57 INFO namenode.FSNamesystem: fsOwner=biplapsa,cse722f14,u2,cse603f14
14/11/27 22:47:57 INFO namenode.FSNamesystem: supergroup=supergroup
14/11/27 22:47:57 INFO namenode.FSNamesystem: isPermissionEnabled=true
14/11/27 22:47:57 INFO common.Storage: Image file of size 98 saved in 0 seconds.
14/11/27 22:47:57 INFO common.Storage: Storage directory /scratch/hadoop-biplapsa/data/dfs/name has been successfully formatted.
14/11/27 22:47:57 INFO namenode.NameNode: SHUTDOWN_MSG: 
/************************************************************
SHUTDOWN_MSG: Shutting down NameNode at d07n33s01/10.104.7.33
************************************************************/

start dfs
starting namenode, logging to /scratch/hadoop-biplapsa/log/hadoop-biplapsa_d07n33s01-namenode-d07n33s01.out
d07n33s01: starting datanode, logging to /scratch/hadoop-biplapsa/log/hadoop-biplapsa_d07n33s01-datanode-d07n33s01.out
d07n33s02: starting datanode, logging to /scratch/hadoop-biplapsa/log/hadoop-biplapsa_d07n33s02-datanode-d07n33s02.out
d07n33s01: starting secondarynamenode, logging to /scratch/hadoop-biplapsa/log/hadoop-biplapsa_d07n33s01-secondarynamenode-d07n33s01.out

start jobtracker (mapred)
starting jobtracker, logging to /scratch/hadoop-biplapsa/log/hadoop-biplapsa_d07n33s01-jobtracker-d07n33s01.out
d07n33s01: starting tasktracker, logging to /scratch/hadoop-biplapsa/log/hadoop-biplapsa_d07n33s01-tasktracker-d07n33s01.out
d07n33s02: starting tasktracker, logging to /scratch/hadoop-biplapsa/log/hadoop-biplapsa_d07n33s02-tasktracker-d07n33s02.out

------- make directory ----
------- copy training data to dfs---
------- list files in dfs---
Found 1 items
drwxr-xr-x   - biplapsa supergroup          0 2014-11-27 22:48 /data/sentiments-seq
-------Using mahout to transform the training data into vectors using tfidf weights ---
CLASSPATH with MAHOUT=:/util/mahout/mahout-distribution-0.8/src/conf
MAHOUT_LOCAL is not set; adding HADOOP_CONF_DIR to classpath.
CLASSPATH with HADOOP=:/util/mahout/mahout-distribution-0.8/src/conf:/ifs/user/biplapsa/project/mahout/pos_service/config
CLASSPATH with JAVA=:/util/mahout/mahout-distribution-0.8/src/conf:/ifs/user/biplapsa/project/mahout/pos_service/config:/util/java/jdk1.6.0_22//lib/tools.jar
Running on hadoop, using /util/hadoop/hadoop-0.20.1/bin/hadoop and HADOOP_CONF_DIR=/ifs/user/biplapsa/project/mahout/pos_service/config
MAHOUT-JOB: /util/mahout/mahout-distribution-0.8/examples/target/mahout-examples-0.8-job.jar
14/11/27 22:49:00 INFO vectorizer.SparseVectorsFromSequenceFiles: Maximum n-gram size is: 1
14/11/27 22:49:00 INFO vectorizer.SparseVectorsFromSequenceFiles: Minimum LLR value: 1.0
14/11/27 22:49:00 INFO vectorizer.SparseVectorsFromSequenceFiles: Number of reduce tasks: 1
14/11/27 22:49:00 INFO vectorizer.SparseVectorsFromSequenceFiles: Tokenizing documents in /data/sentiments-seq
14/11/27 22:49:01 INFO input.FileInputFormat: Total input paths to process : 1
14/11/27 22:49:01 INFO mapred.JobClient: Running job: job_201411272248_0001
14/11/27 22:49:02 INFO mapred.JobClient:  map 0% reduce 0%
14/11/27 22:49:23 INFO mapred.JobClient:  map 23% reduce 0%
14/11/27 22:49:26 INFO mapred.JobClient:  map 65% reduce 0%
14/11/27 22:49:29 INFO mapred.JobClient:  map 74% reduce 0%
14/11/27 22:49:32 INFO mapred.JobClient:  map 93% reduce 0%
14/11/27 22:49:35 INFO mapred.JobClient:  map 96% reduce 0%
14/11/27 22:49:38 INFO mapred.JobClient:  map 100% reduce 0%
14/11/27 22:49:40 INFO mapred.JobClient: Job complete: job_201411272248_0001
14/11/27 22:49:40 INFO mapred.JobClient: Counters: 7
14/11/27 22:49:40 INFO mapred.JobClient:   Job Counters 
14/11/27 22:49:40 INFO mapred.JobClient:     Rack-local map tasks=2
14/11/27 22:49:40 INFO mapred.JobClient:     Launched map tasks=5
14/11/27 22:49:40 INFO mapred.JobClient:     Data-local map tasks=3
14/11/27 22:49:40 INFO mapred.JobClient:   FileSystemCounters
14/11/27 22:49:40 INFO mapred.JobClient:     HDFS_BYTES_READ=569576775
14/11/27 22:49:40 INFO mapred.JobClient:     HDFS_BYTES_WRITTEN=445708462
14/11/27 22:49:40 INFO mapred.JobClient:   Map-Reduce Framework
14/11/27 22:49:40 INFO mapred.JobClient:     Map input records=754618
14/11/27 22:49:40 INFO mapred.JobClient:     Spilled Records=0
14/11/27 22:49:40 INFO vectorizer.SparseVectorsFromSequenceFiles: Creating Term Frequency Vectors
14/11/27 22:49:40 INFO vectorizer.DictionaryVectorizer: Creating dictionary from /data/sentiments-vectors/tokenized-documents and saving at /data/sentiments-vectors/wordcount
14/11/27 22:49:41 INFO input.FileInputFormat: Total input paths to process : 5
14/11/27 22:49:41 INFO mapred.JobClient: Running job: job_201411272248_0002
14/11/27 22:49:43 INFO mapred.JobClient:  map 0% reduce 0%
14/11/27 22:50:00 INFO mapred.JobClient:  map 11% reduce 0%
14/11/27 22:50:03 INFO mapred.JobClient:  map 42% reduce 0%
14/11/27 22:50:06 INFO mapred.JobClient:  map 52% reduce 0%
14/11/27 22:50:09 INFO mapred.JobClient:  map 61% reduce 0%
14/11/27 22:50:12 INFO mapred.JobClient:  map 71% reduce 6%
14/11/27 22:50:15 INFO mapred.JobClient:  map 80% reduce 6%
14/11/27 22:50:18 INFO mapred.JobClient:  map 89% reduce 6%
14/11/27 22:50:21 INFO mapred.JobClient:  map 98% reduce 6%
14/11/27 22:50:24 INFO mapred.JobClient:  map 100% reduce 6%
14/11/27 22:50:27 INFO mapred.JobClient:  map 100% reduce 20%
14/11/27 22:50:36 INFO mapred.JobClient:  map 100% reduce 100%
14/11/27 22:50:38 INFO mapred.JobClient: Job complete: job_201411272248_0002
14/11/27 22:50:38 INFO mapred.JobClient: Counters: 17
14/11/27 22:50:38 INFO mapred.JobClient:   Job Counters 
14/11/27 22:50:38 INFO mapred.JobClient:     Launched reduce tasks=1
14/11/27 22:50:38 INFO mapred.JobClient:     Launched map tasks=5
14/11/27 22:50:38 INFO mapred.JobClient:     Data-local map tasks=5
14/11/27 22:50:38 INFO mapred.JobClient:   FileSystemCounters
14/11/27 22:50:38 INFO mapred.JobClient:     FILE_BYTES_READ=116402397
14/11/27 22:50:38 INFO mapred.JobClient:     HDFS_BYTES_READ=445708462
14/11/27 22:50:38 INFO mapred.JobClient:     FILE_BYTES_WRITTEN=125347812
14/11/27 22:50:38 INFO mapred.JobClient:     HDFS_BYTES_WRITTEN=2748364
14/11/27 22:50:38 INFO mapred.JobClient:   Map-Reduce Framework
14/11/27 22:50:38 INFO mapred.JobClient:     Reduce input groups=0
14/11/27 22:50:38 INFO mapred.JobClient:     Combine output records=3786126
14/11/27 22:50:38 INFO mapred.JobClient:     Map input records=754618
14/11/27 22:50:38 INFO mapred.JobClient:     Reduce shuffle bytes=6921300
14/11/27 22:50:38 INFO mapred.JobClient:     Reduce output records=0
14/11/27 22:50:38 INFO mapred.JobClient:     Spilled Records=7006663
14/11/27 22:50:38 INFO mapred.JobClient:     Map output bytes=717656138
14/11/27 22:50:38 INFO mapred.JobClient:     Combine input records=53856386
14/11/27 22:50:38 INFO mapred.JobClient:     Map output records=50551543
14/11/27 22:50:38 INFO mapred.JobClient:     Reduce input records=481283
14/11/27 22:50:39 INFO input.FileInputFormat: Total input paths to process : 5
14/11/27 22:50:39 INFO mapred.JobClient: Running job: job_201411272248_0003
14/11/27 22:50:40 INFO mapred.JobClient:  map 0% reduce 0%
14/11/27 22:50:56 INFO mapred.JobClient:  map 31% reduce 0%
14/11/27 22:50:57 INFO mapred.JobClient:  map 51% reduce 0%
14/11/27 22:50:59 INFO mapred.JobClient:  map 68% reduce 0%
14/11/27 22:51:00 INFO mapred.JobClient:  map 78% reduce 0%
14/11/27 22:51:02 INFO mapred.JobClient:  map 90% reduce 0%
14/11/27 22:51:03 INFO mapred.JobClient:  map 96% reduce 0%
14/11/27 22:51:06 INFO mapred.JobClient:  map 100% reduce 6%
14/11/27 22:51:15 INFO mapred.JobClient:  map 100% reduce 33%
14/11/27 22:51:18 INFO mapred.JobClient:  map 100% reduce 67%
14/11/27 22:51:21 INFO mapred.JobClient:  map 100% reduce 69%
14/11/27 22:51:25 INFO mapred.JobClient:  map 100% reduce 71%
14/11/27 22:51:28 INFO mapred.JobClient:  map 100% reduce 73%
14/11/27 22:51:31 INFO mapred.JobClient:  map 100% reduce 75%
14/11/27 22:51:34 INFO mapred.JobClient:  map 100% reduce 77%
14/11/27 22:51:37 INFO mapred.JobClient:  map 100% reduce 80%
14/11/27 22:51:40 INFO mapred.JobClient:  map 100% reduce 82%
14/11/27 22:51:43 INFO mapred.JobClient:  map 100% reduce 84%
14/11/27 22:51:46 INFO mapred.JobClient:  map 100% reduce 86%
14/11/27 22:51:49 INFO mapred.JobClient:  map 100% reduce 88%
14/11/27 22:51:52 INFO mapred.JobClient:  map 100% reduce 90%
14/11/27 22:51:55 INFO mapred.JobClient:  map 100% reduce 93%
14/11/27 22:51:58 INFO mapred.JobClient:  map 100% reduce 95%
14/11/27 22:52:01 INFO mapred.JobClient:  map 100% reduce 97%
14/11/27 22:52:07 INFO mapred.JobClient:  map 100% reduce 100%
14/11/27 22:52:09 INFO mapred.JobClient: Job complete: job_201411272248_0003
14/11/27 22:52:09 INFO mapred.JobClient: Counters: 18
14/11/27 22:52:09 INFO mapred.JobClient:   Job Counters 
14/11/27 22:52:09 INFO mapred.JobClient:     Launched reduce tasks=1
14/11/27 22:52:09 INFO mapred.JobClient:     Launched map tasks=5
14/11/27 22:52:09 INFO mapred.JobClient:     Data-local map tasks=5
14/11/27 22:52:09 INFO mapred.JobClient:   TFPartialVectorReducer
14/11/27 22:52:09 INFO mapred.JobClient:     emptyVectorCount=67
14/11/27 22:52:09 INFO mapred.JobClient:   FileSystemCounters
14/11/27 22:52:09 INFO mapred.JobClient:     FILE_BYTES_READ=854612490
14/11/27 22:52:09 INFO mapred.JobClient:     HDFS_BYTES_READ=445708462
14/11/27 22:52:09 INFO mapred.JobClient:     FILE_BYTES_WRITTEN=1291034867
14/11/27 22:52:09 INFO mapred.JobClient:     HDFS_BYTES_WRITTEN=613738866
14/11/27 22:52:09 INFO mapred.JobClient:   Map-Reduce Framework
14/11/27 22:52:09 INFO mapred.JobClient:     Reduce input groups=0
14/11/27 22:52:09 INFO mapred.JobClient:     Combine output records=0
14/11/27 22:52:09 INFO mapred.JobClient:     Map input records=754618
14/11/27 22:52:09 INFO mapred.JobClient:     Reduce shuffle bytes=335456547
14/11/27 22:52:09 INFO mapred.JobClient:     Reduce output records=0
14/11/27 22:52:09 INFO mapred.JobClient:     Spilled Records=2220285
14/11/27 22:52:09 INFO mapred.JobClient:     Map output bytes=436080133
14/11/27 22:52:09 INFO mapred.JobClient:     Combine input records=0
14/11/27 22:52:09 INFO mapred.JobClient:     Map output records=754618
14/11/27 22:52:09 INFO mapred.JobClient:     Reduce input records=754618
14/11/27 22:52:09 INFO input.FileInputFormat: Total input paths to process : 1
14/11/27 22:52:10 INFO mapred.JobClient: Running job: job_201411272248_0004
14/11/27 22:52:11 INFO mapred.JobClient:  map 0% reduce 0%
14/11/27 22:52:27 INFO mapred.JobClient:  map 39% reduce 0%
14/11/27 22:52:30 INFO mapred.JobClient:  map 60% reduce 0%
14/11/27 22:52:31 INFO mapred.JobClient:  map 93% reduce 0%
14/11/27 22:52:34 INFO mapred.JobClient:  map 100% reduce 0%
14/11/27 22:52:39 INFO mapred.JobClient:  map 100% reduce 13%
14/11/27 22:52:42 INFO mapred.JobClient:  map 100% reduce 26%
14/11/27 22:52:45 INFO mapred.JobClient:  map 100% reduce 67%
14/11/27 22:52:48 INFO mapred.JobClient:  map 100% reduce 70%
14/11/27 22:52:51 INFO mapred.JobClient:  map 100% reduce 73%
14/11/27 22:52:54 INFO mapred.JobClient:  map 100% reduce 76%
14/11/27 22:52:57 INFO mapred.JobClient:  map 100% reduce 79%
14/11/27 22:53:00 INFO mapred.JobClient:  map 100% reduce 82%
14/11/27 22:53:03 INFO mapred.JobClient:  map 100% reduce 86%
14/11/27 22:53:06 INFO mapred.JobClient:  map 100% reduce 88%
14/11/27 22:53:09 INFO mapred.JobClient:  map 100% reduce 91%
14/11/27 22:53:12 INFO mapred.JobClient:  map 100% reduce 95%
14/11/27 22:53:18 INFO mapred.JobClient:  map 100% reduce 100%
14/11/27 22:53:20 INFO mapred.JobClient: Job complete: job_201411272248_0004
14/11/27 22:53:20 INFO mapred.JobClient: Counters: 18
14/11/27 22:53:20 INFO mapred.JobClient:   Job Counters 
14/11/27 22:53:20 INFO mapred.JobClient:     Launched reduce tasks=1
14/11/27 22:53:20 INFO mapred.JobClient:     Rack-local map tasks=3
14/11/27 22:53:20 INFO mapred.JobClient:     Launched map tasks=5
14/11/27 22:53:20 INFO mapred.JobClient:     Data-local map tasks=2
14/11/27 22:53:20 INFO mapred.JobClient:   FileSystemCounters
14/11/27 22:53:20 INFO mapred.JobClient:     FILE_BYTES_READ=1135799116
14/11/27 22:53:20 INFO mapred.JobClient:     HDFS_BYTES_READ=613748454
14/11/27 22:53:20 INFO mapred.JobClient:     FILE_BYTES_WRITTEN=1741659260
14/11/27 22:53:20 INFO mapred.JobClient:     HDFS_BYTES_WRITTEN=613738866
14/11/27 22:53:20 INFO mapred.JobClient:   Map-Reduce Framework
14/11/27 22:53:20 INFO mapred.JobClient:     Reduce input groups=0
14/11/27 22:53:20 INFO mapred.JobClient:     Combine output records=0
14/11/27 22:53:20 INFO mapred.JobClient:     Map input records=754551
14/11/27 22:53:20 INFO mapred.JobClient:     Reduce shuffle bytes=473316170
14/11/27 22:53:20 INFO mapred.JobClient:     Reduce output records=0
14/11/27 22:53:20 INFO mapred.JobClient:     Spilled Records=2175616
14/11/27 22:53:20 INFO mapred.JobClient:     Map output bytes=603018028
14/11/27 22:53:20 INFO mapred.JobClient:     Combine input records=0
14/11/27 22:53:20 INFO mapred.JobClient:     Map output records=754551
14/11/27 22:53:20 INFO mapred.JobClient:     Reduce input records=754551
14/11/27 22:53:20 INFO common.HadoopUtil: Deleting /data/sentiments-vectors/partial-vectors-0
14/11/27 22:53:20 INFO vectorizer.SparseVectorsFromSequenceFiles: Calculating IDF
14/11/27 22:53:21 INFO input.FileInputFormat: Total input paths to process : 1
14/11/27 22:53:21 INFO mapred.JobClient: Running job: job_201411272248_0005
14/11/27 22:53:22 INFO mapred.JobClient:  map 0% reduce 0%
14/11/27 22:53:39 INFO mapred.JobClient:  map 14% reduce 0%
14/11/27 22:53:42 INFO mapred.JobClient:  map 23% reduce 0%
14/11/27 22:53:45 INFO mapred.JobClient:  map 47% reduce 0%
14/11/27 22:53:48 INFO mapred.JobClient:  map 66% reduce 0%
14/11/27 22:53:51 INFO mapred.JobClient:  map 84% reduce 0%
14/11/27 22:53:54 INFO mapred.JobClient:  map 94% reduce 0%
14/11/27 22:53:57 INFO mapred.JobClient:  map 98% reduce 0%
14/11/27 22:54:00 INFO mapred.JobClient:  map 100% reduce 26%
14/11/27 22:54:09 INFO mapred.JobClient:  map 100% reduce 100%
14/11/27 22:54:11 INFO mapred.JobClient: Job complete: job_201411272248_0005
14/11/27 22:54:11 INFO mapred.JobClient: Counters: 18
14/11/27 22:54:11 INFO mapred.JobClient:   Job Counters 
14/11/27 22:54:11 INFO mapred.JobClient:     Launched reduce tasks=1
14/11/27 22:54:11 INFO mapred.JobClient:     Rack-local map tasks=2
14/11/27 22:54:11 INFO mapred.JobClient:     Launched map tasks=5
14/11/27 22:54:11 INFO mapred.JobClient:     Data-local map tasks=3
14/11/27 22:54:11 INFO mapred.JobClient:   FileSystemCounters
14/11/27 22:54:11 INFO mapred.JobClient:     FILE_BYTES_READ=82476724
14/11/27 22:54:11 INFO mapred.JobClient:     HDFS_BYTES_READ=613748454
14/11/27 22:54:11 INFO mapred.JobClient:     FILE_BYTES_WRITTEN=87640114
14/11/27 22:54:11 INFO mapred.JobClient:     HDFS_BYTES_WRITTEN=2247493
14/11/27 22:54:11 INFO mapred.JobClient:   Map-Reduce Framework
14/11/27 22:54:11 INFO mapred.JobClient:     Reduce input groups=0
14/11/27 22:54:11 INFO mapred.JobClient:     Combine output records=3381217
14/11/27 22:54:11 INFO mapred.JobClient:     Map input records=754551
14/11/27 22:54:11 INFO mapred.JobClient:     Reduce shuffle bytes=4103466
14/11/27 22:54:11 INFO mapred.JobClient:     Reduce output records=0
14/11/27 22:54:11 INFO mapred.JobClient:     Spilled Records=6259902
14/11/27 22:54:11 INFO mapred.JobClient:     Map output bytes=614284092
14/11/27 22:54:11 INFO mapred.JobClient:     Combine input records=54202758
14/11/27 22:54:11 INFO mapred.JobClient:     Map output records=51190341
14/11/27 22:54:11 INFO mapred.JobClient:     Reduce input records=368800
14/11/27 22:54:12 INFO vectorizer.SparseVectorsFromSequenceFiles: Pruning
14/11/27 22:54:12 INFO input.FileInputFormat: Total input paths to process : 1
14/11/27 22:54:13 INFO mapred.JobClient: Running job: job_201411272248_0006
14/11/27 22:54:14 INFO mapred.JobClient:  map 0% reduce 0%
14/11/27 22:54:31 INFO mapred.JobClient:  map 39% reduce 0%
14/11/27 22:54:34 INFO mapred.JobClient:  map 78% reduce 0%
14/11/27 22:54:37 INFO mapred.JobClient:  map 91% reduce 0%
14/11/27 22:54:40 INFO mapred.JobClient:  map 98% reduce 0%
14/11/27 22:54:43 INFO mapred.JobClient:  map 99% reduce 0%
14/11/27 22:54:46 INFO mapred.JobClient:  map 99% reduce 6%
14/11/27 22:54:52 INFO mapred.JobClient:  map 100% reduce 6%
14/11/27 22:55:01 INFO mapred.JobClient:  map 100% reduce 26%
14/11/27 22:55:28 INFO mapred.JobClient:  map 100% reduce 33%
14/11/27 22:55:34 INFO mapred.JobClient:  map 100% reduce 66%
14/11/27 22:55:37 INFO mapred.JobClient:  map 100% reduce 69%
14/11/27 22:55:40 INFO mapred.JobClient:  map 100% reduce 73%
14/11/27 22:55:43 INFO mapred.JobClient:  map 100% reduce 76%
14/11/27 22:55:46 INFO mapred.JobClient:  map 100% reduce 80%
14/11/27 22:55:49 INFO mapred.JobClient:  map 100% reduce 84%
14/11/27 22:55:52 INFO mapred.JobClient:  map 100% reduce 87%
14/11/27 22:55:55 INFO mapred.JobClient:  map 100% reduce 91%
14/11/27 22:55:58 INFO mapred.JobClient:  map 100% reduce 95%
14/11/27 22:56:04 INFO mapred.JobClient:  map 100% reduce 100%
14/11/27 22:56:06 INFO mapred.JobClient: Job complete: job_201411272248_0006
14/11/27 22:56:06 INFO mapred.JobClient: Counters: 18
14/11/27 22:56:06 INFO mapred.JobClient:   Job Counters 
14/11/27 22:56:06 INFO mapred.JobClient:     Launched reduce tasks=1
14/11/27 22:56:06 INFO mapred.JobClient:     Rack-local map tasks=2
14/11/27 22:56:06 INFO mapred.JobClient:     Launched map tasks=5
14/11/27 22:56:06 INFO mapred.JobClient:     Data-local map tasks=3
14/11/27 22:56:06 INFO mapred.JobClient:   FileSystemCounters
14/11/27 22:56:06 INFO mapred.JobClient:     FILE_BYTES_READ=307012500
14/11/27 22:56:06 INFO mapred.JobClient:     HDFS_BYTES_READ=613748454
14/11/27 22:56:06 INFO mapred.JobClient:     FILE_BYTES_WRITTEN=467330106
14/11/27 22:56:06 INFO mapred.JobClient:     HDFS_BYTES_WRITTEN=613738866
14/11/27 22:56:06 INFO mapred.JobClient:   Map-Reduce Framework
14/11/27 22:56:06 INFO mapred.JobClient:     Reduce input groups=0
14/11/27 22:56:06 INFO mapred.JobClient:     Combine output records=0
14/11/27 22:56:06 INFO mapred.JobClient:     Map input records=754551
14/11/27 22:56:06 INFO mapred.JobClient:     Reduce shuffle bytes=127047557
14/11/27 22:56:06 INFO mapred.JobClient:     Reduce output records=0
14/11/27 22:56:06 INFO mapred.JobClient:     Spilled Records=2175616
14/11/27 22:56:06 INFO mapred.JobClient:     Map output bytes=603018028
14/11/27 22:56:06 INFO mapred.JobClient:     Combine input records=0
14/11/27 22:56:06 INFO mapred.JobClient:     Map output records=754551
14/11/27 22:56:06 INFO mapred.JobClient:     Reduce input records=754551
14/11/27 22:56:06 INFO input.FileInputFormat: Total input paths to process : 1
14/11/27 22:56:07 INFO mapred.JobClient: Running job: job_201411272248_0007
14/11/27 22:56:08 INFO mapred.JobClient:  map 0% reduce 0%
14/11/27 22:56:25 INFO mapred.JobClient:  map 39% reduce 0%
14/11/27 22:56:28 INFO mapred.JobClient:  map 60% reduce 0%
14/11/27 22:56:31 INFO mapred.JobClient:  map 92% reduce 0%
14/11/27 22:56:34 INFO mapred.JobClient:  map 100% reduce 0%
14/11/27 22:56:37 INFO mapred.JobClient:  map 100% reduce 13%
14/11/27 22:56:40 INFO mapred.JobClient:  map 100% reduce 26%
14/11/27 22:56:43 INFO mapred.JobClient:  map 100% reduce 67%
14/11/27 22:56:46 INFO mapred.JobClient:  map 100% reduce 71%
14/11/27 22:56:49 INFO mapred.JobClient:  map 100% reduce 76%
14/11/27 22:56:52 INFO mapred.JobClient:  map 100% reduce 80%
14/11/27 22:56:55 INFO mapred.JobClient:  map 100% reduce 85%
14/11/27 22:56:58 INFO mapred.JobClient:  map 100% reduce 89%
14/11/27 22:57:01 INFO mapred.JobClient:  map 100% reduce 94%
14/11/27 22:57:04 INFO mapred.JobClient:  map 100% reduce 96%
14/11/27 22:57:10 INFO mapred.JobClient:  map 100% reduce 100%
14/11/27 22:57:12 INFO mapred.JobClient: Job complete: job_201411272248_0007
14/11/27 22:57:12 INFO mapred.JobClient: Counters: 18
14/11/27 22:57:12 INFO mapred.JobClient:   Job Counters 
14/11/27 22:57:12 INFO mapred.JobClient:     Launched reduce tasks=1
14/11/27 22:57:12 INFO mapred.JobClient:     Rack-local map tasks=3
14/11/27 22:57:12 INFO mapred.JobClient:     Launched map tasks=5
14/11/27 22:57:12 INFO mapred.JobClient:     Data-local map tasks=2
14/11/27 22:57:12 INFO mapred.JobClient:   FileSystemCounters
14/11/27 22:57:12 INFO mapred.JobClient:     FILE_BYTES_READ=1135799116
14/11/27 22:57:12 INFO mapred.JobClient:     HDFS_BYTES_READ=613748454
14/11/27 22:57:12 INFO mapred.JobClient:     FILE_BYTES_WRITTEN=1741659260
14/11/27 22:57:12 INFO mapred.JobClient:     HDFS_BYTES_WRITTEN=613738866
14/11/27 22:57:12 INFO mapred.JobClient:   Map-Reduce Framework
14/11/27 22:57:12 INFO mapred.JobClient:     Reduce input groups=0
14/11/27 22:57:12 INFO mapred.JobClient:     Combine output records=0
14/11/27 22:57:12 INFO mapred.JobClient:     Map input records=754551
14/11/27 22:57:12 INFO mapred.JobClient:     Reduce shuffle bytes=473316170
14/11/27 22:57:12 INFO mapred.JobClient:     Reduce output records=0
14/11/27 22:57:12 INFO mapred.JobClient:     Spilled Records=2175616
14/11/27 22:57:12 INFO mapred.JobClient:     Map output bytes=603018028
14/11/27 22:57:12 INFO mapred.JobClient:     Combine input records=0
14/11/27 22:57:12 INFO mapred.JobClient:     Map output records=754551
14/11/27 22:57:12 INFO mapred.JobClient:     Reduce input records=754551
14/11/27 22:57:12 INFO common.HadoopUtil: Deleting /data/sentiments-vectors/tf-vectors-partial
14/11/27 22:57:12 INFO common.HadoopUtil: Deleting /data/sentiments-vectors/tf-vectors-toprune
14/11/27 22:57:12 INFO input.FileInputFormat: Total input paths to process : 1
14/11/27 22:57:13 INFO mapred.JobClient: Running job: job_201411272248_0008
14/11/27 22:57:14 INFO mapred.JobClient:  map 0% reduce 0%
14/11/27 22:57:31 INFO mapred.JobClient:  map 39% reduce 0%
14/11/27 22:57:34 INFO mapred.JobClient:  map 60% reduce 0%
14/11/27 22:57:37 INFO mapred.JobClient:  map 93% reduce 0%
14/11/27 22:57:40 INFO mapred.JobClient:  map 100% reduce 0%
14/11/27 22:57:43 INFO mapred.JobClient:  map 100% reduce 13%
14/11/27 22:57:46 INFO mapred.JobClient:  map 100% reduce 26%
14/11/27 22:57:49 INFO mapred.JobClient:  map 100% reduce 67%
14/11/27 22:57:52 INFO mapred.JobClient:  map 100% reduce 70%
14/11/27 22:57:55 INFO mapred.JobClient:  map 100% reduce 73%
14/11/27 22:57:58 INFO mapred.JobClient:  map 100% reduce 76%
14/11/27 22:58:01 INFO mapred.JobClient:  map 100% reduce 79%
14/11/27 22:58:04 INFO mapred.JobClient:  map 100% reduce 82%
14/11/27 22:58:07 INFO mapred.JobClient:  map 100% reduce 85%
14/11/27 22:58:10 INFO mapred.JobClient:  map 100% reduce 88%
14/11/27 22:58:13 INFO mapred.JobClient:  map 100% reduce 91%
14/11/27 22:58:16 INFO mapred.JobClient:  map 100% reduce 94%
14/11/27 22:58:19 INFO mapred.JobClient:  map 100% reduce 97%
14/11/27 22:58:25 INFO mapred.JobClient:  map 100% reduce 100%
14/11/27 22:58:27 INFO mapred.JobClient: Job complete: job_201411272248_0008
14/11/27 22:58:27 INFO mapred.JobClient: Counters: 18
14/11/27 22:58:27 INFO mapred.JobClient:   Job Counters 
14/11/27 22:58:27 INFO mapred.JobClient:     Launched reduce tasks=1
14/11/27 22:58:27 INFO mapred.JobClient:     Rack-local map tasks=3
14/11/27 22:58:27 INFO mapred.JobClient:     Launched map tasks=5
14/11/27 22:58:27 INFO mapred.JobClient:     Data-local map tasks=2
14/11/27 22:58:27 INFO mapred.JobClient:   FileSystemCounters
14/11/27 22:58:27 INFO mapred.JobClient:     FILE_BYTES_READ=1138064157
14/11/27 22:58:27 INFO mapred.JobClient:     HDFS_BYTES_READ=613748454
14/11/27 22:58:27 INFO mapred.JobClient:     FILE_BYTES_WRITTEN=1741659260
14/11/27 22:58:27 INFO mapred.JobClient:     HDFS_BYTES_WRITTEN=613738866
14/11/27 22:58:27 INFO mapred.JobClient:   Map-Reduce Framework
14/11/27 22:58:27 INFO mapred.JobClient:     Reduce input groups=0
14/11/27 22:58:27 INFO mapred.JobClient:     Combine output records=0
14/11/27 22:58:27 INFO mapred.JobClient:     Map input records=754551
14/11/27 22:58:27 INFO mapred.JobClient:     Reduce shuffle bytes=473316170
14/11/27 22:58:27 INFO mapred.JobClient:     Reduce output records=0
14/11/27 22:58:27 INFO mapred.JobClient:     Spilled Records=2175616
14/11/27 22:58:27 INFO mapred.JobClient:     Map output bytes=603018028
14/11/27 22:58:27 INFO mapred.JobClient:     Combine input records=0
14/11/27 22:58:27 INFO mapred.JobClient:     Map output records=754551
14/11/27 22:58:27 INFO mapred.JobClient:     Reduce input records=754551
14/11/27 22:58:27 INFO input.FileInputFormat: Total input paths to process : 1
14/11/27 22:58:28 INFO mapred.JobClient: Running job: job_201411272248_0009
14/11/27 22:58:29 INFO mapred.JobClient:  map 0% reduce 0%
14/11/27 22:58:46 INFO mapred.JobClient:  map 38% reduce 0%
14/11/27 22:58:49 INFO mapred.JobClient:  map 60% reduce 0%
14/11/27 22:58:52 INFO mapred.JobClient:  map 93% reduce 0%
14/11/27 22:58:55 INFO mapred.JobClient:  map 100% reduce 0%
14/11/27 22:58:58 INFO mapred.JobClient:  map 100% reduce 13%
14/11/27 22:59:01 INFO mapred.JobClient:  map 100% reduce 26%
14/11/27 22:59:07 INFO mapred.JobClient:  map 100% reduce 33%
14/11/27 22:59:10 INFO mapred.JobClient:  map 100% reduce 68%
14/11/27 22:59:13 INFO mapred.JobClient:  map 100% reduce 71%
14/11/27 22:59:16 INFO mapred.JobClient:  map 100% reduce 75%
14/11/27 22:59:19 INFO mapred.JobClient:  map 100% reduce 78%
14/11/27 22:59:22 INFO mapred.JobClient:  map 100% reduce 80%
14/11/27 22:59:25 INFO mapred.JobClient:  map 100% reduce 84%
14/11/27 22:59:28 INFO mapred.JobClient:  map 100% reduce 87%
14/11/27 22:59:31 INFO mapred.JobClient:  map 100% reduce 90%
14/11/27 22:59:34 INFO mapred.JobClient:  map 100% reduce 93%
14/11/27 22:59:37 INFO mapred.JobClient:  map 100% reduce 97%
14/11/27 22:59:43 INFO mapred.JobClient:  map 100% reduce 100%
14/11/27 22:59:45 INFO mapred.JobClient: Job complete: job_201411272248_0009
14/11/27 22:59:45 INFO mapred.JobClient: Counters: 18
14/11/27 22:59:45 INFO mapred.JobClient:   Job Counters 
14/11/27 22:59:45 INFO mapred.JobClient:     Launched reduce tasks=1
14/11/27 22:59:45 INFO mapred.JobClient:     Rack-local map tasks=3
14/11/27 22:59:45 INFO mapred.JobClient:     Launched map tasks=5
14/11/27 22:59:45 INFO mapred.JobClient:     Data-local map tasks=2
14/11/27 22:59:45 INFO mapred.JobClient:   FileSystemCounters
14/11/27 22:59:45 INFO mapred.JobClient:     FILE_BYTES_READ=1135799116
14/11/27 22:59:45 INFO mapred.JobClient:     HDFS_BYTES_READ=613748454
14/11/27 22:59:45 INFO mapred.JobClient:     FILE_BYTES_WRITTEN=1741659260
14/11/27 22:59:45 INFO mapred.JobClient:     HDFS_BYTES_WRITTEN=613738866
14/11/27 22:59:45 INFO mapred.JobClient:   Map-Reduce Framework
14/11/27 22:59:45 INFO mapred.JobClient:     Reduce input groups=0
14/11/27 22:59:45 INFO mapred.JobClient:     Combine output records=0
14/11/27 22:59:45 INFO mapred.JobClient:     Map input records=754551
14/11/27 22:59:45 INFO mapred.JobClient:     Reduce shuffle bytes=473316170
14/11/27 22:59:45 INFO mapred.JobClient:     Reduce output records=0
14/11/27 22:59:45 INFO mapred.JobClient:     Spilled Records=2175616
14/11/27 22:59:45 INFO mapred.JobClient:     Map output bytes=603018028
14/11/27 22:59:45 INFO mapred.JobClient:     Combine input records=0
14/11/27 22:59:45 INFO mapred.JobClient:     Map output records=754551
14/11/27 22:59:45 INFO mapred.JobClient:     Reduce input records=754551
14/11/27 22:59:45 INFO common.HadoopUtil: Deleting /data/sentiments-vectors/partial-vectors-0
14/11/27 22:59:45 INFO driver.MahoutDriver: Program took 645501 ms (Minutes: 10.75835)
-------list directory sentiment-vectors ---
Found 7 items
drwxr-xr-x   - biplapsa supergroup          0 2014-11-27 22:54 /data/sentiments-vectors/df-count
-rw-r--r--   1 biplapsa supergroup    2298935 2014-11-27 22:50 /data/sentiments-vectors/dictionary.file-0
-rw-r--r--   1 biplapsa supergroup    2247473 2014-11-27 22:54 /data/sentiments-vectors/frequency.file-0
drwxr-xr-x   - biplapsa supergroup          0 2014-11-27 22:57 /data/sentiments-vectors/tf-vectors
drwxr-xr-x   - biplapsa supergroup          0 2014-11-27 22:59 /data/sentiments-vectors/tfidf-vectors
drwxr-xr-x   - biplapsa supergroup          0 2014-11-27 22:49 /data/sentiments-vectors/tokenized-documents
drwxr-xr-x   - biplapsa supergroup          0 2014-11-27 22:50 /data/sentiments-vectors/wordcount
 ------Using mahout to splits the sets into two sets: traing and testing sets ---
CLASSPATH with MAHOUT=:/util/mahout/mahout-distribution-0.8/src/conf
MAHOUT_LOCAL is not set; adding HADOOP_CONF_DIR to classpath.
CLASSPATH with HADOOP=:/util/mahout/mahout-distribution-0.8/src/conf:/ifs/user/biplapsa/project/mahout/pos_service/config
CLASSPATH with JAVA=:/util/mahout/mahout-distribution-0.8/src/conf:/ifs/user/biplapsa/project/mahout/pos_service/config:/util/java/jdk1.6.0_22//lib/tools.jar
Running on hadoop, using /util/hadoop/hadoop-0.20.1/bin/hadoop and HADOOP_CONF_DIR=/ifs/user/biplapsa/project/mahout/pos_service/config
MAHOUT-JOB: /util/mahout/mahout-distribution-0.8/examples/target/mahout-examples-0.8-job.jar
14/11/27 22:59:51 WARN driver.MahoutDriver: No split.props found on classpath, will use command-line arguments only
14/11/27 22:59:51 INFO common.AbstractJob: Command line arguments: {--endPhase=[2147483647], --input=[/data/sentiments-vectors/tfidf-vectors], --method=[sequential], --overwrite=null, --randomSelectionPct=[20], --sequenceFiles=null, --startPhase=[0], --tempDir=[temp], --testOutput=[/data/test-vectors], --trainingOutput=[/data/train-vectors]}
14/11/27 23:00:16 INFO utils.SplitInput: part-r-00000 has 3940915 lines
14/11/27 23:00:16 INFO utils.SplitInput: part-r-00000 test split size is 788183 based on random selection percentage 20
14/11/27 23:00:16 INFO util.NativeCodeLoader: Loaded the native-hadoop library
14/11/27 23:00:16 INFO zlib.ZlibFactory: Successfully loaded & initialized native-zlib library
14/11/27 23:00:16 INFO compress.CodecPool: Got brand-new compressor
14/11/27 23:00:16 INFO compress.CodecPool: Got brand-new compressor
14/11/27 23:02:12 INFO utils.SplitInput: file: part-r-00000, input: 3940915 train: 603271, test: 151280 starting at 0
14/11/27 23:02:12 INFO driver.MahoutDriver: Program took 141250 ms (Minutes: 2.3541666666666665)
-------Train the classifier on training set---
CLASSPATH with MAHOUT=:/util/mahout/mahout-distribution-0.8/src/conf
MAHOUT_LOCAL is not set; adding HADOOP_CONF_DIR to classpath.
CLASSPATH with HADOOP=:/util/mahout/mahout-distribution-0.8/src/conf:/ifs/user/biplapsa/project/mahout/pos_service/config
CLASSPATH with JAVA=:/util/mahout/mahout-distribution-0.8/src/conf:/ifs/user/biplapsa/project/mahout/pos_service/config:/util/java/jdk1.6.0_22//lib/tools.jar
Running on hadoop, using /util/hadoop/hadoop-0.20.1/bin/hadoop and HADOOP_CONF_DIR=/ifs/user/biplapsa/project/mahout/pos_service/config
MAHOUT-JOB: /util/mahout/mahout-distribution-0.8/examples/target/mahout-examples-0.8-job.jar
14/11/27 23:02:17 WARN driver.MahoutDriver: No trainnb.props found on classpath, will use command-line arguments only
14/11/27 23:02:17 INFO common.AbstractJob: Command line arguments: {--alphaI=[1.0], --endPhase=[2147483647], --extractLabels=null, --input=[/data/train-vectors], --labelIndex=[labelindex], --output=[model], --overwrite=null, --startPhase=[0], --tempDir=[temp], --trainComplementary=null}
14/11/27 23:02:18 INFO util.NativeCodeLoader: Loaded the native-hadoop library
14/11/27 23:02:18 INFO zlib.ZlibFactory: Successfully loaded & initialized native-zlib library
14/11/27 23:02:18 INFO compress.CodecPool: Got brand-new decompressor
14/11/27 23:02:45 INFO input.FileInputFormat: Total input paths to process : 1
14/11/27 23:02:46 INFO mapred.JobClient: Running job: job_201411272248_0010
14/11/27 23:02:47 INFO mapred.JobClient:  map 0% reduce 0%
14/11/27 23:03:05 INFO mapred.JobClient:  map 22% reduce 0%
14/11/27 23:03:08 INFO mapred.JobClient:  map 47% reduce 0%
14/11/27 23:03:11 INFO mapred.JobClient:  map 66% reduce 0%
14/11/27 23:03:14 INFO mapred.JobClient:  map 86% reduce 0%
14/11/27 23:03:17 INFO mapred.JobClient:  map 98% reduce 0%
14/11/27 23:03:20 INFO mapred.JobClient:  map 100% reduce 0%
14/11/27 23:03:28 INFO mapred.JobClient:  map 100% reduce 100%
14/11/27 23:03:30 INFO mapred.JobClient: Job complete: job_201411272248_0010
14/11/27 23:03:30 INFO mapred.JobClient: Counters: 18
14/11/27 23:03:30 INFO mapred.JobClient:   Job Counters 
14/11/27 23:03:30 INFO mapred.JobClient:     Launched reduce tasks=1
14/11/27 23:03:30 INFO mapred.JobClient:     Rack-local map tasks=2
14/11/27 23:03:30 INFO mapred.JobClient:     Launched map tasks=3
14/11/27 23:03:30 INFO mapred.JobClient:     Data-local map tasks=1
14/11/27 23:03:30 INFO mapred.JobClient:   FileSystemCounters
14/11/27 23:03:30 INFO mapred.JobClient:     FILE_BYTES_READ=4279626
14/11/27 23:03:30 INFO mapred.JobClient:     HDFS_BYTES_READ=399301113
14/11/27 23:03:30 INFO mapred.JobClient:     FILE_BYTES_WRITTEN=6418822
14/11/27 23:03:30 INFO mapred.JobClient:     HDFS_BYTES_WRITTEN=1963443
14/11/27 23:03:30 INFO mapred.JobClient:   Map-Reduce Framework
14/11/27 23:03:30 INFO mapred.JobClient:     Reduce input groups=0
14/11/27 23:03:30 INFO mapred.JobClient:     Combine output records=7
14/11/27 23:03:30 INFO mapred.JobClient:     Map input records=603271
14/11/27 23:03:30 INFO mapred.JobClient:     Reduce shuffle bytes=2139577
14/11/27 23:03:30 INFO mapred.JobClient:     Reduce output records=0
14/11/27 23:03:30 INFO mapred.JobClient:     Spilled Records=21
14/11/27 23:03:30 INFO mapred.JobClient:     Map output bytes=444493142
14/11/27 23:03:30 INFO mapred.JobClient:     Combine input records=603271
14/11/27 23:03:30 INFO mapred.JobClient:     Map output records=603271
14/11/27 23:03:30 INFO mapred.JobClient:     Reduce input records=7
14/11/27 23:03:30 INFO input.FileInputFormat: Total input paths to process : 1
14/11/27 23:03:31 INFO mapred.JobClient: Running job: job_201411272248_0011
14/11/27 23:03:32 INFO mapred.JobClient:  map 0% reduce 0%
14/11/27 23:03:43 INFO mapred.JobClient:  map 100% reduce 0%
14/11/27 23:03:55 INFO mapred.JobClient:  map 100% reduce 100%
14/11/27 23:03:57 INFO mapred.JobClient: Job complete: job_201411272248_0011
14/11/27 23:03:57 INFO mapred.JobClient: Counters: 17
14/11/27 23:03:57 INFO mapred.JobClient:   Job Counters 
14/11/27 23:03:57 INFO mapred.JobClient:     Launched reduce tasks=1
14/11/27 23:03:57 INFO mapred.JobClient:     Launched map tasks=1
14/11/27 23:03:57 INFO mapred.JobClient:     Data-local map tasks=1
14/11/27 23:03:57 INFO mapred.JobClient:   FileSystemCounters
14/11/27 23:03:57 INFO mapred.JobClient:     FILE_BYTES_READ=513505
14/11/27 23:03:57 INFO mapred.JobClient:     HDFS_BYTES_READ=1963443
14/11/27 23:03:57 INFO mapred.JobClient:     FILE_BYTES_WRITTEN=1027034
14/11/27 23:03:57 INFO mapred.JobClient:     HDFS_BYTES_WRITTEN=1183969
14/11/27 23:03:57 INFO mapred.JobClient:   Map-Reduce Framework
14/11/27 23:03:57 INFO mapred.JobClient:     Reduce input groups=0
14/11/27 23:03:57 INFO mapred.JobClient:     Combine output records=2
14/11/27 23:03:57 INFO mapred.JobClient:     Map input records=2
14/11/27 23:03:57 INFO mapred.JobClient:     Reduce shuffle bytes=0
14/11/27 23:03:57 INFO mapred.JobClient:     Reduce output records=0
14/11/27 23:03:57 INFO mapred.JobClient:     Spilled Records=4
14/11/27 23:03:57 INFO mapred.JobClient:     Map output bytes=1183843
14/11/27 23:03:57 INFO mapred.JobClient:     Combine input records=2
14/11/27 23:03:57 INFO mapred.JobClient:     Map output records=2
14/11/27 23:03:57 INFO mapred.JobClient:     Reduce input records=2
14/11/27 23:03:57 INFO driver.MahoutDriver: Program took 100118 ms (Minutes: 1.6686333333333334)
---------See what's in HDFS ------
Found 3 items
drwxr-xr-x   - biplapsa supergroup          0 2014-11-27 22:59 /data
drwxr-xr-x   - biplapsa supergroup          0 2014-11-27 22:48 /scratch
drwxr-xr-x   - biplapsa supergroup          0 2014-11-27 23:02 /user
-------To test the classifier is working properly on training set ---
CLASSPATH with MAHOUT=:/util/mahout/mahout-distribution-0.8/src/conf
MAHOUT_LOCAL is not set; adding HADOOP_CONF_DIR to classpath.
CLASSPATH with HADOOP=:/util/mahout/mahout-distribution-0.8/src/conf:/ifs/user/biplapsa/project/mahout/pos_service/config
CLASSPATH with JAVA=:/util/mahout/mahout-distribution-0.8/src/conf:/ifs/user/biplapsa/project/mahout/pos_service/config:/util/java/jdk1.6.0_22//lib/tools.jar
Running on hadoop, using /util/hadoop/hadoop-0.20.1/bin/hadoop and HADOOP_CONF_DIR=/ifs/user/biplapsa/project/mahout/pos_service/config
MAHOUT-JOB: /util/mahout/mahout-distribution-0.8/examples/target/mahout-examples-0.8-job.jar
14/11/27 23:04:03 WARN driver.MahoutDriver: No testnb.props found on classpath, will use command-line arguments only
14/11/27 23:04:03 INFO common.AbstractJob: Command line arguments: {--endPhase=[2147483647], --input=[/data/train-vectors], --labelIndex=[labelindex], --model=[model], --output=[/data/sentiments-testing], --overwrite=null, --startPhase=[0], --tempDir=[temp], --testComplementary=null}
14/11/27 23:04:04 INFO input.FileInputFormat: Total input paths to process : 1
14/11/27 23:04:05 INFO mapred.JobClient: Running job: job_201411272248_0012
14/11/27 23:04:06 INFO mapred.JobClient:  map 0% reduce 0%
14/11/27 23:04:23 INFO mapred.JobClient:  map 24% reduce 0%
14/11/27 23:04:26 INFO mapred.JobClient:  map 53% reduce 0%
14/11/27 23:04:29 INFO mapred.JobClient:  map 61% reduce 0%
14/11/27 23:04:32 INFO mapred.JobClient:  map 87% reduce 0%
14/11/27 23:04:35 INFO mapred.JobClient:  map 100% reduce 0%
14/11/27 23:04:37 INFO mapred.JobClient: Job complete: job_201411272248_0012
14/11/27 23:04:37 INFO mapred.JobClient: Counters: 8
14/11/27 23:04:37 INFO mapred.JobClient:   Job Counters 
14/11/27 23:04:37 INFO mapred.JobClient:     Rack-local map tasks=2
14/11/27 23:04:37 INFO mapred.JobClient:     Launched map tasks=3
14/11/27 23:04:37 INFO mapred.JobClient:     Data-local map tasks=1
14/11/27 23:04:37 INFO mapred.JobClient:   FileSystemCounters
14/11/27 23:04:37 INFO mapred.JobClient:     FILE_BYTES_READ=9515253
14/11/27 23:04:37 INFO mapred.JobClient:     HDFS_BYTES_READ=399301113
14/11/27 23:04:37 INFO mapred.JobClient:     HDFS_BYTES_WRITTEN=27963299
14/11/27 23:04:37 INFO mapred.JobClient:   Map-Reduce Framework
14/11/27 23:04:37 INFO mapred.JobClient:     Map input records=603271
14/11/27 23:04:37 INFO mapred.JobClient:     Spilled Records=0
14/11/27 23:04:42 INFO test.TestNaiveBayesDriver: Complementary Results: 
=======================================================
Summary
-------------------------------------------------------
Correctly Classified Instances          :     427636	   70.8862%
Incorrectly Classified Instances        :     175635	   29.1138%
Total Classified Instances              :     603271

=======================================================
Confusion Matrix
-------------------------------------------------------
a    	b    	<--Classified as
289215	147879	 |  437094	a     = Not_Positive_Service
27756	138421	 |  166177	b     = Positive_Service

=======================================================
Statistics
-------------------------------------------------------
Kappa                                      -0.3838
Accuracy                                   70.8862%
Reliability                                49.8217%
Reliability (standard deviation)            0.4399

14/11/27 23:04:42 INFO driver.MahoutDriver: Program took 39203 ms (Minutes: 0.6533833333333333)
------- To test the classifier is working properly on testing set ---
CLASSPATH with MAHOUT=:/util/mahout/mahout-distribution-0.8/src/conf
MAHOUT_LOCAL is not set; adding HADOOP_CONF_DIR to classpath.
CLASSPATH with HADOOP=:/util/mahout/mahout-distribution-0.8/src/conf:/ifs/user/biplapsa/project/mahout/pos_service/config
CLASSPATH with JAVA=:/util/mahout/mahout-distribution-0.8/src/conf:/ifs/user/biplapsa/project/mahout/pos_service/config:/util/java/jdk1.6.0_22//lib/tools.jar
Running on hadoop, using /util/hadoop/hadoop-0.20.1/bin/hadoop and HADOOP_CONF_DIR=/ifs/user/biplapsa/project/mahout/pos_service/config
MAHOUT-JOB: /util/mahout/mahout-distribution-0.8/examples/target/mahout-examples-0.8-job.jar
14/11/27 23:04:47 WARN driver.MahoutDriver: No testnb.props found on classpath, will use command-line arguments only
14/11/27 23:04:47 INFO common.AbstractJob: Command line arguments: {--endPhase=[2147483647], --input=[/data/test-vectors], --labelIndex=[labelindex], --model=[model], --output=[sentiments-testing], --overwrite=null, --startPhase=[0], --tempDir=[temp], --testComplementary=null}
14/11/27 23:04:48 INFO input.FileInputFormat: Total input paths to process : 1
14/11/27 23:04:49 INFO mapred.JobClient: Running job: job_201411272248_0013
14/11/27 23:04:50 INFO mapred.JobClient:  map 0% reduce 0%
14/11/27 23:05:08 INFO mapred.JobClient:  map 50% reduce 0%
14/11/27 23:05:14 INFO mapred.JobClient:  map 100% reduce 0%
14/11/27 23:05:16 INFO mapred.JobClient: Job complete: job_201411272248_0013
14/11/27 23:05:16 INFO mapred.JobClient: Counters: 7
14/11/27 23:05:16 INFO mapred.JobClient:   Job Counters 
14/11/27 23:05:16 INFO mapred.JobClient:     Launched map tasks=1
14/11/27 23:05:16 INFO mapred.JobClient:     Data-local map tasks=1
14/11/27 23:05:16 INFO mapred.JobClient:   FileSystemCounters
14/11/27 23:05:16 INFO mapred.JobClient:     FILE_BYTES_READ=3171751
14/11/27 23:05:16 INFO mapred.JobClient:     HDFS_BYTES_READ=99842532
14/11/27 23:05:16 INFO mapred.JobClient:     HDFS_BYTES_WRITTEN=7013070
14/11/27 23:05:16 INFO mapred.JobClient:   Map-Reduce Framework
14/11/27 23:05:16 INFO mapred.JobClient:     Map input records=151280
14/11/27 23:05:16 INFO mapred.JobClient:     Spilled Records=0
14/11/27 23:05:18 INFO test.TestNaiveBayesDriver: Complementary Results: 
=======================================================
Summary
-------------------------------------------------------
Correctly Classified Instances          :     100430	   66.3868%
Incorrectly Classified Instances        :      50850	   33.6132%
Total Classified Instances              :     151280

=======================================================
Confusion Matrix
-------------------------------------------------------
a    	b    	<--Classified as
69146	40659	 |  109805	a     = Not_Positive_Service
10191	31284	 |  41475 	b     = Positive_Service

=======================================================
Statistics
-------------------------------------------------------
Kappa                                      -0.3402
Accuracy                                   66.3868%
Reliability                                46.1334%
Reliability (standard deviation)            0.4044

14/11/27 23:05:18 INFO driver.MahoutDriver: Program took 30525 ms (Minutes: 0.50875)
stop jobtracker (mapred)
stopping jobtracker
d07n33s01: stopping tasktracker
d07n33s02: stopping tasktracker
stop dfs
stopping namenode
d07n33s01: stopping datanode
d07n33s02: stopping datanode
d07n33s01: stopping secondarynamenode
Clean up
Number of Hadoop nodes specified by user: 2
Received 2 nodes from PBS
Clean up node: d07n33s01
rm -rf /scratch/hadoop-biplapsa/data /scratch/hadoop-biplapsa/log
Clean up node: d07n33s02
rm -rf /scratch/hadoop-biplapsa/data /scratch/hadoop-biplapsa/log

