SLURM Environment Variables:
Job ID = 3079138
Job Name = mahout_nb_pos_food
Job Node List = k08n41s[01-02]
Number of Nodes = 2
Tasks per node = 1
CPUs per task = 
/scratch/jobid = /scratch/3079138
Submit Host = k07n14
Submit Directory = /ifs/user/biplapsa/project/mahout/pos_food


Currently Loaded Modulefiles:
  1) null                          4) hadoop/0.20.1
  2) modules                       5) myhadoop/0.2a/hadoop-0.20.1
  3) java/j2sdk/1.6.0_22           6) mahout/0.8
MY_HADOOP_HOME=/util/myhadoop/myHadoop-0.2a
HADOOP_HOME=/util/hadoop/hadoop-0.20.1
MAHOUT_HOME=/util/mahout/mahout-distribution-0.8
MyHadoop config directory=/ifs/user/biplapsa/project/mahout/pos_food/config
Set up the configurations for myHadoop
Number of nodes in nodelist=2
Number of Hadoop nodes requested: 2
Generation Hadoop configuration in directory: /ifs/user/biplapsa/project/mahout/pos_food/config
Not persisting HDFS state
Received 2 nodes from PBS
Master is: k08n41s01
Configuring node: k08n41s01
rm -rf /scratch/hadoop-biplapsa/log; mkdir -p /scratch/hadoop-biplapsa/log
rm -rf /scratch/hadoop-biplapsa/data; mkdir -p /scratch/hadoop-biplapsa/data
Configuring node: k08n41s02
rm -rf /scratch/hadoop-biplapsa/log; mkdir -p /scratch/hadoop-biplapsa/log
rm -rf /scratch/hadoop-biplapsa/data; mkdir -p /scratch/hadoop-biplapsa/data

Format HDFS
14/11/27 18:44:12 INFO namenode.NameNode: STARTUP_MSG: 
/************************************************************
STARTUP_MSG: Starting NameNode
STARTUP_MSG:   host = k08n41s01/10.111.8.41
STARTUP_MSG:   args = [-format]
STARTUP_MSG:   version = 0.20.1
STARTUP_MSG:   build = http://svn.apache.org/repos/asf/hadoop/common/tags/release-0.20.1-rc1 -r 810220; compiled by 'oom' on Tue Sep  1 20:55:56 UTC 2009
************************************************************/
14/11/27 18:44:12 INFO namenode.FSNamesystem: fsOwner=biplapsa,cse722f14,u2,cse603f14
14/11/27 18:44:12 INFO namenode.FSNamesystem: supergroup=supergroup
14/11/27 18:44:12 INFO namenode.FSNamesystem: isPermissionEnabled=true
14/11/27 18:44:12 INFO common.Storage: Image file of size 98 saved in 0 seconds.
14/11/27 18:44:12 INFO common.Storage: Storage directory /scratch/hadoop-biplapsa/data/dfs/name has been successfully formatted.
14/11/27 18:44:12 INFO namenode.NameNode: SHUTDOWN_MSG: 
/************************************************************
SHUTDOWN_MSG: Shutting down NameNode at k08n41s01/10.111.8.41
************************************************************/

start dfs
starting namenode, logging to /scratch/hadoop-biplapsa/log/hadoop-biplapsa_k08n41s01-namenode-k08n41s01.out
k08n41s02: starting datanode, logging to /scratch/hadoop-biplapsa/log/hadoop-biplapsa_k08n41s02-datanode-k08n41s02.out
k08n41s01: starting datanode, logging to /scratch/hadoop-biplapsa/log/hadoop-biplapsa_k08n41s01-datanode-k08n41s01.out
k08n41s01: starting secondarynamenode, logging to /scratch/hadoop-biplapsa/log/hadoop-biplapsa_k08n41s01-secondarynamenode-k08n41s01.out

start jobtracker (mapred)
starting jobtracker, logging to /scratch/hadoop-biplapsa/log/hadoop-biplapsa_k08n41s01-jobtracker-k08n41s01.out
k08n41s01: starting tasktracker, logging to /scratch/hadoop-biplapsa/log/hadoop-biplapsa_k08n41s01-tasktracker-k08n41s01.out
k08n41s02: starting tasktracker, logging to /scratch/hadoop-biplapsa/log/hadoop-biplapsa_k08n41s02-tasktracker-k08n41s02.out

------- make directory ----
------- copy training data to dfs---
------- list files in dfs---
Found 1 items
drwxr-xr-x   - biplapsa supergroup          0 2014-11-27 18:44 /data/sentiments-seq
-------Using mahout to transform the training data into vectors using tfidf weights ---
CLASSPATH with MAHOUT=:/util/mahout/mahout-distribution-0.8/src/conf
MAHOUT_LOCAL is not set; adding HADOOP_CONF_DIR to classpath.
CLASSPATH with HADOOP=:/util/mahout/mahout-distribution-0.8/src/conf:/ifs/user/biplapsa/project/mahout/pos_food/config
CLASSPATH with JAVA=:/util/mahout/mahout-distribution-0.8/src/conf:/ifs/user/biplapsa/project/mahout/pos_food/config:/util/java/jdk1.6.0_22//lib/tools.jar
Running on hadoop, using /util/hadoop/hadoop-0.20.1/bin/hadoop and HADOOP_CONF_DIR=/ifs/user/biplapsa/project/mahout/pos_food/config
MAHOUT-JOB: /util/mahout/mahout-distribution-0.8/examples/target/mahout-examples-0.8-job.jar
14/11/27 18:45:16 INFO vectorizer.SparseVectorsFromSequenceFiles: Maximum n-gram size is: 1
14/11/27 18:45:16 INFO vectorizer.SparseVectorsFromSequenceFiles: Minimum LLR value: 1.0
14/11/27 18:45:16 INFO vectorizer.SparseVectorsFromSequenceFiles: Number of reduce tasks: 1
14/11/27 18:45:16 INFO vectorizer.SparseVectorsFromSequenceFiles: Tokenizing documents in /data/sentiments-seq
14/11/27 18:45:16 INFO input.FileInputFormat: Total input paths to process : 1
14/11/27 18:45:17 INFO mapred.JobClient: Running job: job_201411271844_0001
14/11/27 18:45:18 INFO mapred.JobClient:  map 0% reduce 0%
14/11/27 18:45:34 INFO mapred.JobClient:  map 24% reduce 0%
14/11/27 18:45:37 INFO mapred.JobClient:  map 39% reduce 0%
14/11/27 18:45:39 INFO mapred.JobClient:  map 68% reduce 0%
14/11/27 18:45:42 INFO mapred.JobClient:  map 73% reduce 0%
14/11/27 18:45:43 INFO mapred.JobClient:  map 94% reduce 0%
14/11/27 18:45:48 INFO mapred.JobClient:  map 100% reduce 0%
14/11/27 18:45:50 INFO mapred.JobClient: Job complete: job_201411271844_0001
14/11/27 18:45:50 INFO mapred.JobClient: Counters: 7
14/11/27 18:45:50 INFO mapred.JobClient:   Job Counters 
14/11/27 18:45:50 INFO mapred.JobClient:     Rack-local map tasks=3
14/11/27 18:45:50 INFO mapred.JobClient:     Launched map tasks=5
14/11/27 18:45:50 INFO mapred.JobClient:     Data-local map tasks=2
14/11/27 18:45:50 INFO mapred.JobClient:   FileSystemCounters
14/11/27 18:45:50 INFO mapred.JobClient:     HDFS_BYTES_READ=566314577
14/11/27 18:45:50 INFO mapred.JobClient:     HDFS_BYTES_WRITTEN=442448484
14/11/27 18:45:50 INFO mapred.JobClient:   Map-Reduce Framework
14/11/27 18:45:50 INFO mapred.JobClient:     Map input records=754618
14/11/27 18:45:50 INFO mapred.JobClient:     Spilled Records=0
14/11/27 18:45:50 INFO vectorizer.SparseVectorsFromSequenceFiles: Creating Term Frequency Vectors
14/11/27 18:45:50 INFO vectorizer.DictionaryVectorizer: Creating dictionary from /data/sentiments-vectors/tokenized-documents and saving at /data/sentiments-vectors/wordcount
14/11/27 18:45:50 INFO input.FileInputFormat: Total input paths to process : 5
14/11/27 18:45:51 INFO mapred.JobClient: Running job: job_201411271844_0002
14/11/27 18:45:52 INFO mapred.JobClient:  map 0% reduce 0%
14/11/27 18:46:10 INFO mapred.JobClient:  map 29% reduce 0%
14/11/27 18:46:13 INFO mapred.JobClient:  map 43% reduce 0%
14/11/27 18:46:16 INFO mapred.JobClient:  map 54% reduce 0%
14/11/27 18:46:19 INFO mapred.JobClient:  map 64% reduce 6%
14/11/27 18:46:22 INFO mapred.JobClient:  map 75% reduce 6%
14/11/27 18:46:25 INFO mapred.JobClient:  map 85% reduce 6%
14/11/27 18:46:28 INFO mapred.JobClient:  map 96% reduce 6%
14/11/27 18:46:31 INFO mapred.JobClient:  map 100% reduce 6%
14/11/27 18:46:34 INFO mapred.JobClient:  map 100% reduce 20%
14/11/27 18:46:43 INFO mapred.JobClient:  map 100% reduce 100%
14/11/27 18:46:45 INFO mapred.JobClient: Job complete: job_201411271844_0002
14/11/27 18:46:45 INFO mapred.JobClient: Counters: 18
14/11/27 18:46:45 INFO mapred.JobClient:   Job Counters 
14/11/27 18:46:45 INFO mapred.JobClient:     Launched reduce tasks=1
14/11/27 18:46:45 INFO mapred.JobClient:     Rack-local map tasks=1
14/11/27 18:46:45 INFO mapred.JobClient:     Launched map tasks=5
14/11/27 18:46:45 INFO mapred.JobClient:     Data-local map tasks=4
14/11/27 18:46:45 INFO mapred.JobClient:   FileSystemCounters
14/11/27 18:46:45 INFO mapred.JobClient:     FILE_BYTES_READ=116157923
14/11/27 18:46:45 INFO mapred.JobClient:     HDFS_BYTES_READ=442448484
14/11/27 18:46:45 INFO mapred.JobClient:     FILE_BYTES_WRITTEN=125078773
14/11/27 18:46:45 INFO mapred.JobClient:     HDFS_BYTES_WRITTEN=2748364
14/11/27 18:46:45 INFO mapred.JobClient:   Map-Reduce Framework
14/11/27 18:46:45 INFO mapred.JobClient:     Reduce input groups=0
14/11/27 18:46:45 INFO mapred.JobClient:     Combine output records=3777912
14/11/27 18:46:45 INFO mapred.JobClient:     Map input records=754618
14/11/27 18:46:45 INFO mapred.JobClient:     Reduce shuffle bytes=6930432
14/11/27 18:46:45 INFO mapred.JobClient:     Reduce output records=0
14/11/27 18:46:45 INFO mapred.JobClient:     Spilled Records=6990842
14/11/27 18:46:45 INFO mapred.JobClient:     Map output bytes=717656138
14/11/27 18:46:45 INFO mapred.JobClient:     Combine input records=53849514
14/11/27 18:46:45 INFO mapred.JobClient:     Map output records=50551543
14/11/27 18:46:45 INFO mapred.JobClient:     Reduce input records=479941
14/11/27 18:46:46 INFO input.FileInputFormat: Total input paths to process : 5
14/11/27 18:46:47 INFO mapred.JobClient: Running job: job_201411271844_0003
14/11/27 18:46:48 INFO mapred.JobClient:  map 0% reduce 0%
14/11/27 18:47:01 INFO mapred.JobClient:  map 20% reduce 0%
14/11/27 18:47:04 INFO mapred.JobClient:  map 43% reduce 0%
14/11/27 18:47:07 INFO mapred.JobClient:  map 57% reduce 0%
14/11/27 18:47:08 INFO mapred.JobClient:  map 81% reduce 0%
14/11/27 18:47:10 INFO mapred.JobClient:  map 83% reduce 6%
14/11/27 18:47:11 INFO mapred.JobClient:  map 100% reduce 6%
14/11/27 18:47:19 INFO mapred.JobClient:  map 100% reduce 20%
14/11/27 18:47:25 INFO mapred.JobClient:  map 100% reduce 33%
14/11/27 18:47:28 INFO mapred.JobClient:  map 100% reduce 67%
14/11/27 18:47:31 INFO mapred.JobClient:  map 100% reduce 70%
14/11/27 18:47:34 INFO mapred.JobClient:  map 100% reduce 72%
14/11/27 18:47:37 INFO mapred.JobClient:  map 100% reduce 74%
14/11/27 18:47:40 INFO mapred.JobClient:  map 100% reduce 77%
14/11/27 18:47:43 INFO mapred.JobClient:  map 100% reduce 79%
14/11/27 18:47:46 INFO mapred.JobClient:  map 100% reduce 81%
14/11/27 18:47:49 INFO mapred.JobClient:  map 100% reduce 84%
14/11/27 18:47:52 INFO mapred.JobClient:  map 100% reduce 86%
14/11/27 18:47:55 INFO mapred.JobClient:  map 100% reduce 88%
14/11/27 18:47:57 INFO mapred.JobClient:  map 100% reduce 90%
14/11/27 18:48:00 INFO mapred.JobClient:  map 100% reduce 93%
14/11/27 18:48:03 INFO mapred.JobClient:  map 100% reduce 95%
14/11/27 18:48:06 INFO mapred.JobClient:  map 100% reduce 97%
14/11/27 18:48:12 INFO mapred.JobClient:  map 100% reduce 100%
14/11/27 18:48:14 INFO mapred.JobClient: Job complete: job_201411271844_0003
14/11/27 18:48:14 INFO mapred.JobClient: Counters: 19
14/11/27 18:48:14 INFO mapred.JobClient:   Job Counters 
14/11/27 18:48:14 INFO mapred.JobClient:     Launched reduce tasks=1
14/11/27 18:48:14 INFO mapred.JobClient:     Rack-local map tasks=1
14/11/27 18:48:14 INFO mapred.JobClient:     Launched map tasks=5
14/11/27 18:48:14 INFO mapred.JobClient:     Data-local map tasks=4
14/11/27 18:48:14 INFO mapred.JobClient:   TFPartialVectorReducer
14/11/27 18:48:14 INFO mapred.JobClient:     emptyVectorCount=67
14/11/27 18:48:14 INFO mapred.JobClient:   FileSystemCounters
14/11/27 18:48:14 INFO mapred.JobClient:     FILE_BYTES_READ=850695911
14/11/27 18:48:14 INFO mapred.JobClient:     HDFS_BYTES_READ=442448484
14/11/27 18:48:14 INFO mapred.JobClient:     FILE_BYTES_WRITTEN=1283883050
14/11/27 18:48:14 INFO mapred.JobClient:     HDFS_BYTES_WRITTEN=610482049
14/11/27 18:48:14 INFO mapred.JobClient:   Map-Reduce Framework
14/11/27 18:48:14 INFO mapred.JobClient:     Reduce input groups=0
14/11/27 18:48:14 INFO mapred.JobClient:     Combine output records=0
14/11/27 18:48:14 INFO mapred.JobClient:     Map input records=754618
14/11/27 18:48:14 INFO mapred.JobClient:     Reduce shuffle bytes=332385808
14/11/27 18:48:14 INFO mapred.JobClient:     Reduce output records=0
14/11/27 18:48:14 INFO mapred.JobClient:     Spilled Records=2224488
14/11/27 18:48:14 INFO mapred.JobClient:     Map output bytes=432844895
14/11/27 18:48:14 INFO mapred.JobClient:     Combine input records=0
14/11/27 18:48:14 INFO mapred.JobClient:     Map output records=754618
14/11/27 18:48:14 INFO mapred.JobClient:     Reduce input records=754618
14/11/27 18:48:15 INFO input.FileInputFormat: Total input paths to process : 1
14/11/27 18:48:15 INFO mapred.JobClient: Running job: job_201411271844_0004
14/11/27 18:48:16 INFO mapred.JobClient:  map 0% reduce 0%
14/11/27 18:48:34 INFO mapred.JobClient:  map 64% reduce 0%
14/11/27 18:48:37 INFO mapred.JobClient:  map 94% reduce 0%
14/11/27 18:48:40 INFO mapred.JobClient:  map 100% reduce 0%
14/11/27 18:48:43 INFO mapred.JobClient:  map 100% reduce 6%
14/11/27 18:48:46 INFO mapred.JobClient:  map 100% reduce 26%
14/11/27 18:48:49 INFO mapred.JobClient:  map 100% reduce 66%
14/11/27 18:48:52 INFO mapred.JobClient:  map 100% reduce 70%
14/11/27 18:48:55 INFO mapred.JobClient:  map 100% reduce 74%
14/11/27 18:48:58 INFO mapred.JobClient:  map 100% reduce 77%
14/11/27 18:49:01 INFO mapred.JobClient:  map 100% reduce 81%
14/11/27 18:49:04 INFO mapred.JobClient:  map 100% reduce 84%
14/11/27 18:49:07 INFO mapred.JobClient:  map 100% reduce 88%
14/11/27 18:49:10 INFO mapred.JobClient:  map 100% reduce 92%
14/11/27 18:49:13 INFO mapred.JobClient:  map 100% reduce 95%
14/11/27 18:49:19 INFO mapred.JobClient:  map 100% reduce 100%
14/11/27 18:49:21 INFO mapred.JobClient: Job complete: job_201411271844_0004
14/11/27 18:49:21 INFO mapred.JobClient: Counters: 18
14/11/27 18:49:21 INFO mapred.JobClient:   Job Counters 
14/11/27 18:49:21 INFO mapred.JobClient:     Launched reduce tasks=1
14/11/27 18:49:21 INFO mapred.JobClient:     Rack-local map tasks=2
14/11/27 18:49:21 INFO mapred.JobClient:     Launched map tasks=5
14/11/27 18:49:21 INFO mapred.JobClient:     Data-local map tasks=3
14/11/27 18:49:21 INFO mapred.JobClient:   FileSystemCounters
14/11/27 18:49:21 INFO mapred.JobClient:     FILE_BYTES_READ=1132587098
14/11/27 18:49:21 INFO mapred.JobClient:     HDFS_BYTES_READ=610492970
14/11/27 18:49:21 INFO mapred.JobClient:     FILE_BYTES_WRITTEN=1735212205
14/11/27 18:49:21 INFO mapred.JobClient:     HDFS_BYTES_WRITTEN=610482049
14/11/27 18:49:21 INFO mapred.JobClient:   Map-Reduce Framework
14/11/27 18:49:21 INFO mapred.JobClient:     Reduce input groups=0
14/11/27 18:49:21 INFO mapred.JobClient:     Combine output records=0
14/11/27 18:49:21 INFO mapred.JobClient:     Map input records=754551
14/11/27 18:49:21 INFO mapred.JobClient:     Reduce shuffle bytes=470142030
14/11/27 18:49:21 INFO mapred.JobClient:     Reduce output records=0
14/11/27 18:49:21 INFO mapred.JobClient:     Spilled Records=2172635
14/11/27 18:49:21 INFO mapred.JobClient:     Map output bytes=599782991
14/11/27 18:49:21 INFO mapred.JobClient:     Combine input records=0
14/11/27 18:49:21 INFO mapred.JobClient:     Map output records=754551
14/11/27 18:49:21 INFO mapred.JobClient:     Reduce input records=754551
14/11/27 18:49:21 INFO common.HadoopUtil: Deleting /data/sentiments-vectors/partial-vectors-0
14/11/27 18:49:21 INFO vectorizer.SparseVectorsFromSequenceFiles: Calculating IDF
14/11/27 18:49:22 INFO input.FileInputFormat: Total input paths to process : 1
14/11/27 18:49:22 INFO mapred.JobClient: Running job: job_201411271844_0005
14/11/27 18:49:23 INFO mapred.JobClient:  map 0% reduce 0%
14/11/27 18:49:39 INFO mapred.JobClient:  map 18% reduce 0%
14/11/27 18:49:42 INFO mapred.JobClient:  map 29% reduce 0%
14/11/27 18:49:44 INFO mapred.JobClient:  map 47% reduce 0%
14/11/27 18:49:45 INFO mapred.JobClient:  map 58% reduce 0%
14/11/27 18:49:47 INFO mapred.JobClient:  map 70% reduce 0%
14/11/27 18:49:48 INFO mapred.JobClient:  map 80% reduce 0%
14/11/27 18:49:50 INFO mapred.JobClient:  map 84% reduce 0%
14/11/27 18:49:51 INFO mapred.JobClient:  map 93% reduce 0%
14/11/27 18:49:53 INFO mapred.JobClient:  map 97% reduce 0%
14/11/27 18:49:56 INFO mapred.JobClient:  map 100% reduce 6%
14/11/27 18:50:05 INFO mapred.JobClient:  map 100% reduce 100%
14/11/27 18:50:07 INFO mapred.JobClient: Job complete: job_201411271844_0005
14/11/27 18:50:07 INFO mapred.JobClient: Counters: 18
14/11/27 18:50:07 INFO mapred.JobClient:   Job Counters 
14/11/27 18:50:07 INFO mapred.JobClient:     Launched reduce tasks=1
14/11/27 18:50:07 INFO mapred.JobClient:     Rack-local map tasks=3
14/11/27 18:50:07 INFO mapred.JobClient:     Launched map tasks=5
14/11/27 18:50:07 INFO mapred.JobClient:     Data-local map tasks=2
14/11/27 18:50:07 INFO mapred.JobClient:   FileSystemCounters
14/11/27 18:50:07 INFO mapred.JobClient:     FILE_BYTES_READ=82124688
14/11/27 18:50:07 INFO mapred.JobClient:     HDFS_BYTES_READ=610492970
14/11/27 18:50:07 INFO mapred.JobClient:     FILE_BYTES_WRITTEN=87264306
14/11/27 18:50:07 INFO mapred.JobClient:     HDFS_BYTES_WRITTEN=2247493
14/11/27 18:50:07 INFO mapred.JobClient:   Map-Reduce Framework
14/11/27 18:50:07 INFO mapred.JobClient:     Reduce input groups=0
14/11/27 18:50:07 INFO mapred.JobClient:     Combine output records=3367453
14/11/27 18:50:07 INFO mapred.JobClient:     Map input records=754551
14/11/27 18:50:07 INFO mapred.JobClient:     Reduce shuffle bytes=5139458
14/11/27 18:50:07 INFO mapred.JobClient:     Reduce output records=0
14/11/27 18:50:07 INFO mapred.JobClient:     Spilled Records=6233059
14/11/27 18:50:07 INFO mapred.JobClient:     Map output bytes=614284092
14/11/27 18:50:07 INFO mapred.JobClient:     Combine input records=54190692
14/11/27 18:50:07 INFO mapred.JobClient:     Map output records=51190341
14/11/27 18:50:07 INFO mapred.JobClient:     Reduce input records=367102
14/11/27 18:50:08 INFO vectorizer.SparseVectorsFromSequenceFiles: Pruning
14/11/27 18:50:08 INFO input.FileInputFormat: Total input paths to process : 1
14/11/27 18:50:08 INFO mapred.JobClient: Running job: job_201411271844_0006
14/11/27 18:50:09 INFO mapred.JobClient:  map 0% reduce 0%
14/11/27 18:50:27 INFO mapred.JobClient:  map 44% reduce 0%
14/11/27 18:50:30 INFO mapred.JobClient:  map 45% reduce 0%
14/11/27 18:50:31 INFO mapred.JobClient:  map 80% reduce 0%
14/11/27 18:50:32 INFO mapred.JobClient:  map 94% reduce 0%
14/11/27 18:50:34 INFO mapred.JobClient:  map 95% reduce 0%
14/11/27 18:50:37 INFO mapred.JobClient:  map 100% reduce 0%
14/11/27 18:50:43 INFO mapred.JobClient:  map 100% reduce 6%
14/11/27 18:50:52 INFO mapred.JobClient:  map 100% reduce 26%
14/11/27 18:51:16 INFO mapred.JobClient:  map 100% reduce 33%
14/11/27 18:51:25 INFO mapred.JobClient:  map 100% reduce 68%
14/11/27 18:51:28 INFO mapred.JobClient:  map 100% reduce 72%
14/11/27 18:51:31 INFO mapred.JobClient:  map 100% reduce 76%
14/11/27 18:51:34 INFO mapred.JobClient:  map 100% reduce 80%
14/11/27 18:51:37 INFO mapred.JobClient:  map 100% reduce 84%
14/11/27 18:51:40 INFO mapred.JobClient:  map 100% reduce 88%
14/11/27 18:51:43 INFO mapred.JobClient:  map 100% reduce 92%
14/11/27 18:51:46 INFO mapred.JobClient:  map 100% reduce 96%
14/11/27 18:51:52 INFO mapred.JobClient:  map 100% reduce 100%
14/11/27 18:51:54 INFO mapred.JobClient: Job complete: job_201411271844_0006
14/11/27 18:51:54 INFO mapred.JobClient: Counters: 18
14/11/27 18:51:54 INFO mapred.JobClient:   Job Counters 
14/11/27 18:51:54 INFO mapred.JobClient:     Launched reduce tasks=1
14/11/27 18:51:54 INFO mapred.JobClient:     Rack-local map tasks=2
14/11/27 18:51:54 INFO mapred.JobClient:     Launched map tasks=5
14/11/27 18:51:54 INFO mapred.JobClient:     Data-local map tasks=3
14/11/27 18:51:54 INFO mapred.JobClient:   FileSystemCounters
14/11/27 18:51:54 INFO mapred.JobClient:     FILE_BYTES_READ=307753575
14/11/27 18:51:54 INFO mapred.JobClient:     HDFS_BYTES_READ=610492970
14/11/27 18:51:54 INFO mapred.JobClient:     FILE_BYTES_WRITTEN=467974824
14/11/27 18:51:54 INFO mapred.JobClient:     HDFS_BYTES_WRITTEN=610482049
14/11/27 18:51:54 INFO mapred.JobClient:   Map-Reduce Framework
14/11/27 18:51:54 INFO mapred.JobClient:     Reduce input groups=0
14/11/27 18:51:54 INFO mapred.JobClient:     Combine output records=0
14/11/27 18:51:54 INFO mapred.JobClient:     Map input records=754551
14/11/27 18:51:54 INFO mapred.JobClient:     Reduce shuffle bytes=126911588
14/11/27 18:51:54 INFO mapred.JobClient:     Reduce output records=0
14/11/27 18:51:54 INFO mapred.JobClient:     Spilled Records=2172635
14/11/27 18:51:54 INFO mapred.JobClient:     Map output bytes=599782991
14/11/27 18:51:54 INFO mapred.JobClient:     Combine input records=0
14/11/27 18:51:54 INFO mapred.JobClient:     Map output records=754551
14/11/27 18:51:54 INFO mapred.JobClient:     Reduce input records=754551
14/11/27 18:51:55 INFO input.FileInputFormat: Total input paths to process : 1
14/11/27 18:51:55 INFO mapred.JobClient: Running job: job_201411271844_0007
14/11/27 18:51:56 INFO mapred.JobClient:  map 0% reduce 0%
14/11/27 18:52:13 INFO mapred.JobClient:  map 44% reduce 0%
14/11/27 18:52:14 INFO mapred.JobClient:  map 64% reduce 0%
14/11/27 18:52:16 INFO mapred.JobClient:  map 80% reduce 0%
14/11/27 18:52:17 INFO mapred.JobClient:  map 94% reduce 0%
14/11/27 18:52:20 INFO mapred.JobClient:  map 100% reduce 0%
14/11/27 18:52:23 INFO mapred.JobClient:  map 100% reduce 6%
14/11/27 18:52:26 INFO mapred.JobClient:  map 100% reduce 26%
14/11/27 18:52:29 INFO mapred.JobClient:  map 100% reduce 67%
14/11/27 18:52:32 INFO mapred.JobClient:  map 100% reduce 72%
14/11/27 18:52:35 INFO mapred.JobClient:  map 100% reduce 77%
14/11/27 18:52:38 INFO mapred.JobClient:  map 100% reduce 82%
14/11/27 18:52:41 INFO mapred.JobClient:  map 100% reduce 87%
14/11/27 18:52:44 INFO mapred.JobClient:  map 100% reduce 92%
14/11/27 18:52:50 INFO mapred.JobClient:  map 100% reduce 100%
14/11/27 18:52:52 INFO mapred.JobClient: Job complete: job_201411271844_0007
14/11/27 18:52:52 INFO mapred.JobClient: Counters: 18
14/11/27 18:52:52 INFO mapred.JobClient:   Job Counters 
14/11/27 18:52:52 INFO mapred.JobClient:     Launched reduce tasks=1
14/11/27 18:52:52 INFO mapred.JobClient:     Rack-local map tasks=2
14/11/27 18:52:52 INFO mapred.JobClient:     Launched map tasks=5
14/11/27 18:52:52 INFO mapred.JobClient:     Data-local map tasks=3
14/11/27 18:52:52 INFO mapred.JobClient:   FileSystemCounters
14/11/27 18:52:52 INFO mapred.JobClient:     FILE_BYTES_READ=1132587098
14/11/27 18:52:52 INFO mapred.JobClient:     HDFS_BYTES_READ=610492970
14/11/27 18:52:52 INFO mapred.JobClient:     FILE_BYTES_WRITTEN=1735212205
14/11/27 18:52:52 INFO mapred.JobClient:     HDFS_BYTES_WRITTEN=610482049
14/11/27 18:52:52 INFO mapred.JobClient:   Map-Reduce Framework
14/11/27 18:52:52 INFO mapred.JobClient:     Reduce input groups=0
14/11/27 18:52:52 INFO mapred.JobClient:     Combine output records=0
14/11/27 18:52:52 INFO mapred.JobClient:     Map input records=754551
14/11/27 18:52:52 INFO mapred.JobClient:     Reduce shuffle bytes=470142030
14/11/27 18:52:52 INFO mapred.JobClient:     Reduce output records=0
14/11/27 18:52:52 INFO mapred.JobClient:     Spilled Records=2172635
14/11/27 18:52:52 INFO mapred.JobClient:     Map output bytes=599782991
14/11/27 18:52:52 INFO mapred.JobClient:     Combine input records=0
14/11/27 18:52:52 INFO mapred.JobClient:     Map output records=754551
14/11/27 18:52:52 INFO mapred.JobClient:     Reduce input records=754551
14/11/27 18:52:52 INFO common.HadoopUtil: Deleting /data/sentiments-vectors/tf-vectors-partial
14/11/27 18:52:52 INFO common.HadoopUtil: Deleting /data/sentiments-vectors/tf-vectors-toprune
14/11/27 18:52:53 INFO input.FileInputFormat: Total input paths to process : 1
14/11/27 18:52:53 INFO mapred.JobClient: Running job: job_201411271844_0008
14/11/27 18:52:54 INFO mapred.JobClient:  map 0% reduce 0%
14/11/27 18:53:10 INFO mapred.JobClient:  map 42% reduce 0%
14/11/27 18:53:11 INFO mapred.JobClient:  map 62% reduce 0%
14/11/27 18:53:13 INFO mapred.JobClient:  map 79% reduce 0%
14/11/27 18:53:14 INFO mapred.JobClient:  map 94% reduce 0%
14/11/27 18:53:17 INFO mapred.JobClient:  map 100% reduce 0%
14/11/27 18:53:20 INFO mapred.JobClient:  map 100% reduce 6%
14/11/27 18:53:23 INFO mapred.JobClient:  map 100% reduce 26%
14/11/27 18:53:26 INFO mapred.JobClient:  map 100% reduce 66%
14/11/27 18:53:29 INFO mapred.JobClient:  map 100% reduce 70%
14/11/27 18:53:32 INFO mapred.JobClient:  map 100% reduce 73%
14/11/27 18:53:35 INFO mapred.JobClient:  map 100% reduce 77%
14/11/27 18:53:38 INFO mapred.JobClient:  map 100% reduce 80%
14/11/27 18:53:41 INFO mapred.JobClient:  map 100% reduce 83%
14/11/27 18:53:44 INFO mapred.JobClient:  map 100% reduce 87%
14/11/27 18:53:47 INFO mapred.JobClient:  map 100% reduce 90%
14/11/27 18:53:50 INFO mapred.JobClient:  map 100% reduce 94%
14/11/27 18:53:56 INFO mapred.JobClient:  map 100% reduce 100%
14/11/27 18:53:58 INFO mapred.JobClient: Job complete: job_201411271844_0008
14/11/27 18:53:58 INFO mapred.JobClient: Counters: 18
14/11/27 18:53:58 INFO mapred.JobClient:   Job Counters 
14/11/27 18:53:58 INFO mapred.JobClient:     Launched reduce tasks=1
14/11/27 18:53:58 INFO mapred.JobClient:     Rack-local map tasks=3
14/11/27 18:53:58 INFO mapred.JobClient:     Launched map tasks=5
14/11/27 18:53:58 INFO mapred.JobClient:     Data-local map tasks=2
14/11/27 18:53:58 INFO mapred.JobClient:   FileSystemCounters
14/11/27 18:53:58 INFO mapred.JobClient:     FILE_BYTES_READ=1134852139
14/11/27 18:53:58 INFO mapred.JobClient:     HDFS_BYTES_READ=610492970
14/11/27 18:53:58 INFO mapred.JobClient:     FILE_BYTES_WRITTEN=1735212205
14/11/27 18:53:58 INFO mapred.JobClient:     HDFS_BYTES_WRITTEN=610482049
14/11/27 18:53:58 INFO mapred.JobClient:   Map-Reduce Framework
14/11/27 18:53:58 INFO mapred.JobClient:     Reduce input groups=0
14/11/27 18:53:58 INFO mapred.JobClient:     Combine output records=0
14/11/27 18:53:58 INFO mapred.JobClient:     Map input records=754551
14/11/27 18:53:58 INFO mapred.JobClient:     Reduce shuffle bytes=470142030
14/11/27 18:53:58 INFO mapred.JobClient:     Reduce output records=0
14/11/27 18:53:58 INFO mapred.JobClient:     Spilled Records=2172635
14/11/27 18:53:58 INFO mapred.JobClient:     Map output bytes=599782991
14/11/27 18:53:58 INFO mapred.JobClient:     Combine input records=0
14/11/27 18:53:58 INFO mapred.JobClient:     Map output records=754551
14/11/27 18:53:58 INFO mapred.JobClient:     Reduce input records=754551
14/11/27 18:53:59 INFO input.FileInputFormat: Total input paths to process : 1
14/11/27 18:53:59 INFO mapred.JobClient: Running job: job_201411271844_0009
14/11/27 18:54:00 INFO mapred.JobClient:  map 0% reduce 0%
14/11/27 18:54:16 INFO mapred.JobClient:  map 43% reduce 0%
14/11/27 18:54:17 INFO mapred.JobClient:  map 63% reduce 0%
14/11/27 18:54:19 INFO mapred.JobClient:  map 80% reduce 0%
14/11/27 18:54:20 INFO mapred.JobClient:  map 94% reduce 0%
14/11/27 18:54:23 INFO mapred.JobClient:  map 100% reduce 0%
14/11/27 18:54:26 INFO mapred.JobClient:  map 100% reduce 6%
14/11/27 18:54:29 INFO mapred.JobClient:  map 100% reduce 26%
14/11/27 18:54:32 INFO mapred.JobClient:  map 100% reduce 67%
14/11/27 18:54:36 INFO mapred.JobClient:  map 100% reduce 70%
14/11/27 18:54:39 INFO mapred.JobClient:  map 100% reduce 74%
14/11/27 18:54:42 INFO mapred.JobClient:  map 100% reduce 77%
14/11/27 18:54:45 INFO mapred.JobClient:  map 100% reduce 81%
14/11/27 18:54:48 INFO mapred.JobClient:  map 100% reduce 85%
14/11/27 18:54:51 INFO mapred.JobClient:  map 100% reduce 88%
14/11/27 18:54:53 INFO mapred.JobClient:  map 100% reduce 92%
14/11/27 18:54:56 INFO mapred.JobClient:  map 100% reduce 96%
14/11/27 18:55:02 INFO mapred.JobClient:  map 100% reduce 100%
14/11/27 18:55:04 INFO mapred.JobClient: Job complete: job_201411271844_0009
14/11/27 18:55:04 INFO mapred.JobClient: Counters: 18
14/11/27 18:55:04 INFO mapred.JobClient:   Job Counters 
14/11/27 18:55:04 INFO mapred.JobClient:     Launched reduce tasks=1
14/11/27 18:55:04 INFO mapred.JobClient:     Rack-local map tasks=3
14/11/27 18:55:04 INFO mapred.JobClient:     Launched map tasks=5
14/11/27 18:55:04 INFO mapred.JobClient:     Data-local map tasks=2
14/11/27 18:55:04 INFO mapred.JobClient:   FileSystemCounters
14/11/27 18:55:04 INFO mapred.JobClient:     FILE_BYTES_READ=1132587098
14/11/27 18:55:04 INFO mapred.JobClient:     HDFS_BYTES_READ=610492970
14/11/27 18:55:04 INFO mapred.JobClient:     FILE_BYTES_WRITTEN=1735212205
14/11/27 18:55:04 INFO mapred.JobClient:     HDFS_BYTES_WRITTEN=610482049
14/11/27 18:55:04 INFO mapred.JobClient:   Map-Reduce Framework
14/11/27 18:55:04 INFO mapred.JobClient:     Reduce input groups=0
14/11/27 18:55:04 INFO mapred.JobClient:     Combine output records=0
14/11/27 18:55:04 INFO mapred.JobClient:     Map input records=754551
14/11/27 18:55:04 INFO mapred.JobClient:     Reduce shuffle bytes=470142030
14/11/27 18:55:04 INFO mapred.JobClient:     Reduce output records=0
14/11/27 18:55:04 INFO mapred.JobClient:     Spilled Records=2172635
14/11/27 18:55:04 INFO mapred.JobClient:     Map output bytes=599782991
14/11/27 18:55:04 INFO mapred.JobClient:     Combine input records=0
14/11/27 18:55:04 INFO mapred.JobClient:     Map output records=754551
14/11/27 18:55:04 INFO mapred.JobClient:     Reduce input records=754551
14/11/27 18:55:04 INFO common.HadoopUtil: Deleting /data/sentiments-vectors/partial-vectors-0
14/11/27 18:55:04 INFO driver.MahoutDriver: Program took 588529 ms (Minutes: 9.808816666666667)
-------list directory sentiment-vectors ---
Found 7 items
drwxr-xr-x   - biplapsa supergroup          0 2014-11-27 18:50 /data/sentiments-vectors/df-count
-rw-r--r--   1 biplapsa supergroup    2298935 2014-11-27 18:46 /data/sentiments-vectors/dictionary.file-0
-rw-r--r--   1 biplapsa supergroup    2247473 2014-11-27 18:50 /data/sentiments-vectors/frequency.file-0
drwxr-xr-x   - biplapsa supergroup          0 2014-11-27 18:52 /data/sentiments-vectors/tf-vectors
drwxr-xr-x   - biplapsa supergroup          0 2014-11-27 18:55 /data/sentiments-vectors/tfidf-vectors
drwxr-xr-x   - biplapsa supergroup          0 2014-11-27 18:45 /data/sentiments-vectors/tokenized-documents
drwxr-xr-x   - biplapsa supergroup          0 2014-11-27 18:46 /data/sentiments-vectors/wordcount
 ------Using mahout to splits the sets into two sets: traing and testing sets ---
CLASSPATH with MAHOUT=:/util/mahout/mahout-distribution-0.8/src/conf
MAHOUT_LOCAL is not set; adding HADOOP_CONF_DIR to classpath.
CLASSPATH with HADOOP=:/util/mahout/mahout-distribution-0.8/src/conf:/ifs/user/biplapsa/project/mahout/pos_food/config
CLASSPATH with JAVA=:/util/mahout/mahout-distribution-0.8/src/conf:/ifs/user/biplapsa/project/mahout/pos_food/config:/util/java/jdk1.6.0_22//lib/tools.jar
Running on hadoop, using /util/hadoop/hadoop-0.20.1/bin/hadoop and HADOOP_CONF_DIR=/ifs/user/biplapsa/project/mahout/pos_food/config
MAHOUT-JOB: /util/mahout/mahout-distribution-0.8/examples/target/mahout-examples-0.8-job.jar
14/11/27 18:55:09 WARN driver.MahoutDriver: No split.props found on classpath, will use command-line arguments only
14/11/27 18:55:09 INFO common.AbstractJob: Command line arguments: {--endPhase=[2147483647], --input=[/data/sentiments-vectors/tfidf-vectors], --method=[sequential], --overwrite=null, --randomSelectionPct=[20], --sequenceFiles=null, --startPhase=[0], --tempDir=[temp], --testOutput=[/data/test-vectors], --trainingOutput=[/data/train-vectors]}
14/11/27 18:55:31 INFO utils.SplitInput: part-r-00000 has 3705706 lines
14/11/27 18:55:31 INFO utils.SplitInput: part-r-00000 test split size is 741141 based on random selection percentage 20
14/11/27 18:55:31 INFO util.NativeCodeLoader: Loaded the native-hadoop library
14/11/27 18:55:31 INFO zlib.ZlibFactory: Successfully loaded & initialized native-zlib library
14/11/27 18:55:31 INFO compress.CodecPool: Got brand-new compressor
14/11/27 18:55:31 INFO compress.CodecPool: Got brand-new compressor
14/11/27 18:57:14 INFO utils.SplitInput: file: part-r-00000, input: 3705706 train: 603334, test: 151217 starting at 0
14/11/27 18:57:14 INFO driver.MahoutDriver: Program took 124896 ms (Minutes: 2.0816)
-------Train the classifier on training set---
CLASSPATH with MAHOUT=:/util/mahout/mahout-distribution-0.8/src/conf
MAHOUT_LOCAL is not set; adding HADOOP_CONF_DIR to classpath.
CLASSPATH with HADOOP=:/util/mahout/mahout-distribution-0.8/src/conf:/ifs/user/biplapsa/project/mahout/pos_food/config
CLASSPATH with JAVA=:/util/mahout/mahout-distribution-0.8/src/conf:/ifs/user/biplapsa/project/mahout/pos_food/config:/util/java/jdk1.6.0_22//lib/tools.jar
Running on hadoop, using /util/hadoop/hadoop-0.20.1/bin/hadoop and HADOOP_CONF_DIR=/ifs/user/biplapsa/project/mahout/pos_food/config
MAHOUT-JOB: /util/mahout/mahout-distribution-0.8/examples/target/mahout-examples-0.8-job.jar
14/11/27 18:57:18 WARN driver.MahoutDriver: No trainnb.props found on classpath, will use command-line arguments only
14/11/27 18:57:18 INFO common.AbstractJob: Command line arguments: {--alphaI=[1.0], --endPhase=[2147483647], --extractLabels=null, --input=[/data/train-vectors], --labelIndex=[labelindex], --output=[model], --overwrite=null, --startPhase=[0], --tempDir=[temp], --trainComplementary=null}
14/11/27 18:57:19 INFO util.NativeCodeLoader: Loaded the native-hadoop library
14/11/27 18:57:19 INFO zlib.ZlibFactory: Successfully loaded & initialized native-zlib library
14/11/27 18:57:19 INFO compress.CodecPool: Got brand-new decompressor
14/11/27 18:57:46 INFO input.FileInputFormat: Total input paths to process : 1
14/11/27 18:57:46 INFO mapred.JobClient: Running job: job_201411271844_0010
14/11/27 18:57:47 INFO mapred.JobClient:  map 0% reduce 0%
14/11/27 18:58:04 INFO mapred.JobClient:  map 25% reduce 0%
14/11/27 18:58:07 INFO mapred.JobClient:  map 40% reduce 0%
14/11/27 18:58:08 INFO mapred.JobClient:  map 53% reduce 0%
14/11/27 18:58:10 INFO mapred.JobClient:  map 67% reduce 0%
14/11/27 18:58:11 INFO mapred.JobClient:  map 75% reduce 0%
14/11/27 18:58:13 INFO mapred.JobClient:  map 87% reduce 0%
14/11/27 18:58:14 INFO mapred.JobClient:  map 95% reduce 0%
14/11/27 18:58:17 INFO mapred.JobClient:  map 100% reduce 0%
14/11/27 18:58:22 INFO mapred.JobClient:  map 100% reduce 22%
14/11/27 18:58:31 INFO mapred.JobClient:  map 100% reduce 100%
14/11/27 18:58:33 INFO mapred.JobClient: Job complete: job_201411271844_0010
14/11/27 18:58:33 INFO mapred.JobClient: Counters: 18
14/11/27 18:58:33 INFO mapred.JobClient:   Job Counters 
14/11/27 18:58:33 INFO mapred.JobClient:     Launched reduce tasks=1
14/11/27 18:58:33 INFO mapred.JobClient:     Rack-local map tasks=1
14/11/27 18:58:33 INFO mapred.JobClient:     Launched map tasks=3
14/11/27 18:58:33 INFO mapred.JobClient:     Data-local map tasks=2
14/11/27 18:58:33 INFO mapred.JobClient:   FileSystemCounters
14/11/27 18:58:33 INFO mapred.JobClient:     FILE_BYTES_READ=4328710
14/11/27 18:58:33 INFO mapred.JobClient:     HDFS_BYTES_READ=396426247
14/11/27 18:58:33 INFO mapred.JobClient:     FILE_BYTES_WRITTEN=6491944
14/11/27 18:58:33 INFO mapred.JobClient:     HDFS_BYTES_WRITTEN=2017746
14/11/27 18:58:33 INFO mapred.JobClient:   Map-Reduce Framework
14/11/27 18:58:33 INFO mapred.JobClient:     Reduce input groups=0
14/11/27 18:58:33 INFO mapred.JobClient:     Combine output records=7
14/11/27 18:58:33 INFO mapred.JobClient:     Map input records=603334
14/11/27 18:58:33 INFO mapred.JobClient:     Reduce shuffle bytes=2163597
14/11/27 18:58:33 INFO mapred.JobClient:     Reduce output records=0
14/11/27 18:58:33 INFO mapred.JobClient:     Spilled Records=21
14/11/27 18:58:33 INFO mapred.JobClient:     Map output bytes=444107981
14/11/27 18:58:33 INFO mapred.JobClient:     Combine input records=603334
14/11/27 18:58:33 INFO mapred.JobClient:     Map output records=603334
14/11/27 18:58:33 INFO mapred.JobClient:     Reduce input records=7
14/11/27 18:58:34 INFO input.FileInputFormat: Total input paths to process : 1
14/11/27 18:58:34 INFO mapred.JobClient: Running job: job_201411271844_0011
14/11/27 18:58:35 INFO mapred.JobClient:  map 0% reduce 0%
14/11/27 18:58:46 INFO mapred.JobClient:  map 100% reduce 0%
14/11/27 18:58:58 INFO mapred.JobClient:  map 100% reduce 100%
14/11/27 18:59:00 INFO mapred.JobClient: Job complete: job_201411271844_0011
14/11/27 18:59:00 INFO mapred.JobClient: Counters: 17
14/11/27 18:59:00 INFO mapred.JobClient:   Job Counters 
14/11/27 18:59:00 INFO mapred.JobClient:     Launched reduce tasks=1
14/11/27 18:59:00 INFO mapred.JobClient:     Launched map tasks=1
14/11/27 18:59:00 INFO mapred.JobClient:     Data-local map tasks=1
14/11/27 18:59:00 INFO mapred.JobClient:   FileSystemCounters
14/11/27 18:59:00 INFO mapred.JobClient:     FILE_BYTES_READ=513043
14/11/27 18:59:00 INFO mapred.JobClient:     HDFS_BYTES_READ=2017746
14/11/27 18:59:00 INFO mapred.JobClient:     FILE_BYTES_WRITTEN=1026110
14/11/27 18:59:00 INFO mapred.JobClient:     HDFS_BYTES_WRITTEN=1182589
14/11/27 18:59:00 INFO mapred.JobClient:   Map-Reduce Framework
14/11/27 18:59:00 INFO mapred.JobClient:     Reduce input groups=0
14/11/27 18:59:00 INFO mapred.JobClient:     Combine output records=2
14/11/27 18:59:00 INFO mapred.JobClient:     Map input records=2
14/11/27 18:59:00 INFO mapred.JobClient:     Reduce shuffle bytes=0
14/11/27 18:59:00 INFO mapred.JobClient:     Reduce output records=0
14/11/27 18:59:00 INFO mapred.JobClient:     Spilled Records=4
14/11/27 18:59:00 INFO mapred.JobClient:     Map output bytes=1182463
14/11/27 18:59:00 INFO mapred.JobClient:     Combine input records=2
14/11/27 18:59:00 INFO mapred.JobClient:     Map output records=2
14/11/27 18:59:00 INFO mapred.JobClient:     Reduce input records=2
14/11/27 18:59:01 INFO driver.MahoutDriver: Program took 102305 ms (Minutes: 1.7050833333333333)
---------See what's in HDFS ------
Found 3 items
drwxr-xr-x   - biplapsa supergroup          0 2014-11-27 18:55 /data
drwxr-xr-x   - biplapsa supergroup          0 2014-11-27 18:44 /scratch
drwxr-xr-x   - biplapsa supergroup          0 2014-11-27 18:57 /user
-------To test the classifier is working properly on training set ---
CLASSPATH with MAHOUT=:/util/mahout/mahout-distribution-0.8/src/conf
MAHOUT_LOCAL is not set; adding HADOOP_CONF_DIR to classpath.
CLASSPATH with HADOOP=:/util/mahout/mahout-distribution-0.8/src/conf:/ifs/user/biplapsa/project/mahout/pos_food/config
CLASSPATH with JAVA=:/util/mahout/mahout-distribution-0.8/src/conf:/ifs/user/biplapsa/project/mahout/pos_food/config:/util/java/jdk1.6.0_22//lib/tools.jar
Running on hadoop, using /util/hadoop/hadoop-0.20.1/bin/hadoop and HADOOP_CONF_DIR=/ifs/user/biplapsa/project/mahout/pos_food/config
MAHOUT-JOB: /util/mahout/mahout-distribution-0.8/examples/target/mahout-examples-0.8-job.jar
14/11/27 18:59:06 WARN driver.MahoutDriver: No testnb.props found on classpath, will use command-line arguments only
14/11/27 18:59:06 INFO common.AbstractJob: Command line arguments: {--endPhase=[2147483647], --input=[/data/train-vectors], --labelIndex=[labelindex], --model=[model], --output=[/data/sentiments-testing], --overwrite=null, --startPhase=[0], --tempDir=[temp], --testComplementary=null}
14/11/27 18:59:07 INFO input.FileInputFormat: Total input paths to process : 1
14/11/27 18:59:08 INFO mapred.JobClient: Running job: job_201411271844_0012
14/11/27 18:59:09 INFO mapred.JobClient:  map 0% reduce 0%
14/11/27 18:59:26 INFO mapred.JobClient:  map 28% reduce 0%
14/11/27 18:59:29 INFO mapred.JobClient:  map 46% reduce 0%
14/11/27 18:59:30 INFO mapred.JobClient:  map 61% reduce 0%
14/11/27 18:59:33 INFO mapred.JobClient:  map 70% reduce 0%
14/11/27 18:59:35 INFO mapred.JobClient:  map 90% reduce 0%
14/11/27 18:59:39 INFO mapred.JobClient:  map 100% reduce 0%
14/11/27 18:59:41 INFO mapred.JobClient: Job complete: job_201411271844_0012
14/11/27 18:59:41 INFO mapred.JobClient: Counters: 8
14/11/27 18:59:41 INFO mapred.JobClient:   Job Counters 
14/11/27 18:59:41 INFO mapred.JobClient:     Rack-local map tasks=1
14/11/27 18:59:41 INFO mapred.JobClient:     Launched map tasks=3
14/11/27 18:59:41 INFO mapred.JobClient:     Data-local map tasks=2
14/11/27 18:59:41 INFO mapred.JobClient:   FileSystemCounters
14/11/27 18:59:41 INFO mapred.JobClient:     FILE_BYTES_READ=9675270
14/11/27 18:59:41 INFO mapred.JobClient:     HDFS_BYTES_READ=396426247
14/11/27 18:59:41 INFO mapred.JobClient:     HDFS_BYTES_WRITTEN=25355026
14/11/27 18:59:41 INFO mapred.JobClient:   Map-Reduce Framework
14/11/27 18:59:41 INFO mapred.JobClient:     Map input records=603334
14/11/27 18:59:41 INFO mapred.JobClient:     Spilled Records=0
14/11/27 18:59:46 INFO test.TestNaiveBayesDriver: Complementary Results: 
=======================================================
Summary
-------------------------------------------------------
Correctly Classified Instances          :     459719	   76.1964%
Incorrectly Classified Instances        :     143615	   23.8036%
Total Classified Instances              :     603334

=======================================================
Confusion Matrix
-------------------------------------------------------
a    	b    	<--Classified as
161171	81738	 |  242909	a     = Not_Positive_Food
61877	298548	 |  360425	b     = Positive_Food

=======================================================
Statistics
-------------------------------------------------------
Kappa                                      -0.4478
Accuracy                                   76.1964%
Reliability                                49.7275%
Reliability (standard deviation)            0.4385

14/11/27 18:59:46 INFO driver.MahoutDriver: Program took 40267 ms (Minutes: 0.6711166666666667)
------- To test the classifier is working properly on testing set ---
CLASSPATH with MAHOUT=:/util/mahout/mahout-distribution-0.8/src/conf
MAHOUT_LOCAL is not set; adding HADOOP_CONF_DIR to classpath.
CLASSPATH with HADOOP=:/util/mahout/mahout-distribution-0.8/src/conf:/ifs/user/biplapsa/project/mahout/pos_food/config
CLASSPATH with JAVA=:/util/mahout/mahout-distribution-0.8/src/conf:/ifs/user/biplapsa/project/mahout/pos_food/config:/util/java/jdk1.6.0_22//lib/tools.jar
Running on hadoop, using /util/hadoop/hadoop-0.20.1/bin/hadoop and HADOOP_CONF_DIR=/ifs/user/biplapsa/project/mahout/pos_food/config
MAHOUT-JOB: /util/mahout/mahout-distribution-0.8/examples/target/mahout-examples-0.8-job.jar
14/11/27 18:59:50 WARN driver.MahoutDriver: No testnb.props found on classpath, will use command-line arguments only
14/11/27 18:59:51 INFO common.AbstractJob: Command line arguments: {--endPhase=[2147483647], --input=[/data/test-vectors], --labelIndex=[labelindex], --model=[model], --output=[sentiments-testing], --overwrite=null, --startPhase=[0], --tempDir=[temp], --testComplementary=null}
14/11/27 18:59:51 INFO input.FileInputFormat: Total input paths to process : 1
14/11/27 18:59:52 INFO mapred.JobClient: Running job: job_201411271844_0013
14/11/27 18:59:53 INFO mapred.JobClient:  map 0% reduce 0%
14/11/27 19:00:09 INFO mapred.JobClient:  map 56% reduce 0%
14/11/27 19:00:15 INFO mapred.JobClient:  map 100% reduce 0%
14/11/27 19:00:17 INFO mapred.JobClient: Job complete: job_201411271844_0013
14/11/27 19:00:17 INFO mapred.JobClient: Counters: 7
14/11/27 19:00:17 INFO mapred.JobClient:   Job Counters 
14/11/27 19:00:17 INFO mapred.JobClient:     Rack-local map tasks=1
14/11/27 19:00:17 INFO mapred.JobClient:     Launched map tasks=1
14/11/27 19:00:17 INFO mapred.JobClient:   FileSystemCounters
14/11/27 19:00:17 INFO mapred.JobClient:     FILE_BYTES_READ=3225090
14/11/27 19:00:17 INFO mapred.JobClient:     HDFS_BYTES_READ=99461067
14/11/27 19:00:17 INFO mapred.JobClient:     HDFS_BYTES_WRITTEN=6355946
14/11/27 19:00:17 INFO mapred.JobClient:   Map-Reduce Framework
14/11/27 19:00:17 INFO mapred.JobClient:     Map input records=151217
14/11/27 19:00:17 INFO mapred.JobClient:     Spilled Records=0
14/11/27 19:00:18 INFO test.TestNaiveBayesDriver: Complementary Results: 
=======================================================
Summary
-------------------------------------------------------
Correctly Classified Instances          :     109701	   72.5454%
Incorrectly Classified Instances        :      41516	   27.4546%
Total Classified Instances              :     151217

=======================================================
Confusion Matrix
-------------------------------------------------------
a    	b    	<--Classified as
37963	23181	 |  61144 	a     = Not_Positive_Food
18335	71738	 |  90073 	b     = Positive_Food

=======================================================
Statistics
-------------------------------------------------------
Kappa                                      -0.4337
Accuracy                                   72.5454%
Reliability                                 47.244%
Reliability (standard deviation)            0.4185

14/11/27 19:00:18 INFO driver.MahoutDriver: Program took 28015 ms (Minutes: 0.46691666666666665)
stop jobtracker (mapred)
stopping jobtracker
k08n41s01: stopping tasktracker
k08n41s02: stopping tasktracker
stop dfs
stopping namenode
k08n41s01: stopping datanode
k08n41s02: stopping datanode
k08n41s01: stopping secondarynamenode
Clean up
Number of Hadoop nodes specified by user: 2
Received 2 nodes from PBS
Clean up node: k08n41s01
rm -rf /scratch/hadoop-biplapsa/data /scratch/hadoop-biplapsa/log
Clean up node: k08n41s02
rm -rf /scratch/hadoop-biplapsa/data /scratch/hadoop-biplapsa/log

